{"environment":"development","level":"info","message":"WebSocket server initialized successfully","service":"aluma-banking-api","timestamp":"2025-11-13 00:38:16"}
{"environment":"development","level":"info","message":"Database connection established","service":"aluma-banking-api","timestamp":"2025-11-13 00:38:24"}
{"environment":"development","level":"info","message":"Initializing background jobs...","service":"aluma-banking-api","timestamp":"2025-11-13 00:38:24"}
{"environment":"development","level":"info","message":"Background jobs initialized successfully","service":"aluma-banking-api","timestamp":"2025-11-13 00:38:24"}
{"environment":"development","level":"info","message":"ðŸš€ Server running on http://0.0.0.0:3000","service":"aluma-banking-api","timestamp":"2025-11-13 00:38:25"}
{"environment":"development","level":"info","message":"ðŸ“Š Environment: development","service":"aluma-banking-api","timestamp":"2025-11-13 00:38:25"}
{"environment":"development","level":"info","message":"ðŸ”Œ WebSocket server initialized","service":"aluma-banking-api","timestamp":"2025-11-13 00:38:25"}
{"environment":"development","level":"info","message":"ðŸ“ API Documentation: http://0.0.0.0:3000/api/v1","service":"aluma-banking-api","timestamp":"2025-11-13 00:38:25"}
{"environment":"development","level":"info","message":"New user registered: barsolomonokpai@gmail.com","service":"aluma-banking-api","timestamp":"2025-11-13 00:42:13"}
{"0":"r","1":"e","2":"a","3":"s","4":"o","5":"n","6":":","environment":"development","level":"error","message":"Unhandled Rejection at:","service":"aluma-banking-api","timestamp":"2025-11-13 00:42:13"}
{"environment":"development","level":"info","message":"Bull queues initialized with Redis","service":"aluma-banking-api","timestamp":"2025-11-13 00:56:46"}
{"environment":"development","level":"info","message":"WebSocket server initialized successfully","service":"aluma-banking-api","timestamp":"2025-11-13 00:57:08"}
{"environment":"development","level":"info","message":"Database connection established","service":"aluma-banking-api","timestamp":"2025-11-13 00:57:12"}
{"environment":"development","level":"info","message":"Initializing background jobs...","service":"aluma-banking-api","timestamp":"2025-11-13 00:57:12"}
{"environment":"development","level":"info","message":"Background jobs initialized successfully","service":"aluma-banking-api","timestamp":"2025-11-13 00:57:12"}
{"environment":"development","level":"info","message":"ðŸš€ Server running on http://0.0.0.0:3000","service":"aluma-banking-api","timestamp":"2025-11-13 00:57:13"}
{"environment":"development","level":"info","message":"ðŸ“Š Environment: development","service":"aluma-banking-api","timestamp":"2025-11-13 00:57:13"}
{"environment":"development","level":"info","message":"ðŸ”Œ WebSocket server initialized","service":"aluma-banking-api","timestamp":"2025-11-13 00:57:13"}
{"environment":"development","level":"info","message":"ðŸ“ API Documentation: http://0.0.0.0:3000/api/v1","service":"aluma-banking-api","timestamp":"2025-11-13 00:57:13"}
{"environment":"development","level":"warn","message":"Email already registered","method":"POST","service":"aluma-banking-api","statusCode":400,"timestamp":"2025-11-13 00:58:38","url":"/api/v1/auth/register"}
{"environment":"development","level":"info","message":"New user registered: daniel.ebunu@gmail.com","service":"aluma-banking-api","timestamp":"2025-11-13 01:10:55"}
{"environment":"development","level":"warn","message":"\"email\" must be a valid email","method":"POST","service":"aluma-banking-api","statusCode":400,"timestamp":"2025-11-13 01:12:11","url":"/api/v1/auth/login"}
{"environment":"development","level":"warn","message":"\"email\" must be a valid email","method":"POST","service":"aluma-banking-api","statusCode":400,"timestamp":"2025-11-13 01:12:24","url":"/api/v1/auth/login"}
{"environment":"development","level":"warn","message":"\"email\" must be a valid email","method":"POST","service":"aluma-banking-api","statusCode":400,"timestamp":"2025-11-13 01:12:34","url":"/api/v1/auth/login"}
{"environment":"development","level":"warn","message":"\"email\" must be a valid email","method":"POST","service":"aluma-banking-api","statusCode":400,"timestamp":"2025-11-13 01:14:40","url":"/api/v1/auth/login"}
{"environment":"development","level":"warn","message":"\"email\" is required","method":"POST","service":"aluma-banking-api","statusCode":400,"timestamp":"2025-11-13 01:27:39","url":"/api/v1/auth/login"}
{"environment":"development","ip":"127.0.0.1","level":"error","message":"generateAccessToken is not a function","method":"POST","service":"aluma-banking-api","stack":"TypeError: generateAccessToken is not a function\n    at C:\\website work\\Aluma\\winnerscoins.com\\aluma-broker-backend\\controllers\\auth.controller.js:161:23\n    at process.processTicksAndRejections (node:internal/process/task_queues:105:5)","timestamp":"2025-11-13 01:29:05","url":"/api/v1/auth/login"}
{"environment":"development","level":"info","message":"Bull queues initialized with Redis","service":"aluma-banking-api","timestamp":"2025-11-13 01:46:30"}
{"environment":"development","level":"info","message":"WebSocket server initialized successfully","service":"aluma-banking-api","timestamp":"2025-11-13 01:46:47"}
{"environment":"development","level":"info","message":"Database connection established","service":"aluma-banking-api","timestamp":"2025-11-13 01:46:50"}
{"environment":"development","level":"info","message":"Initializing background jobs...","service":"aluma-banking-api","timestamp":"2025-11-13 01:46:50"}
{"environment":"development","level":"info","message":"Background jobs initialized successfully","service":"aluma-banking-api","timestamp":"2025-11-13 01:46:50"}
{"environment":"development","level":"info","message":"ðŸš€ Server running on http://0.0.0.0:3000","service":"aluma-banking-api","timestamp":"2025-11-13 01:46:50"}
{"environment":"development","level":"info","message":"ðŸ“Š Environment: development","service":"aluma-banking-api","timestamp":"2025-11-13 01:46:50"}
{"environment":"development","level":"info","message":"ðŸ”Œ WebSocket server initialized","service":"aluma-banking-api","timestamp":"2025-11-13 01:46:50"}
{"environment":"development","level":"info","message":"ðŸ“ API Documentation: http://0.0.0.0:3000/api/v1","service":"aluma-banking-api","timestamp":"2025-11-13 01:46:50"}
{"environment":"development","level":"info","message":"User logged in: barsolomonokpai@gmail.com","service":"aluma-banking-api","timestamp":"2025-11-13 01:51:34"}
{"environment":"development","level":"info","message":"User logged in: barsolomonokpai@gmail.com","service":"aluma-banking-api","timestamp":"2025-11-13 01:54:25"}
{"environment":"development","level":"info","message":"User logged in: barsolomonokpai@gmail.com","service":"aluma-banking-api","timestamp":"2025-11-13 01:55:22"}
{"environment":"development","level":"info","message":"User logged in: barsolomonokpai@gmail.com","service":"aluma-banking-api","timestamp":"2025-11-13 02:14:57"}
{"environment":"development","level":"warn","message":"Route not found: /api/v1/user/me","method":"GET","service":"aluma-banking-api","statusCode":404,"timestamp":"2025-11-13 02:15:17","url":"/api/v1/user/me"}
{"environment":"development","level":"warn","message":"Route not found: /api/v1/user/me","method":"GET","service":"aluma-banking-api","statusCode":404,"timestamp":"2025-11-13 02:29:18","url":"/api/v1/user/me"}
{"environment":"development","level":"info","message":"Bull queues initialized with Redis","service":"aluma-banking-api","timestamp":"2025-11-13 02:30:30"}
{"environment":"development","level":"info","message":"WebSocket server initialized successfully","service":"aluma-banking-api","timestamp":"2025-11-13 02:30:54"}
{"environment":"development","level":"info","message":"Database connection established","service":"aluma-banking-api","timestamp":"2025-11-13 02:30:58"}
{"environment":"development","level":"info","message":"Initializing background jobs...","service":"aluma-banking-api","timestamp":"2025-11-13 02:30:58"}
{"environment":"development","level":"info","message":"Background jobs initialized successfully","service":"aluma-banking-api","timestamp":"2025-11-13 02:30:58"}
{"environment":"development","level":"info","message":"ðŸš€ Server running on http://0.0.0.0:3000","service":"aluma-banking-api","timestamp":"2025-11-13 02:30:58"}
{"environment":"development","level":"info","message":"ðŸ“Š Environment: development","service":"aluma-banking-api","timestamp":"2025-11-13 02:30:58"}
{"environment":"development","level":"info","message":"ðŸ”Œ WebSocket server initialized","service":"aluma-banking-api","timestamp":"2025-11-13 02:30:58"}
{"environment":"development","level":"info","message":"ðŸ“ API Documentation: http://0.0.0.0:3000/api/v1","service":"aluma-banking-api","timestamp":"2025-11-13 02:30:58"}
{"0":"j","1":"w","10":"d","2":"t","3":" ","4":"e","5":"x","6":"p","7":"i","8":"r","9":"e","environment":"development","level":"error","message":"Access token verification failed:","service":"aluma-banking-api","timestamp":"2025-11-13 02:30:58"}
{"environment":"development","level":"info","message":"Bull queues initialized with Redis","service":"aluma-banking-api","timestamp":"2025-11-13 02:32:14"}
{"environment":"development","level":"info","message":"WebSocket server initialized successfully","service":"aluma-banking-api","timestamp":"2025-11-13 02:32:17"}
{"environment":"development","level":"info","message":"Database connection established","service":"aluma-banking-api","timestamp":"2025-11-13 02:32:19"}
{"environment":"development","level":"info","message":"Initializing background jobs...","service":"aluma-banking-api","timestamp":"2025-11-13 02:32:19"}
{"environment":"development","level":"info","message":"Background jobs initialized successfully","service":"aluma-banking-api","timestamp":"2025-11-13 02:32:19"}
{"environment":"development","level":"info","message":"ðŸš€ Server running on http://0.0.0.0:3000","service":"aluma-banking-api","timestamp":"2025-11-13 02:32:19"}
{"environment":"development","level":"info","message":"ðŸ“Š Environment: development","service":"aluma-banking-api","timestamp":"2025-11-13 02:32:19"}
{"environment":"development","level":"info","message":"ðŸ”Œ WebSocket server initialized","service":"aluma-banking-api","timestamp":"2025-11-13 02:32:19"}
{"environment":"development","level":"info","message":"ðŸ“ API Documentation: http://0.0.0.0:3000/api/v1","service":"aluma-banking-api","timestamp":"2025-11-13 02:32:19"}
{"environment":"development","level":"info","message":"User logged in: barsolomonokpai@gmail.com","service":"aluma-banking-api","timestamp":"2025-11-13 02:33:36"}
{"environment":"development","level":"warn","message":"Route not found: /api/v1/user/me","method":"GET","service":"aluma-banking-api","statusCode":404,"timestamp":"2025-11-13 02:33:38","url":"/api/v1/user/me"}
{"environment":"development","level":"warn","message":"Route not found: /api/v1/user/me","method":"GET","service":"aluma-banking-api","statusCode":404,"timestamp":"2025-11-13 02:33:46","url":"/api/v1/user/me"}
{"environment":"development","level":"warn","message":"Route not found: /api/v1/user/me","method":"GET","service":"aluma-banking-api","statusCode":404,"timestamp":"2025-11-13 02:40:52","url":"/api/v1/user/me"}
{"0":"j","1":"w","10":"d","2":"t","3":" ","4":"e","5":"x","6":"p","7":"i","8":"r","9":"e","environment":"development","level":"error","message":"Access token verification failed:","service":"aluma-banking-api","timestamp":"2025-11-13 02:48:48"}
{"environment":"development","level":"info","message":"User logged in: barsolomonokpai@gmail.com","service":"aluma-banking-api","timestamp":"2025-11-13 02:49:57"}
{"environment":"development","level":"info","message":"Bull queues initialized with Redis","service":"aluma-banking-api","timestamp":"2025-11-13 03:05:46"}
{"environment":"development","level":"info","message":"WebSocket server initialized successfully","service":"aluma-banking-api","timestamp":"2025-11-13 03:06:14"}
{"environment":"development","level":"info","message":"Database connection established","service":"aluma-banking-api","timestamp":"2025-11-13 03:06:20"}
{"environment":"development","level":"info","message":"Initializing background jobs...","service":"aluma-banking-api","timestamp":"2025-11-13 03:06:20"}
{"environment":"development","level":"info","message":"Background jobs initialized successfully","service":"aluma-banking-api","timestamp":"2025-11-13 03:06:20"}
{"environment":"development","level":"info","message":"ðŸš€ Server running on http://0.0.0.0:3000","service":"aluma-banking-api","timestamp":"2025-11-13 03:06:20"}
{"environment":"development","level":"info","message":"ðŸ“Š Environment: development","service":"aluma-banking-api","timestamp":"2025-11-13 03:06:20"}
{"environment":"development","level":"info","message":"ðŸ”Œ WebSocket server initialized","service":"aluma-banking-api","timestamp":"2025-11-13 03:06:20"}
{"environment":"development","level":"info","message":"ðŸ“ API Documentation: http://0.0.0.0:3000/api/v1","service":"aluma-banking-api","timestamp":"2025-11-13 03:06:20"}
{"0":"j","1":"w","10":"d","2":"t","3":" ","4":"e","5":"x","6":"p","7":"i","8":"r","9":"e","environment":"development","level":"error","message":"Access token verification failed:","service":"aluma-banking-api","timestamp":"2025-11-13 03:06:40"}
{"environment":"development","level":"info","message":"User logged in: barsolomonokpai@gmail.com","service":"aluma-banking-api","timestamp":"2025-11-13 03:08:17"}
{"0":"j","1":"w","10":"d","2":"t","3":" ","4":"e","5":"x","6":"p","7":"i","8":"r","9":"e","environment":"development","level":"error","message":"Access token verification failed:","service":"aluma-banking-api","timestamp":"2025-11-13 03:23:19"}
{"environment":"development","error":"read ECONNRESET","level":"error","message":"Query error","service":"aluma-banking-api","text":"SELECT \n        id, email, username, password_hash, first_name, last_name, \n        status, email_verified, created_at\n      FROM users\n      WHERE email = $1 AND deleted_at IS NULL","timestamp":"2025-11-13 04:02:04"}
{"environment":"development","ip":"127.0.0.1","level":"error","message":"read ECONNRESET","method":"POST","service":"aluma-banking-api","stack":"Error: read ECONNRESET\n    at C:\\website work\\Aluma\\winnerscoins.com\\aluma-broker-backend\\node_modules\\pg-pool\\index.js:45:11\n    at process.processTicksAndRejections (node:internal/process/task_queues:105:5)\n    at async query (C:\\website work\\Aluma\\winnerscoins.com\\aluma-broker-backend\\config\\database.js:45:17)\n    at async User.findByEmail (C:\\website work\\Aluma\\winnerscoins.com\\aluma-broker-backend\\models\\User.js:54:20)\n    at async C:\\website work\\Aluma\\winnerscoins.com\\aluma-broker-backend\\controllers\\auth.controller.js:99:16","timestamp":"2025-11-13 04:02:06","url":"/api/v1/auth/login"}
{"environment":"development","level":"info","message":"User logged in: barsolomonokpai@gmail.com","service":"aluma-banking-api","timestamp":"2025-11-13 04:03:09"}
{"environment":"development","level":"info","message":"User logged in: barsolomonokpai@gmail.com","service":"aluma-banking-api","timestamp":"2025-11-13 04:10:22"}
{"environment":"development","level":"warn","message":"Route not found: /favicon.ico","method":"GET","service":"aluma-banking-api","statusCode":404,"timestamp":"2025-11-13 04:17:49","url":"/favicon.ico"}
{"environment":"development","level":"info","message":"User logged in: barsolomonokpai@gmail.com","service":"aluma-banking-api","timestamp":"2025-11-13 04:21:02"}
{"environment":"development","level":"info","message":"User logged in: barsolomonokpai@gmail.com","service":"aluma-banking-api","timestamp":"2025-11-13 04:55:21"}
{"environment":"development","level":"info","message":"User logged in: barsolomonokpai@gmail.com","service":"aluma-banking-api","timestamp":"2025-11-13 04:55:33"}
{"environment":"development","level":"info","message":"User logged in: barsolomonokpai@gmail.com","service":"aluma-banking-api","timestamp":"2025-11-13 05:01:06"}
{"environment":"development","level":"info","message":"User logged in: barsolomonokpai@gmail.com","service":"aluma-banking-api","timestamp":"2025-11-13 05:03:58"}
{"environment":"development","level":"info","message":"User logged in: barsolomonokpai@gmail.com","service":"aluma-banking-api","timestamp":"2025-11-13 05:04:17"}
{"0":"j","1":"w","10":"d","2":"t","3":" ","4":"e","5":"x","6":"p","7":"i","8":"r","9":"e","environment":"development","level":"error","message":"Access token verification failed:","service":"aluma-banking-api","timestamp":"2025-11-13 07:45:17"}
{"environment":"development","level":"info","message":"User logged in: barsolomonokpai@gmail.com","service":"aluma-banking-api","timestamp":"2025-11-13 07:45:45"}
{"environment":"development","level":"info","message":"User logged in: barsolomonokpai@gmail.com","service":"aluma-banking-api","timestamp":"2025-11-13 07:47:04"}
{"environment":"development","level":"info","message":"User logged in: barsolomonokpai@gmail.com","service":"aluma-banking-api","timestamp":"2025-11-13 07:47:24"}
{"environment":"development","level":"info","message":"User logged in: barsolomonokpai@gmail.com","service":"aluma-banking-api","timestamp":"2025-11-13 08:18:58"}
{"environment":"development","error":"column t.type does not exist","level":"error","message":"Query error","service":"aluma-banking-api","text":"\n    SELECT \n      t.*,\n      a.account_number\n    FROM transactions t\n    INNER JOIN accounts a ON t.account_id = a.id\n    WHERE a.user_id = $1\n    AND t.type IN ('deposit', 'withdrawal', 'transfer_in', 'transfer_out')\n    ORDER BY t.created_at DESC\n    LIMIT $2 OFFSET $3\n  ","timestamp":"2025-11-13 08:19:46"}
{"environment":"development","ip":"127.0.0.1","level":"error","message":"column t.type does not exist","method":"GET","service":"aluma-banking-api","stack":"error: column t.type does not exist\n    at C:\\website work\\Aluma\\winnerscoins.com\\aluma-broker-backend\\node_modules\\pg-pool\\index.js:45:11\n    at process.processTicksAndRejections (node:internal/process/task_queues:105:5)\n    at async query (C:\\website work\\Aluma\\winnerscoins.com\\aluma-broker-backend\\config\\database.js:45:17)\n    at async C:\\website work\\Aluma\\winnerscoins.com\\aluma-broker-backend\\controllers\\funding.controller.js:336:18","timestamp":"2025-11-13 08:19:47","url":"/api/v1/funding/transactions?limit=10","userId":"4f575d06-c628-4686-8ac0-b95d2759ea7d"}
{"environment":"development","level":"info","message":"User logged in: barsolomonokpai@gmail.com","service":"aluma-banking-api","timestamp":"2025-11-13 08:21:30"}
{"environment":"development","level":"info","message":"User logged in: barsolomonokpai@gmail.com","service":"aluma-banking-api","timestamp":"2025-11-13 08:21:44"}
{"environment":"development","error":"column t.type does not exist","level":"error","message":"Query error","service":"aluma-banking-api","text":"\n    SELECT \n      t.*,\n      a.account_number\n    FROM transactions t\n    INNER JOIN accounts a ON t.account_id = a.id\n    WHERE a.user_id = $1\n    AND t.type IN ('deposit', 'withdrawal', 'transfer_in', 'transfer_out')\n    ORDER BY t.created_at DESC\n    LIMIT $2 OFFSET $3\n  ","timestamp":"2025-11-13 08:21:52"}
{"environment":"development","ip":"127.0.0.1","level":"error","message":"column t.type does not exist","method":"GET","service":"aluma-banking-api","stack":"error: column t.type does not exist\n    at C:\\website work\\Aluma\\winnerscoins.com\\aluma-broker-backend\\node_modules\\pg-pool\\index.js:45:11\n    at process.processTicksAndRejections (node:internal/process/task_queues:105:5)\n    at async query (C:\\website work\\Aluma\\winnerscoins.com\\aluma-broker-backend\\config\\database.js:45:17)\n    at async C:\\website work\\Aluma\\winnerscoins.com\\aluma-broker-backend\\controllers\\funding.controller.js:336:18","timestamp":"2025-11-13 08:21:52","url":"/api/v1/funding/transactions?limit=10","userId":"4f575d06-c628-4686-8ac0-b95d2759ea7d"}
{"environment":"development","level":"info","message":"User logged in: barsolomonokpai@gmail.com","service":"aluma-banking-api","timestamp":"2025-11-13 08:22:11"}
{"environment":"development","error":"","level":"error","message":"Query error","service":"aluma-banking-api","text":"SELECT \n        id, \n        email, \n        username, \n        first_name, \n        last_name, \n        status, \n        email_verified \n      FROM users \n      WHERE id = $1","timestamp":"2025-11-13 08:31:27"}
{"code":"ETIMEDOUT","environment":"development","level":"error","message":"Authentication error:","service":"aluma-banking-api","stack":"AggregateError [ETIMEDOUT]: \n    at C:\\website work\\Aluma\\winnerscoins.com\\aluma-broker-backend\\node_modules\\pg-pool\\index.js:45:11\n    at process.processTicksAndRejections (node:internal/process/task_queues:105:5)\n    at async query (C:\\website work\\Aluma\\winnerscoins.com\\aluma-broker-backend\\config\\database.js:45:17)\n    at async authenticate (C:\\website work\\Aluma\\winnerscoins.com\\aluma-broker-backend\\middleware\\auth.js:36:20)","timestamp":"2025-11-13 08:31:27"}
{"environment":"development","error":"","level":"error","message":"Query error","service":"aluma-banking-api","text":"SELECT \n        id, \n        email, \n        username, \n        first_name, \n        last_name, \n        status, \n        email_verified \n      FROM users \n      WHERE id = $1","timestamp":"2025-11-13 08:31:57"}
{"code":"ETIMEDOUT","environment":"development","level":"error","message":"Authentication error:","service":"aluma-banking-api","stack":"AggregateError [ETIMEDOUT]: \n    at C:\\website work\\Aluma\\winnerscoins.com\\aluma-broker-backend\\node_modules\\pg-pool\\index.js:45:11\n    at process.processTicksAndRejections (node:internal/process/task_queues:105:5)\n    at async query (C:\\website work\\Aluma\\winnerscoins.com\\aluma-broker-backend\\config\\database.js:45:17)\n    at async authenticate (C:\\website work\\Aluma\\winnerscoins.com\\aluma-broker-backend\\middleware\\auth.js:36:20)","timestamp":"2025-11-13 08:31:57"}
{"environment":"development","error":"","level":"error","message":"Query error","service":"aluma-banking-api","text":"SELECT \n        id, \n        email, \n        username, \n        first_name, \n        last_name, \n        status, \n        email_verified \n      FROM users \n      WHERE id = $1","timestamp":"2025-11-13 08:32:27"}
{"code":"ETIMEDOUT","environment":"development","level":"error","message":"Authentication error:","service":"aluma-banking-api","stack":"AggregateError [ETIMEDOUT]: \n    at C:\\website work\\Aluma\\winnerscoins.com\\aluma-broker-backend\\node_modules\\pg-pool\\index.js:45:11\n    at process.processTicksAndRejections (node:internal/process/task_queues:105:5)\n    at async query (C:\\website work\\Aluma\\winnerscoins.com\\aluma-broker-backend\\config\\database.js:45:17)\n    at async authenticate (C:\\website work\\Aluma\\winnerscoins.com\\aluma-broker-backend\\middleware\\auth.js:36:20)","timestamp":"2025-11-13 08:32:27"}
{"environment":"development","error":"","level":"error","message":"Query error","service":"aluma-banking-api","text":"SELECT \n        id, \n        email, \n        username, \n        first_name, \n        last_name, \n        status, \n        email_verified \n      FROM users \n      WHERE id = $1","timestamp":"2025-11-13 08:32:57"}
{"code":"ETIMEDOUT","environment":"development","level":"error","message":"Authentication error:","service":"aluma-banking-api","stack":"AggregateError [ETIMEDOUT]: \n    at C:\\website work\\Aluma\\winnerscoins.com\\aluma-broker-backend\\node_modules\\pg-pool\\index.js:45:11\n    at process.processTicksAndRejections (node:internal/process/task_queues:105:5)\n    at async query (C:\\website work\\Aluma\\winnerscoins.com\\aluma-broker-backend\\config\\database.js:45:17)\n    at async authenticate (C:\\website work\\Aluma\\winnerscoins.com\\aluma-broker-backend\\middleware\\auth.js:36:20)","timestamp":"2025-11-13 08:32:57"}
{"environment":"development","error":"","level":"error","message":"Query error","service":"aluma-banking-api","text":"SELECT \n        id, \n        email, \n        username, \n        first_name, \n        last_name, \n        status, \n        email_verified \n      FROM users \n      WHERE id = $1","timestamp":"2025-11-13 08:33:27"}
{"code":"ETIMEDOUT","environment":"development","level":"error","message":"Authentication error:","service":"aluma-banking-api","stack":"AggregateError [ETIMEDOUT]: \n    at C:\\website work\\Aluma\\winnerscoins.com\\aluma-broker-backend\\node_modules\\pg-pool\\index.js:45:11\n    at process.processTicksAndRejections (node:internal/process/task_queues:105:5)\n    at async query (C:\\website work\\Aluma\\winnerscoins.com\\aluma-broker-backend\\config\\database.js:45:17)\n    at async authenticate (C:\\website work\\Aluma\\winnerscoins.com\\aluma-broker-backend\\middleware\\auth.js:36:20)","timestamp":"2025-11-13 08:33:27"}
{"environment":"development","error":"","level":"error","message":"Query error","service":"aluma-banking-api","text":"SELECT \n        id, \n        email, \n        username, \n        first_name, \n        last_name, \n        status, \n        email_verified \n      FROM users \n      WHERE id = $1","timestamp":"2025-11-13 08:33:57"}
{"code":"ETIMEDOUT","environment":"development","level":"error","message":"Authentication error:","service":"aluma-banking-api","stack":"AggregateError [ETIMEDOUT]: \n    at C:\\website work\\Aluma\\winnerscoins.com\\aluma-broker-backend\\node_modules\\pg-pool\\index.js:45:11\n    at process.processTicksAndRejections (node:internal/process/task_queues:105:5)\n    at async query (C:\\website work\\Aluma\\winnerscoins.com\\aluma-broker-backend\\config\\database.js:45:17)\n    at async authenticate (C:\\website work\\Aluma\\winnerscoins.com\\aluma-broker-backend\\middleware\\auth.js:36:20)","timestamp":"2025-11-13 08:33:57"}
{"environment":"development","error":"","level":"error","message":"Query error","service":"aluma-banking-api","text":"SELECT \n        id, \n        email, \n        username, \n        first_name, \n        last_name, \n        status, \n        email_verified \n      FROM users \n      WHERE id = $1","timestamp":"2025-11-13 08:34:09"}
{"code":"ETIMEDOUT","environment":"development","level":"error","message":"Authentication error:","service":"aluma-banking-api","stack":"AggregateError [ETIMEDOUT]: \n    at C:\\website work\\Aluma\\winnerscoins.com\\aluma-broker-backend\\node_modules\\pg-pool\\index.js:45:11\n    at process.processTicksAndRejections (node:internal/process/task_queues:105:5)\n    at async query (C:\\website work\\Aluma\\winnerscoins.com\\aluma-broker-backend\\config\\database.js:45:17)\n    at async authenticate (C:\\website work\\Aluma\\winnerscoins.com\\aluma-broker-backend\\middleware\\auth.js:36:20)","timestamp":"2025-11-13 08:34:09"}
{"environment":"development","error":"","level":"error","message":"Query error","service":"aluma-banking-api","text":"SELECT \n        id, \n        email, \n        username, \n        first_name, \n        last_name, \n        status, \n        email_verified \n      FROM users \n      WHERE id = $1","timestamp":"2025-11-13 08:34:31"}
{"code":"ETIMEDOUT","environment":"development","level":"error","message":"Authentication error:","service":"aluma-banking-api","stack":"AggregateError [ETIMEDOUT]: \n    at C:\\website work\\Aluma\\winnerscoins.com\\aluma-broker-backend\\node_modules\\pg-pool\\index.js:45:11\n    at process.processTicksAndRejections (node:internal/process/task_queues:105:5)\n    at async query (C:\\website work\\Aluma\\winnerscoins.com\\aluma-broker-backend\\config\\database.js:45:17)\n    at async authenticate (C:\\website work\\Aluma\\winnerscoins.com\\aluma-broker-backend\\middleware\\auth.js:36:20)","timestamp":"2025-11-13 08:34:31"}
{"environment":"development","error":"","level":"error","message":"Query error","service":"aluma-banking-api","text":"SELECT \n        id, \n        email, \n        username, \n        first_name, \n        last_name, \n        status, \n        email_verified \n      FROM users \n      WHERE id = $1","timestamp":"2025-11-13 08:34:48"}
{"code":"ETIMEDOUT","environment":"development","level":"error","message":"Authentication error:","service":"aluma-banking-api","stack":"AggregateError [ETIMEDOUT]: \n    at C:\\website work\\Aluma\\winnerscoins.com\\aluma-broker-backend\\node_modules\\pg-pool\\index.js:45:11\n    at process.processTicksAndRejections (node:internal/process/task_queues:105:5)\n    at async query (C:\\website work\\Aluma\\winnerscoins.com\\aluma-broker-backend\\config\\database.js:45:17)\n    at async authenticate (C:\\website work\\Aluma\\winnerscoins.com\\aluma-broker-backend\\middleware\\auth.js:36:20)","timestamp":"2025-11-13 08:34:48"}
{"environment":"development","error":"","level":"error","message":"Query error","service":"aluma-banking-api","text":"SELECT \n        id, \n        email, \n        username, \n        first_name, \n        last_name, \n        status, \n        email_verified \n      FROM users \n      WHERE id = $1","timestamp":"2025-11-13 08:34:56"}
{"code":"ETIMEDOUT","environment":"development","level":"error","message":"Authentication error:","service":"aluma-banking-api","stack":"AggregateError [ETIMEDOUT]: \n    at C:\\website work\\Aluma\\winnerscoins.com\\aluma-broker-backend\\node_modules\\pg-pool\\index.js:45:11\n    at process.processTicksAndRejections (node:internal/process/task_queues:105:5)\n    at async query (C:\\website work\\Aluma\\winnerscoins.com\\aluma-broker-backend\\config\\database.js:45:17)\n    at async authenticate (C:\\website work\\Aluma\\winnerscoins.com\\aluma-broker-backend\\middleware\\auth.js:36:20)","timestamp":"2025-11-13 08:34:56"}
{"environment":"development","error":"","level":"error","message":"Query error","service":"aluma-banking-api","text":"SELECT \n        id, \n        email, \n        username, \n        first_name, \n        last_name, \n        status, \n        email_verified \n      FROM users \n      WHERE id = $1","timestamp":"2025-11-13 08:35:17"}
{"code":"ETIMEDOUT","environment":"development","level":"error","message":"Authentication error:","service":"aluma-banking-api","stack":"AggregateError [ETIMEDOUT]: \n    at C:\\website work\\Aluma\\winnerscoins.com\\aluma-broker-backend\\node_modules\\pg-pool\\index.js:45:11\n    at process.processTicksAndRejections (node:internal/process/task_queues:105:5)\n    at async query (C:\\website work\\Aluma\\winnerscoins.com\\aluma-broker-backend\\config\\database.js:45:17)\n    at async authenticate (C:\\website work\\Aluma\\winnerscoins.com\\aluma-broker-backend\\middleware\\auth.js:36:20)","timestamp":"2025-11-13 08:35:17"}
{"environment":"development","error":"","level":"error","message":"Query error","service":"aluma-banking-api","text":"SELECT \n        id, \n        email, \n        username, \n        first_name, \n        last_name, \n        status, \n        email_verified \n      FROM users \n      WHERE id = $1","timestamp":"2025-11-13 08:35:39"}
{"code":"ETIMEDOUT","environment":"development","level":"error","message":"Authentication error:","service":"aluma-banking-api","stack":"AggregateError [ETIMEDOUT]: \n    at C:\\website work\\Aluma\\winnerscoins.com\\aluma-broker-backend\\node_modules\\pg-pool\\index.js:45:11\n    at process.processTicksAndRejections (node:internal/process/task_queues:105:5)\n    at async query (C:\\website work\\Aluma\\winnerscoins.com\\aluma-broker-backend\\config\\database.js:45:17)\n    at async authenticate (C:\\website work\\Aluma\\winnerscoins.com\\aluma-broker-backend\\middleware\\auth.js:36:20)","timestamp":"2025-11-13 08:35:39"}
{"environment":"development","error":"","level":"error","message":"Query error","service":"aluma-banking-api","text":"SELECT \n        id, \n        email, \n        username, \n        first_name, \n        last_name, \n        status, \n        email_verified \n      FROM users \n      WHERE id = $1","timestamp":"2025-11-13 08:36:00"}
{"code":"ETIMEDOUT","environment":"development","level":"error","message":"Authentication error:","service":"aluma-banking-api","stack":"AggregateError [ETIMEDOUT]: \n    at C:\\website work\\Aluma\\winnerscoins.com\\aluma-broker-backend\\node_modules\\pg-pool\\index.js:45:11\n    at process.processTicksAndRejections (node:internal/process/task_queues:105:5)\n    at async query (C:\\website work\\Aluma\\winnerscoins.com\\aluma-broker-backend\\config\\database.js:45:17)\n    at async authenticate (C:\\website work\\Aluma\\winnerscoins.com\\aluma-broker-backend\\middleware\\auth.js:36:20)","timestamp":"2025-11-13 08:36:00"}
{"environment":"development","error":"","level":"error","message":"Query error","service":"aluma-banking-api","text":"SELECT \n        id, \n        email, \n        username, \n        first_name, \n        last_name, \n        status, \n        email_verified \n      FROM users \n      WHERE id = $1","timestamp":"2025-11-13 08:36:25"}
{"code":"ETIMEDOUT","environment":"development","level":"error","message":"Authentication error:","service":"aluma-banking-api","stack":"AggregateError [ETIMEDOUT]: \n    at C:\\website work\\Aluma\\winnerscoins.com\\aluma-broker-backend\\node_modules\\pg-pool\\index.js:45:11\n    at process.processTicksAndRejections (node:internal/process/task_queues:105:5)\n    at async query (C:\\website work\\Aluma\\winnerscoins.com\\aluma-broker-backend\\config\\database.js:45:17)\n    at async authenticate (C:\\website work\\Aluma\\winnerscoins.com\\aluma-broker-backend\\middleware\\auth.js:36:20)","timestamp":"2025-11-13 08:36:25"}
{"environment":"development","error":"","level":"error","message":"Query error","service":"aluma-banking-api","text":"SELECT \n        id, \n        email, \n        username, \n        first_name, \n        last_name, \n        status, \n        email_verified \n      FROM users \n      WHERE id = $1","timestamp":"2025-11-13 08:36:55"}
{"code":"ETIMEDOUT","environment":"development","level":"error","message":"Authentication error:","service":"aluma-banking-api","stack":"AggregateError [ETIMEDOUT]: \n    at C:\\website work\\Aluma\\winnerscoins.com\\aluma-broker-backend\\node_modules\\pg-pool\\index.js:45:11\n    at process.processTicksAndRejections (node:internal/process/task_queues:105:5)\n    at async query (C:\\website work\\Aluma\\winnerscoins.com\\aluma-broker-backend\\config\\database.js:45:17)\n    at async authenticate (C:\\website work\\Aluma\\winnerscoins.com\\aluma-broker-backend\\middleware\\auth.js:36:20)","timestamp":"2025-11-13 08:36:55"}
{"environment":"development","error":"","level":"error","message":"Query error","service":"aluma-banking-api","text":"SELECT \n        id, \n        email, \n        username, \n        first_name, \n        last_name, \n        status, \n        email_verified \n      FROM users \n      WHERE id = $1","timestamp":"2025-11-13 08:37:25"}
{"code":"ETIMEDOUT","environment":"development","level":"error","message":"Authentication error:","service":"aluma-banking-api","stack":"AggregateError [ETIMEDOUT]: \n    at C:\\website work\\Aluma\\winnerscoins.com\\aluma-broker-backend\\node_modules\\pg-pool\\index.js:45:11\n    at process.processTicksAndRejections (node:internal/process/task_queues:105:5)\n    at async query (C:\\website work\\Aluma\\winnerscoins.com\\aluma-broker-backend\\config\\database.js:45:17)\n    at async authenticate (C:\\website work\\Aluma\\winnerscoins.com\\aluma-broker-backend\\middleware\\auth.js:36:20)","timestamp":"2025-11-13 08:37:25"}
{"0":"j","1":"w","10":"d","2":"t","3":" ","4":"e","5":"x","6":"p","7":"i","8":"r","9":"e","environment":"development","level":"error","message":"Access token verification failed:","service":"aluma-banking-api","timestamp":"2025-11-13 08:37:34"}
{"environment":"development","error":"","level":"error","message":"Query error","service":"aluma-banking-api","text":"SELECT \n        id, email, username, password_hash, first_name, last_name, \n        status, email_verified, created_at\n      FROM users\n      WHERE email = $1 AND deleted_at IS NULL","timestamp":"2025-11-13 08:40:22"}
{"environment":"development","ip":"127.0.0.1","level":"error","message":"","method":"POST","service":"aluma-banking-api","stack":"AggregateError [ETIMEDOUT]: \n    at C:\\website work\\Aluma\\winnerscoins.com\\aluma-broker-backend\\node_modules\\pg-pool\\index.js:45:11\n    at process.processTicksAndRejections (node:internal/process/task_queues:105:5)\n    at async query (C:\\website work\\Aluma\\winnerscoins.com\\aluma-broker-backend\\config\\database.js:45:17)\n    at async User.findByEmail (C:\\website work\\Aluma\\winnerscoins.com\\aluma-broker-backend\\models\\User.js:54:20)\n    at async C:\\website work\\Aluma\\winnerscoins.com\\aluma-broker-backend\\controllers\\auth.controller.js:99:16","timestamp":"2025-11-13 08:40:22","url":"/api/v1/auth/login"}
{"environment":"development","error":"","level":"error","message":"Query error","service":"aluma-banking-api","text":"SELECT \n        id, email, username, password_hash, first_name, last_name, \n        status, email_verified, created_at\n      FROM users\n      WHERE email = $1 AND deleted_at IS NULL","timestamp":"2025-11-13 08:40:55"}
{"environment":"development","ip":"127.0.0.1","level":"error","message":"","method":"POST","service":"aluma-banking-api","stack":"AggregateError [ETIMEDOUT]: \n    at C:\\website work\\Aluma\\winnerscoins.com\\aluma-broker-backend\\node_modules\\pg-pool\\index.js:45:11\n    at process.processTicksAndRejections (node:internal/process/task_queues:105:5)\n    at async query (C:\\website work\\Aluma\\winnerscoins.com\\aluma-broker-backend\\config\\database.js:45:17)\n    at async User.findByEmail (C:\\website work\\Aluma\\winnerscoins.com\\aluma-broker-backend\\models\\User.js:54:20)\n    at async C:\\website work\\Aluma\\winnerscoins.com\\aluma-broker-backend\\controllers\\auth.controller.js:99:16","timestamp":"2025-11-13 08:40:55","url":"/api/v1/auth/login"}
{"environment":"development","error":"getaddrinfo ENOTFOUND ep-old-cloud-ahbji9i7-pooler.c-3.us-east-1.aws.neon.tech","level":"error","message":"Query error","service":"aluma-banking-api","text":"SELECT \n        id, email, username, password_hash, first_name, last_name, \n        status, email_verified, created_at\n      FROM users\n      WHERE email = $1 AND deleted_at IS NULL","timestamp":"2025-11-13 09:12:13"}
{"environment":"development","ip":"127.0.0.1","level":"error","message":"getaddrinfo ENOTFOUND ep-old-cloud-ahbji9i7-pooler.c-3.us-east-1.aws.neon.tech","method":"POST","service":"aluma-banking-api","stack":"Error: getaddrinfo ENOTFOUND ep-old-cloud-ahbji9i7-pooler.c-3.us-east-1.aws.neon.tech\n    at C:\\website work\\Aluma\\winnerscoins.com\\aluma-broker-backend\\node_modules\\pg-pool\\index.js:45:11\n    at process.processTicksAndRejections (node:internal/process/task_queues:105:5)\n    at async query (C:\\website work\\Aluma\\winnerscoins.com\\aluma-broker-backend\\config\\database.js:45:17)\n    at async User.findByEmail (C:\\website work\\Aluma\\winnerscoins.com\\aluma-broker-backend\\models\\User.js:54:20)\n    at async C:\\website work\\Aluma\\winnerscoins.com\\aluma-broker-backend\\controllers\\auth.controller.js:99:16","timestamp":"2025-11-13 09:12:13","url":"/api/v1/auth/login"}
{"environment":"development","level":"info","message":"User logged in: barsolomonokpai@gmail.com","service":"aluma-banking-api","timestamp":"2025-11-13 09:16:36"}
{"environment":"development","level":"info","message":"Bull queues initialized with Redis","service":"aluma-banking-api","timestamp":"2025-11-13 10:47:01"}
{"environment":"development","level":"info","message":"WebSocket server initialized successfully","service":"aluma-banking-api","timestamp":"2025-11-13 10:47:39"}
{"environment":"development","level":"info","message":"Database connection established","service":"aluma-banking-api","timestamp":"2025-11-13 10:47:45"}
{"environment":"development","level":"info","message":"Initializing background jobs...","service":"aluma-banking-api","timestamp":"2025-11-13 10:47:45"}
{"environment":"development","level":"info","message":"Background jobs initialized successfully","service":"aluma-banking-api","timestamp":"2025-11-13 10:47:45"}
{"environment":"development","level":"info","message":"ðŸš€ Server running on http://0.0.0.0:3000","service":"aluma-banking-api","timestamp":"2025-11-13 10:47:45"}
{"environment":"development","level":"info","message":"ðŸ“Š Environment: development","service":"aluma-banking-api","timestamp":"2025-11-13 10:47:45"}
{"environment":"development","level":"info","message":"ðŸ”Œ WebSocket server initialized","service":"aluma-banking-api","timestamp":"2025-11-13 10:47:45"}
{"environment":"development","level":"info","message":"ðŸ“ API Documentation: http://0.0.0.0:3000/api/v1","service":"aluma-banking-api","timestamp":"2025-11-13 10:47:45"}
{"0":"j","1":"w","10":"d","2":"t","3":" ","4":"e","5":"x","6":"p","7":"i","8":"r","9":"e","environment":"development","level":"error","message":"Access token verification failed:","service":"aluma-banking-api","timestamp":"2025-11-13 10:47:48"}
{"environment":"development","level":"info","message":"User logged in: barsolomonokpai@gmail.com","service":"aluma-banking-api","timestamp":"2025-11-13 10:48:23"}
{"environment":"development","error":"column t.type does not exist","level":"error","message":"Query error","service":"aluma-banking-api","text":"\n    SELECT \n      t.*,\n      a.account_number\n    FROM transactions t\n    INNER JOIN accounts a ON t.account_id = a.id\n    WHERE a.user_id = $1\n    AND t.type IN ('deposit', 'withdrawal', 'transfer_in', 'transfer_out')\n    ORDER BY t.created_at DESC\n    LIMIT $2 OFFSET $3\n  ","timestamp":"2025-11-13 10:49:28"}
{"environment":"development","ip":"127.0.0.1","level":"error","message":"column t.type does not exist","method":"GET","service":"aluma-banking-api","stack":"error: column t.type does not exist\n    at C:\\website work\\Aluma\\winnerscoins.com\\aluma-broker-backend\\node_modules\\pg-pool\\index.js:45:11\n    at process.processTicksAndRejections (node:internal/process/task_queues:105:5)\n    at async query (C:\\website work\\Aluma\\winnerscoins.com\\aluma-broker-backend\\config\\database.js:45:17)\n    at async C:\\website work\\Aluma\\winnerscoins.com\\aluma-broker-backend\\controllers\\funding.controller.js:336:18","timestamp":"2025-11-13 10:49:28","url":"/api/v1/funding/transactions?limit=10","userId":"4f575d06-c628-4686-8ac0-b95d2759ea7d"}
{"environment":"development","error":"column t.type does not exist","level":"error","message":"Query error","service":"aluma-banking-api","text":"\n    SELECT \n      t.*,\n      a.account_number\n    FROM transactions t\n    INNER JOIN accounts a ON t.account_id = a.id\n    WHERE a.user_id = $1\n    AND t.type IN ('deposit', 'withdrawal', 'transfer_in', 'transfer_out')\n    ORDER BY t.created_at DESC\n    LIMIT $2 OFFSET $3\n  ","timestamp":"2025-11-13 10:49:45"}
{"environment":"development","ip":"127.0.0.1","level":"error","message":"column t.type does not exist","method":"GET","service":"aluma-banking-api","stack":"error: column t.type does not exist\n    at C:\\website work\\Aluma\\winnerscoins.com\\aluma-broker-backend\\node_modules\\pg-pool\\index.js:45:11\n    at process.processTicksAndRejections (node:internal/process/task_queues:105:5)\n    at async query (C:\\website work\\Aluma\\winnerscoins.com\\aluma-broker-backend\\config\\database.js:45:17)\n    at async C:\\website work\\Aluma\\winnerscoins.com\\aluma-broker-backend\\controllers\\funding.controller.js:336:18","timestamp":"2025-11-13 10:49:45","url":"/api/v1/funding/transactions?limit=10","userId":"4f575d06-c628-4686-8ac0-b95d2759ea7d"}
{"environment":"development","error":"column s.last_price does not exist","level":"error","message":"Query error","service":"aluma-banking-api","text":"\n    SELECT \n      p.*,\n      s.symbol,\n      s.name as security_name,\n      s.last_price as current_price,\n      s.exchange,\n      (p.quantity * s.last_price) as current_value,\n      ((s.last_price - p.average_cost) * p.quantity) as unrealized_gain_loss,\n      (((s.last_price - p.average_cost) / p.average_cost) * 100) as gain_loss_percent\n    FROM positions p\n    INNER JOIN securities s ON p.security_id = s.id\n    WHERE p.account_id = $1 AND p.quantity > 0\n    ORDER BY p.market_value DESC\n  ","timestamp":"2025-11-13 10:50:07"}
{"environment":"development","ip":"127.0.0.1","level":"error","message":"column s.last_price does not exist","method":"GET","service":"aluma-banking-api","stack":"error: column s.last_price does not exist\n    at C:\\website work\\Aluma\\winnerscoins.com\\aluma-broker-backend\\node_modules\\pg-pool\\index.js:45:11\n    at process.processTicksAndRejections (node:internal/process/task_queues:105:5)\n    at async query (C:\\website work\\Aluma\\winnerscoins.com\\aluma-broker-backend\\config\\database.js:45:17)\n    at async C:\\website work\\Aluma\\winnerscoins.com\\aluma-broker-backend\\controllers\\account.controller.js:204:18","timestamp":"2025-11-13 10:50:07","url":"/api/v1/accounts/8ce0f7ce-7940-4d31-b837-cd514c42521d/positions","userId":"4f575d06-c628-4686-8ac0-b95d2759ea7d"}
{"environment":"development","level":"warn","message":"Route not found: /api/v1/user/me","method":"GET","service":"aluma-banking-api","statusCode":404,"timestamp":"2025-11-13 10:50:14","url":"/api/v1/user/me"}
{"0":"j","1":"w","10":"m","11":"e","12":"d","2":"t","3":" ","4":"m","5":"a","6":"l","7":"f","8":"o","9":"r","environment":"development","level":"error","message":"Access token verification failed:","service":"aluma-banking-api","timestamp":"2025-11-13 10:50:38"}
{"0":"j","1":"w","10":"m","11":"e","12":"d","2":"t","3":" ","4":"m","5":"a","6":"l","7":"f","8":"o","9":"r","environment":"development","level":"error","message":"Access token verification failed:","service":"aluma-banking-api","timestamp":"2025-11-13 10:50:38"}
{"0":"j","1":"w","10":"m","11":"e","12":"d","2":"t","3":" ","4":"m","5":"a","6":"l","7":"f","8":"o","9":"r","environment":"development","level":"error","message":"Access token verification failed:","service":"aluma-banking-api","timestamp":"2025-11-13 10:50:44"}
{"0":"j","1":"w","10":"m","11":"e","12":"d","2":"t","3":" ","4":"m","5":"a","6":"l","7":"f","8":"o","9":"r","environment":"development","level":"error","message":"Access token verification failed:","service":"aluma-banking-api","timestamp":"2025-11-13 10:50:44"}
{"0":"j","1":"w","10":"m","11":"e","12":"d","2":"t","3":" ","4":"m","5":"a","6":"l","7":"f","8":"o","9":"r","environment":"development","level":"error","message":"Access token verification failed:","service":"aluma-banking-api","timestamp":"2025-11-13 11:00:23"}
{"0":"j","1":"w","10":"m","11":"e","12":"d","2":"t","3":" ","4":"m","5":"a","6":"l","7":"f","8":"o","9":"r","environment":"development","level":"error","message":"Access token verification failed:","service":"aluma-banking-api","timestamp":"2025-11-13 11:00:23"}
{"0":"j","1":"w","10":"m","11":"e","12":"d","2":"t","3":" ","4":"m","5":"a","6":"l","7":"f","8":"o","9":"r","environment":"development","level":"error","message":"Access token verification failed:","service":"aluma-banking-api","timestamp":"2025-11-13 11:00:53"}
{"0":"j","1":"w","10":"m","11":"e","12":"d","2":"t","3":" ","4":"m","5":"a","6":"l","7":"f","8":"o","9":"r","environment":"development","level":"error","message":"Access token verification failed:","service":"aluma-banking-api","timestamp":"2025-11-13 11:01:23"}
{"0":"j","1":"w","10":"m","11":"e","12":"d","2":"t","3":" ","4":"m","5":"a","6":"l","7":"f","8":"o","9":"r","environment":"development","level":"error","message":"Access token verification failed:","service":"aluma-banking-api","timestamp":"2025-11-13 11:01:53"}
{"0":"j","1":"w","10":"m","11":"e","12":"d","2":"t","3":" ","4":"m","5":"a","6":"l","7":"f","8":"o","9":"r","environment":"development","level":"error","message":"Access token verification failed:","service":"aluma-banking-api","timestamp":"2025-11-13 11:02:23"}
{"0":"j","1":"w","10":"m","11":"e","12":"d","2":"t","3":" ","4":"m","5":"a","6":"l","7":"f","8":"o","9":"r","environment":"development","level":"error","message":"Access token verification failed:","service":"aluma-banking-api","timestamp":"2025-11-13 11:02:54"}
{"0":"j","1":"w","10":"m","11":"e","12":"d","2":"t","3":" ","4":"m","5":"a","6":"l","7":"f","8":"o","9":"r","environment":"development","level":"error","message":"Access token verification failed:","service":"aluma-banking-api","timestamp":"2025-11-13 11:03:23"}
{"0":"j","1":"w","10":"m","11":"e","12":"d","2":"t","3":" ","4":"m","5":"a","6":"l","7":"f","8":"o","9":"r","environment":"development","level":"error","message":"Access token verification failed:","service":"aluma-banking-api","timestamp":"2025-11-13 11:03:53"}
{"0":"j","1":"w","10":"m","11":"e","12":"d","2":"t","3":" ","4":"m","5":"a","6":"l","7":"f","8":"o","9":"r","environment":"development","level":"error","message":"Access token verification failed:","service":"aluma-banking-api","timestamp":"2025-11-13 11:04:23"}
{"0":"j","1":"w","10":"m","11":"e","12":"d","2":"t","3":" ","4":"m","5":"a","6":"l","7":"f","8":"o","9":"r","environment":"development","level":"error","message":"Access token verification failed:","service":"aluma-banking-api","timestamp":"2025-11-13 11:04:54"}
{"0":"j","1":"w","10":"m","11":"e","12":"d","2":"t","3":" ","4":"m","5":"a","6":"l","7":"f","8":"o","9":"r","environment":"development","level":"error","message":"Access token verification failed:","service":"aluma-banking-api","timestamp":"2025-11-13 11:05:23"}
{"0":"j","1":"w","10":"m","11":"e","12":"d","2":"t","3":" ","4":"m","5":"a","6":"l","7":"f","8":"o","9":"r","environment":"development","level":"error","message":"Access token verification failed:","service":"aluma-banking-api","timestamp":"2025-11-13 11:05:53"}
{"0":"j","1":"w","10":"m","11":"e","12":"d","2":"t","3":" ","4":"m","5":"a","6":"l","7":"f","8":"o","9":"r","environment":"development","level":"error","message":"Access token verification failed:","service":"aluma-banking-api","timestamp":"2025-11-13 11:06:23"}
{"0":"j","1":"w","10":"m","11":"e","12":"d","2":"t","3":" ","4":"m","5":"a","6":"l","7":"f","8":"o","9":"r","environment":"development","level":"error","message":"Access token verification failed:","service":"aluma-banking-api","timestamp":"2025-11-13 11:06:53"}
{"0":"j","1":"w","10":"m","11":"e","12":"d","2":"t","3":" ","4":"m","5":"a","6":"l","7":"f","8":"o","9":"r","environment":"development","level":"error","message":"Access token verification failed:","service":"aluma-banking-api","timestamp":"2025-11-13 11:07:23"}
{"0":"j","1":"w","10":"m","11":"e","12":"d","2":"t","3":" ","4":"m","5":"a","6":"l","7":"f","8":"o","9":"r","environment":"development","level":"error","message":"Access token verification failed:","service":"aluma-banking-api","timestamp":"2025-11-13 11:07:53"}
{"0":"j","1":"w","10":"m","11":"e","12":"d","2":"t","3":" ","4":"m","5":"a","6":"l","7":"f","8":"o","9":"r","environment":"development","level":"error","message":"Access token verification failed:","service":"aluma-banking-api","timestamp":"2025-11-13 11:08:24"}
{"0":"j","1":"w","10":"m","11":"e","12":"d","2":"t","3":" ","4":"m","5":"a","6":"l","7":"f","8":"o","9":"r","environment":"development","level":"error","message":"Access token verification failed:","service":"aluma-banking-api","timestamp":"2025-11-13 11:08:53"}
{"0":"j","1":"w","10":"m","11":"e","12":"d","2":"t","3":" ","4":"m","5":"a","6":"l","7":"f","8":"o","9":"r","environment":"development","level":"error","message":"Access token verification failed:","service":"aluma-banking-api","timestamp":"2025-11-13 11:09:23"}
{"0":"j","1":"w","10":"m","11":"e","12":"d","2":"t","3":" ","4":"m","5":"a","6":"l","7":"f","8":"o","9":"r","environment":"development","level":"error","message":"Access token verification failed:","service":"aluma-banking-api","timestamp":"2025-11-13 11:09:54"}
{"0":"j","1":"w","10":"m","11":"e","12":"d","2":"t","3":" ","4":"m","5":"a","6":"l","7":"f","8":"o","9":"r","environment":"development","level":"error","message":"Access token verification failed:","service":"aluma-banking-api","timestamp":"2025-11-13 11:10:23"}
{"0":"j","1":"w","10":"m","11":"e","12":"d","2":"t","3":" ","4":"m","5":"a","6":"l","7":"f","8":"o","9":"r","environment":"development","level":"error","message":"Access token verification failed:","service":"aluma-banking-api","timestamp":"2025-11-13 11:10:53"}
{"0":"j","1":"w","10":"m","11":"e","12":"d","2":"t","3":" ","4":"m","5":"a","6":"l","7":"f","8":"o","9":"r","environment":"development","level":"error","message":"Access token verification failed:","service":"aluma-banking-api","timestamp":"2025-11-13 11:11:24"}
{"0":"j","1":"w","10":"m","11":"e","12":"d","2":"t","3":" ","4":"m","5":"a","6":"l","7":"f","8":"o","9":"r","environment":"development","level":"error","message":"Access token verification failed:","service":"aluma-banking-api","timestamp":"2025-11-13 11:11:53"}
{"0":"j","1":"w","10":"m","11":"e","12":"d","2":"t","3":" ","4":"m","5":"a","6":"l","7":"f","8":"o","9":"r","environment":"development","level":"error","message":"Access token verification failed:","service":"aluma-banking-api","timestamp":"2025-11-13 11:12:24"}
{"0":"j","1":"w","10":"m","11":"e","12":"d","2":"t","3":" ","4":"m","5":"a","6":"l","7":"f","8":"o","9":"r","environment":"development","level":"error","message":"Access token verification failed:","service":"aluma-banking-api","timestamp":"2025-11-13 11:12:53"}
{"0":"j","1":"w","10":"m","11":"e","12":"d","2":"t","3":" ","4":"m","5":"a","6":"l","7":"f","8":"o","9":"r","environment":"development","level":"error","message":"Access token verification failed:","service":"aluma-banking-api","timestamp":"2025-11-13 11:13:23"}
{"0":"j","1":"w","10":"m","11":"e","12":"d","2":"t","3":" ","4":"m","5":"a","6":"l","7":"f","8":"o","9":"r","environment":"development","level":"error","message":"Access token verification failed:","service":"aluma-banking-api","timestamp":"2025-11-13 11:13:53"}
{"0":"j","1":"w","10":"m","11":"e","12":"d","2":"t","3":" ","4":"m","5":"a","6":"l","7":"f","8":"o","9":"r","environment":"development","level":"error","message":"Access token verification failed:","service":"aluma-banking-api","timestamp":"2025-11-13 11:14:24"}
{"0":"j","1":"w","10":"m","11":"e","12":"d","2":"t","3":" ","4":"m","5":"a","6":"l","7":"f","8":"o","9":"r","environment":"development","level":"error","message":"Access token verification failed:","service":"aluma-banking-api","timestamp":"2025-11-13 11:14:53"}
{"0":"j","1":"w","10":"m","11":"e","12":"d","2":"t","3":" ","4":"m","5":"a","6":"l","7":"f","8":"o","9":"r","environment":"development","level":"error","message":"Access token verification failed:","service":"aluma-banking-api","timestamp":"2025-11-13 11:15:23"}
{"0":"j","1":"w","10":"m","11":"e","12":"d","2":"t","3":" ","4":"m","5":"a","6":"l","7":"f","8":"o","9":"r","environment":"development","level":"error","message":"Access token verification failed:","service":"aluma-banking-api","timestamp":"2025-11-13 11:15:53"}
{"0":"j","1":"w","10":"m","11":"e","12":"d","2":"t","3":" ","4":"m","5":"a","6":"l","7":"f","8":"o","9":"r","environment":"development","level":"error","message":"Access token verification failed:","service":"aluma-banking-api","timestamp":"2025-11-13 11:16:24"}
{"0":"j","1":"w","10":"m","11":"e","12":"d","2":"t","3":" ","4":"m","5":"a","6":"l","7":"f","8":"o","9":"r","environment":"development","level":"error","message":"Access token verification failed:","service":"aluma-banking-api","timestamp":"2025-11-13 11:17:01"}
{"0":"j","1":"w","10":"m","11":"e","12":"d","2":"t","3":" ","4":"m","5":"a","6":"l","7":"f","8":"o","9":"r","environment":"development","level":"error","message":"Access token verification failed:","service":"aluma-banking-api","timestamp":"2025-11-13 11:17:23"}
{"0":"j","1":"w","10":"m","11":"e","12":"d","2":"t","3":" ","4":"m","5":"a","6":"l","7":"f","8":"o","9":"r","environment":"development","level":"error","message":"Access token verification failed:","service":"aluma-banking-api","timestamp":"2025-11-13 11:17:53"}
{"0":"j","1":"w","10":"m","11":"e","12":"d","2":"t","3":" ","4":"m","5":"a","6":"l","7":"f","8":"o","9":"r","environment":"development","level":"error","message":"Access token verification failed:","service":"aluma-banking-api","timestamp":"2025-11-13 11:18:24"}
{"0":"j","1":"w","10":"m","11":"e","12":"d","2":"t","3":" ","4":"m","5":"a","6":"l","7":"f","8":"o","9":"r","environment":"development","level":"error","message":"Access token verification failed:","service":"aluma-banking-api","timestamp":"2025-11-13 11:18:50"}
{"0":"j","1":"w","10":"m","11":"e","12":"d","2":"t","3":" ","4":"m","5":"a","6":"l","7":"f","8":"o","9":"r","environment":"development","level":"error","message":"Access token verification failed:","service":"aluma-banking-api","timestamp":"2025-11-13 11:18:52"}
{"0":"j","1":"w","10":"d","2":"t","3":" ","4":"e","5":"x","6":"p","7":"i","8":"r","9":"e","environment":"development","level":"error","message":"Access token verification failed:","service":"aluma-banking-api","timestamp":"2025-11-13 11:19:08"}
{"0":"j","1":"w","10":"m","11":"e","12":"d","2":"t","3":" ","4":"m","5":"a","6":"l","7":"f","8":"o","9":"r","environment":"development","level":"error","message":"Access token verification failed:","service":"aluma-banking-api","timestamp":"2025-11-13 11:19:08"}
{"environment":"development","level":"info","message":"User logged in: barsolomonokpai@gmail.com","service":"aluma-banking-api","timestamp":"2025-11-13 11:19:41"}
{"environment":"development","level":"warn","message":"Route not found: /api/v1/user/me","method":"GET","service":"aluma-banking-api","statusCode":404,"timestamp":"2025-11-13 11:20:24","url":"/api/v1/user/me"}
{"0":"j","1":"w","10":"m","11":"e","12":"d","2":"t","3":" ","4":"m","5":"a","6":"l","7":"f","8":"o","9":"r","environment":"development","level":"error","message":"Access token verification failed:","service":"aluma-banking-api","timestamp":"2025-11-13 11:20:29"}
{"0":"j","1":"w","10":"m","11":"e","12":"d","2":"t","3":" ","4":"m","5":"a","6":"l","7":"f","8":"o","9":"r","environment":"development","level":"error","message":"Access token verification failed:","service":"aluma-banking-api","timestamp":"2025-11-13 11:20:29"}
{"0":"j","1":"w","10":"d","2":"t","3":" ","4":"e","5":"x","6":"p","7":"i","8":"r","9":"e","environment":"development","level":"error","message":"Access token verification failed:","service":"aluma-banking-api","timestamp":"2025-11-13 11:34:42"}
{"environment":"development","level":"info","message":"User logged in: barsolomonokpai@gmail.com","service":"aluma-banking-api","timestamp":"2025-11-13 11:52:11"}
{"environment":"development","error":"column t.type does not exist","level":"error","message":"Query error","service":"aluma-banking-api","text":"\n    SELECT \n      t.*,\n      a.account_number\n    FROM transactions t\n    INNER JOIN accounts a ON t.account_id = a.id\n    WHERE a.user_id = $1\n    AND t.type IN ('deposit', 'withdrawal', 'transfer_in', 'transfer_out')\n    ORDER BY t.created_at DESC\n    LIMIT $2 OFFSET $3\n  ","timestamp":"2025-11-13 12:01:42"}
{"environment":"development","ip":"127.0.0.1","level":"error","message":"column t.type does not exist","method":"GET","service":"aluma-banking-api","stack":"error: column t.type does not exist\n    at C:\\website work\\Aluma\\winnerscoins.com\\aluma-broker-backend\\node_modules\\pg-pool\\index.js:45:11\n    at process.processTicksAndRejections (node:internal/process/task_queues:105:5)\n    at async query (C:\\website work\\Aluma\\winnerscoins.com\\aluma-broker-backend\\config\\database.js:45:17)\n    at async C:\\website work\\Aluma\\winnerscoins.com\\aluma-broker-backend\\controllers\\funding.controller.js:336:18","timestamp":"2025-11-13 12:01:42","url":"/api/v1/funding/transactions?limit=10","userId":"4f575d06-c628-4686-8ac0-b95d2759ea7d"}
{"0":"j","1":"w","10":"d","2":"t","3":" ","4":"e","5":"x","6":"p","7":"i","8":"r","9":"e","environment":"development","level":"error","message":"Access token verification failed:","service":"aluma-banking-api","timestamp":"2025-11-13 12:08:04"}
{"environment":"development","level":"info","message":"User logged in: barsolomonokpai@gmail.com","service":"aluma-banking-api","timestamp":"2025-11-13 12:08:27"}
{"environment":"development","error":"column t.type does not exist","level":"error","message":"Query error","service":"aluma-banking-api","text":"\n    SELECT \n      t.*,\n      a.account_number\n    FROM transactions t\n    INNER JOIN accounts a ON t.account_id = a.id\n    WHERE a.user_id = $1\n    AND t.type IN ('deposit', 'withdrawal', 'transfer_in', 'transfer_out')\n    ORDER BY t.created_at DESC\n    LIMIT $2 OFFSET $3\n  ","timestamp":"2025-11-13 12:09:00"}
{"environment":"development","ip":"127.0.0.1","level":"error","message":"column t.type does not exist","method":"GET","service":"aluma-banking-api","stack":"error: column t.type does not exist\n    at C:\\website work\\Aluma\\winnerscoins.com\\aluma-broker-backend\\node_modules\\pg-pool\\index.js:45:11\n    at process.processTicksAndRejections (node:internal/process/task_queues:105:5)\n    at async query (C:\\website work\\Aluma\\winnerscoins.com\\aluma-broker-backend\\config\\database.js:45:17)\n    at async C:\\website work\\Aluma\\winnerscoins.com\\aluma-broker-backend\\controllers\\funding.controller.js:336:18","timestamp":"2025-11-13 12:09:00","url":"/api/v1/funding/transactions?limit=10","userId":"4f575d06-c628-4686-8ac0-b95d2759ea7d"}
{"environment":"development","error":"column t.type does not exist","level":"error","message":"Query error","service":"aluma-banking-api","text":"\n    SELECT \n      t.*,\n      a.account_number\n    FROM transactions t\n    INNER JOIN accounts a ON t.account_id = a.id\n    WHERE a.user_id = $1\n    AND t.type IN ('deposit', 'withdrawal', 'transfer_in', 'transfer_out')\n    ORDER BY t.created_at DESC\n    LIMIT $2 OFFSET $3\n  ","timestamp":"2025-11-13 12:09:09"}
{"environment":"development","ip":"127.0.0.1","level":"error","message":"column t.type does not exist","method":"GET","service":"aluma-banking-api","stack":"error: column t.type does not exist\n    at C:\\website work\\Aluma\\winnerscoins.com\\aluma-broker-backend\\node_modules\\pg-pool\\index.js:45:11\n    at process.processTicksAndRejections (node:internal/process/task_queues:105:5)\n    at async query (C:\\website work\\Aluma\\winnerscoins.com\\aluma-broker-backend\\config\\database.js:45:17)\n    at async C:\\website work\\Aluma\\winnerscoins.com\\aluma-broker-backend\\controllers\\funding.controller.js:336:18","timestamp":"2025-11-13 12:09:09","url":"/api/v1/funding/transactions?limit=10","userId":"4f575d06-c628-4686-8ac0-b95d2759ea7d"}
{"0":"j","1":"w","10":"d","2":"t","3":" ","4":"e","5":"x","6":"p","7":"i","8":"r","9":"e","environment":"development","level":"error","message":"Access token verification failed:","service":"aluma-banking-api","timestamp":"2025-11-13 14:39:18"}
