{"environment":"development","level":"info","message":"Cleaning up expired sessions","service":"aluma-banking-api","timestamp":"2025-11-09 09:18:48"}
{"environment":"development","level":"info","message":"Cleaning old data","service":"aluma-banking-api","timestamp":"2025-11-09 09:20:33"}
{"environment":"development","level":"info","message":"Checking price alerts","service":"aluma-banking-api","timestamp":"2025-11-09 09:20:45"}
{"environment":"development","level":"info","message":"Processing portfolio valuations update","service":"aluma-banking-api","timestamp":"2025-11-09 09:21:33"}
{"environment":"development","level":"info","message":"Expired 0 sessions","service":"aluma-banking-api","timestamp":"2025-11-09 09:21:41"}
{"environment":"development","level":"warn","message":"Job cleanup:repeat:0baf85e5b1313c58d666398323c93715:1762563600000 stalled","service":"aluma-banking-api","timestamp":"2025-11-09 09:21:58"}
{"environment":"development","level":"warn","message":"Job cleanup:repeat:847a19d014497606d6bdfa348b9f08a3:1762545600000 stalled","service":"aluma-banking-api","timestamp":"2025-11-09 09:21:59"}
{"environment":"development","level":"warn","message":"Job portfolio:repeat:a788c5ce0eb4ce217ed9cda0c945f2fe:1762551000000 stalled","service":"aluma-banking-api","timestamp":"2025-11-09 09:22:14"}
{"environment":"development","level":"warn","message":"Job alerts:repeat:a2207a63e8fb94ef36a747af8faf0fb2:1762543500000 stalled","service":"aluma-banking-api","timestamp":"2025-11-09 09:22:28"}
{"environment":"development","error":"Connection terminated due to connection timeout","level":"error","message":"Query error","service":"aluma-banking-api","text":"\n      SELECT a.*, u.email, s.symbol, s.last_price\n      FROM price_alerts a\n      INNER JOIN users u ON a.user_id = u.id\n      INNER JOIN securities s ON a.security_id = s.id\n      WHERE a.status = 'active' AND a.triggered = false\n    ","timestamp":"2025-11-09 09:22:44"}
{"cause":{},"environment":"development","level":"error","message":"Failed to check price alerts: Connection terminated due to connection timeout","service":"aluma-banking-api","stack":"Error: Connection terminated due to connection timeout\n    at C:\\website work\\Aluma\\winnerscoins.com\\aluma-broker-backend\\node_modules\\pg-pool\\index.js:45:11\n    at process.processTicksAndRejections (node:internal/process/task_queues:105:5)\n    at async query (C:\\website work\\Aluma\\winnerscoins.com\\aluma-broker-backend\\config\\database.js:39:17)\n    at async Queue.<anonymous> (C:\\website work\\Aluma\\winnerscoins.com\\aluma-broker-backend\\jobs\\index.js:194:26)","timestamp":"2025-11-09 09:22:53"}
{"environment":"development","level":"info","message":"Cleaned 0 login records, 0 audit logs","service":"aluma-banking-api","timestamp":"2025-11-09 09:22:58"}
{"environment":"development","error":"Connection terminated due to connection timeout","level":"error","message":"Query error","service":"aluma-banking-api","text":"\n      SELECT DISTINCT a.id, a.user_id\n      FROM accounts a\n      INNER JOIN positions p ON a.id = p.account_id\n      WHERE a.status = 'active' AND p.quantity > 0\n    ","timestamp":"2025-11-09 09:23:00"}
{"cause":{},"environment":"development","level":"error","message":"Failed to update portfolio valuations: Connection terminated due to connection timeout","service":"aluma-banking-api","stack":"Error: Connection terminated due to connection timeout\n    at C:\\website work\\Aluma\\winnerscoins.com\\aluma-broker-backend\\node_modules\\pg-pool\\index.js:45:11\n    at process.processTicksAndRejections (node:internal/process/task_queues:105:5)\n    at async query (C:\\website work\\Aluma\\winnerscoins.com\\aluma-broker-backend\\config\\database.js:39:17)\n    at async Queue.<anonymous> (C:\\website work\\Aluma\\winnerscoins.com\\aluma-broker-backend\\jobs\\index.js:118:28)","timestamp":"2025-11-09 09:23:00"}
{"environment":"development","level":"info","message":"Processing portfolio valuations update","service":"aluma-banking-api","timestamp":"2025-11-09 09:23:06"}
{"environment":"development","level":"info","message":"Checking price alerts","service":"aluma-banking-api","timestamp":"2025-11-09 09:23:09"}
{"environment":"development","level":"info","message":"Cleaning up expired sessions","service":"aluma-banking-api","timestamp":"2025-11-09 09:23:12"}
{"environment":"development","level":"info","message":"Cleaning old data","service":"aluma-banking-api","timestamp":"2025-11-09 09:23:55"}
{"environment":"development","level":"info","message":"Updating valuations for 0 accounts","service":"aluma-banking-api","timestamp":"2025-11-09 09:23:55"}
{"environment":"development","level":"info","message":"Portfolio valuations updated successfully","service":"aluma-banking-api","timestamp":"2025-11-09 09:23:55"}
{"environment":"development","error":"Connection terminated due to connection timeout","level":"error","message":"Query error","service":"aluma-banking-api","text":"\n      UPDATE user_sessions\n      SET is_active = false\n      WHERE expires_at < CURRENT_TIMESTAMP AND is_active = true\n      RETURNING id\n    ","timestamp":"2025-11-09 09:23:56"}
{"cause":{},"environment":"development","level":"error","message":"Failed to expire sessions: Connection terminated due to connection timeout","service":"aluma-banking-api","stack":"Error: Connection terminated due to connection timeout\n    at C:\\website work\\Aluma\\winnerscoins.com\\aluma-broker-backend\\node_modules\\pg-pool\\index.js:45:11\n    at process.processTicksAndRejections (node:internal/process/task_queues:105:5)\n    at async query (C:\\website work\\Aluma\\winnerscoins.com\\aluma-broker-backend\\config\\database.js:39:17)\n    at async Queue.<anonymous> (C:\\website work\\Aluma\\winnerscoins.com\\aluma-broker-backend\\jobs\\index.js:308:20)","timestamp":"2025-11-09 09:23:56"}
{"environment":"development","error":"Connection terminated due to connection timeout","level":"error","message":"Query error","service":"aluma-banking-api","text":"\n      SELECT a.*, u.email, s.symbol, s.last_price\n      FROM price_alerts a\n      INNER JOIN users u ON a.user_id = u.id\n      INNER JOIN securities s ON a.security_id = s.id\n      WHERE a.status = 'active' AND a.triggered = false\n    ","timestamp":"2025-11-09 09:23:57"}
{"cause":{},"environment":"development","level":"error","message":"Failed to check price alerts: Connection terminated due to connection timeout","service":"aluma-banking-api","stack":"Error: Connection terminated due to connection timeout\n    at C:\\website work\\Aluma\\winnerscoins.com\\aluma-broker-backend\\node_modules\\pg-pool\\index.js:45:11\n    at process.processTicksAndRejections (node:internal/process/task_queues:105:5)\n    at async query (C:\\website work\\Aluma\\winnerscoins.com\\aluma-broker-backend\\config\\database.js:39:17)\n    at async Queue.<anonymous> (C:\\website work\\Aluma\\winnerscoins.com\\aluma-broker-backend\\jobs\\index.js:194:26)","timestamp":"2025-11-09 09:23:58"}
{"environment":"development","level":"error","message":"Job portfolio:repeat:a788c5ce0eb4ce217ed9cda0c945f2fe:1762551000000 failed: job stalled more than allowable limit","service":"aluma-banking-api","stack":"Error: job stalled more than allowable limit\n    at C:\\website work\\Aluma\\winnerscoins.com\\aluma-broker-backend\\node_modules\\bull\\lib\\queue.js:1061:13\n    at process.processTicksAndRejections (node:internal/process/task_queues:105:5)\n    at async Promise.all (index 0)","timestamp":"2025-11-09 09:24:07"}
{"environment":"development","level":"info","message":"Checking price alerts","service":"aluma-banking-api","timestamp":"2025-11-09 09:24:14"}
{"environment":"development","level":"info","message":"Price alerts checked. 0 triggered out of 0","service":"aluma-banking-api","timestamp":"2025-11-09 09:24:18"}
{"environment":"development","level":"error","message":"Job alerts:repeat:a2207a63e8fb94ef36a747af8faf0fb2:1762543500000 failed: job stalled more than allowable limit","service":"aluma-banking-api","stack":"Error: job stalled more than allowable limit\n    at C:\\website work\\Aluma\\winnerscoins.com\\aluma-broker-backend\\node_modules\\bull\\lib\\queue.js:1061:13\n    at process.processTicksAndRejections (node:internal/process/task_queues:105:5)\n    at async Promise.all (index 0)","timestamp":"2025-11-09 09:24:27"}
{"environment":"development","level":"error","message":"Job cleanup:repeat:0baf85e5b1313c58d666398323c93715:1762563600000 failed: job stalled more than allowable limit","service":"aluma-banking-api","stack":"Error: job stalled more than allowable limit\n    at C:\\website work\\Aluma\\winnerscoins.com\\aluma-broker-backend\\node_modules\\bull\\lib\\queue.js:1061:13\n    at process.processTicksAndRejections (node:internal/process/task_queues:105:5)\n    at async Promise.all (index 0)","timestamp":"2025-11-09 09:24:27"}
{"environment":"development","level":"error","message":"Job cleanup:repeat:847a19d014497606d6bdfa348b9f08a3:1762545600000 failed: job stalled more than allowable limit","service":"aluma-banking-api","stack":"Error: job stalled more than allowable limit\n    at C:\\website work\\Aluma\\winnerscoins.com\\aluma-broker-backend\\node_modules\\bull\\lib\\queue.js:1061:13\n    at process.processTicksAndRejections (node:internal/process/task_queues:105:5)\n    at async Promise.all (index 1)","timestamp":"2025-11-09 09:24:27"}
{"environment":"development","level":"info","message":"Cleaned 0 login records, 0 audit logs","service":"aluma-banking-api","timestamp":"2025-11-09 09:24:27"}
{"environment":"development","level":"info","message":"Checking price alerts","service":"aluma-banking-api","timestamp":"2025-11-09 09:25:01"}
{"environment":"development","level":"info","message":"Price alerts checked. 0 triggered out of 0","service":"aluma-banking-api","timestamp":"2025-11-09 09:25:08"}
{"environment":"development","level":"info","message":"Checking price alerts","service":"aluma-banking-api","timestamp":"2025-11-09 09:30:00"}
{"environment":"development","level":"info","message":"Price alerts checked. 0 triggered out of 0","service":"aluma-banking-api","timestamp":"2025-11-09 09:30:01"}
{"environment":"development","level":"info","message":"Checking price alerts","service":"aluma-banking-api","timestamp":"2025-11-09 09:35:00"}
{"environment":"development","level":"info","message":"Price alerts checked. 0 triggered out of 0","service":"aluma-banking-api","timestamp":"2025-11-09 09:35:02"}
