{"environment":"development","level":"info","message":"WebSocket server initialized successfully","service":"aluma-banking-api","timestamp":"2025-11-11 08:29:38"}
{"cause":{},"environment":"development","level":"error","message":"Failed to start server: Connection terminated due to connection timeout","service":"aluma-banking-api","stack":"Error: Connection terminated due to connection timeout\n    at C:\\website work\\Aluma\\winnerscoins.com\\aluma-broker-backend\\node_modules\\pg-pool\\index.js:45:11\n    at process.processTicksAndRejections (node:internal/process/task_queues:105:5)\n    at async startServer (C:\\website work\\Aluma\\winnerscoins.com\\aluma-broker-backend\\server.js:211:5)","timestamp":"2025-11-11 08:30:10"}
{"environment":"development","level":"info","message":"WebSocket server initialized successfully","service":"aluma-banking-api","timestamp":"2025-11-11 08:52:01"}
{"environment":"development","level":"info","message":"Database connection established","service":"aluma-banking-api","timestamp":"2025-11-11 08:52:50"}
{"environment":"development","level":"info","message":"Initializing background jobs...","service":"aluma-banking-api","timestamp":"2025-11-11 08:52:50"}
{"environment":"development","level":"info","message":"Background jobs initialized successfully","service":"aluma-banking-api","timestamp":"2025-11-11 08:52:50"}
{"environment":"development","level":"info","message":"🚀 Server running on http://0.0.0.0:3000","service":"aluma-banking-api","timestamp":"2025-11-11 08:52:51"}
{"environment":"development","level":"info","message":"📊 Environment: development","service":"aluma-banking-api","timestamp":"2025-11-11 08:52:52"}
{"environment":"development","level":"info","message":"🔌 WebSocket server initialized","service":"aluma-banking-api","timestamp":"2025-11-11 08:52:52"}
{"environment":"development","level":"info","message":"📝 API Documentation: http://0.0.0.0:3000/api/v1","service":"aluma-banking-api","timestamp":"2025-11-11 08:52:52"}
{"environment":"development","level":"info","message":"Processing portfolio valuations update","service":"aluma-banking-api","timestamp":"2025-11-11 08:52:53"}
{"environment":"development","level":"info","message":"Cleaning up expired sessions","service":"aluma-banking-api","timestamp":"2025-11-11 08:52:53"}
{"environment":"development","level":"info","message":"Cleaning old data","service":"aluma-banking-api","timestamp":"2025-11-11 08:52:53"}
{"environment":"development","level":"info","message":"Checking price alerts","service":"aluma-banking-api","timestamp":"2025-11-11 08:52:53"}
{"environment":"development","level":"info","message":"Expired 0 sessions","service":"aluma-banking-api","timestamp":"2025-11-11 08:53:11"}
{"environment":"development","level":"info","message":"Cleaned 0 login records, 0 audit logs","service":"aluma-banking-api","timestamp":"2025-11-11 08:53:11"}
{"environment":"development","level":"info","message":"Price alerts checked. 0 triggered out of 0","service":"aluma-banking-api","timestamp":"2025-11-11 08:53:14"}
{"environment":"development","level":"info","message":"Updating valuations for 0 accounts","service":"aluma-banking-api","timestamp":"2025-11-11 08:53:14"}
{"environment":"development","level":"info","message":"Portfolio valuations updated successfully","service":"aluma-banking-api","timestamp":"2025-11-11 08:53:15"}
{"environment":"development","level":"warn","message":"Job alerts:repeat:a2207a63e8fb94ef36a747af8faf0fb2:1762800300000 stalled","service":"aluma-banking-api","timestamp":"2025-11-11 08:53:32"}
{"environment":"development","level":"info","message":"Checking price alerts","service":"aluma-banking-api","timestamp":"2025-11-11 08:53:32"}
{"environment":"development","level":"info","message":"Price alerts checked. 0 triggered out of 0","service":"aluma-banking-api","timestamp":"2025-11-11 08:53:32"}
{"environment":"development","level":"warn","message":"Job cleanup:repeat:0baf85e5b1313c58d666398323c93715:1762822800000 stalled","service":"aluma-banking-api","timestamp":"2025-11-11 08:54:02"}
{"environment":"development","level":"warn","message":"Job cleanup:repeat:847a19d014497606d6bdfa348b9f08a3:1762801200000 stalled","service":"aluma-banking-api","timestamp":"2025-11-11 08:54:02"}
{"environment":"development","level":"warn","message":"Job portfolio:repeat:a788c5ce0eb4ce217ed9cda0c945f2fe:1762810200000 stalled","service":"aluma-banking-api","timestamp":"2025-11-11 08:54:02"}
{"environment":"development","level":"info","message":"Cleaning up expired sessions","service":"aluma-banking-api","timestamp":"2025-11-11 08:54:02"}
{"environment":"development","level":"info","message":"Cleaning old data","service":"aluma-banking-api","timestamp":"2025-11-11 08:54:02"}
{"environment":"development","level":"info","message":"Processing portfolio valuations update","service":"aluma-banking-api","timestamp":"2025-11-11 08:54:02"}
{"environment":"development","level":"info","message":"Expired 0 sessions","service":"aluma-banking-api","timestamp":"2025-11-11 08:54:02"}
{"environment":"development","level":"info","message":"Cleaned 0 login records, 0 audit logs","service":"aluma-banking-api","timestamp":"2025-11-11 08:54:02"}
{"environment":"development","level":"info","message":"Updating valuations for 0 accounts","service":"aluma-banking-api","timestamp":"2025-11-11 08:54:02"}
{"environment":"development","level":"info","message":"Portfolio valuations updated successfully","service":"aluma-banking-api","timestamp":"2025-11-11 08:54:02"}
{"environment":"development","level":"info","message":"Checking price alerts","service":"aluma-banking-api","timestamp":"2025-11-11 08:55:00"}
{"environment":"development","level":"info","message":"Price alerts checked. 0 triggered out of 0","service":"aluma-banking-api","timestamp":"2025-11-11 08:55:00"}
{"environment":"development","level":"info","message":"Cleaning up expired sessions","service":"aluma-banking-api","timestamp":"2025-11-11 09:00:01"}
{"environment":"development","level":"info","message":"Checking price alerts","service":"aluma-banking-api","timestamp":"2025-11-11 09:00:01"}
{"environment":"development","level":"info","message":"Expired 0 sessions","service":"aluma-banking-api","timestamp":"2025-11-11 09:00:01"}
{"environment":"development","level":"info","message":"Price alerts checked. 0 triggered out of 0","service":"aluma-banking-api","timestamp":"2025-11-11 09:00:01"}
{"environment":"development","level":"info","message":"Checking price alerts","service":"aluma-banking-api","timestamp":"2025-11-11 09:05:00"}
{"environment":"development","level":"info","message":"Price alerts checked. 0 triggered out of 0","service":"aluma-banking-api","timestamp":"2025-11-11 09:05:00"}
{"environment":"development","level":"info","message":"Checking price alerts","service":"aluma-banking-api","timestamp":"2025-11-11 09:10:00"}
{"environment":"development","level":"info","message":"Price alerts checked. 0 triggered out of 0","service":"aluma-banking-api","timestamp":"2025-11-11 09:10:00"}
{"environment":"development","level":"info","message":"Checking price alerts","service":"aluma-banking-api","timestamp":"2025-11-11 09:15:00"}
{"environment":"development","level":"info","message":"Price alerts checked. 0 triggered out of 0","service":"aluma-banking-api","timestamp":"2025-11-11 09:15:00"}
{"environment":"development","level":"info","message":"Checking price alerts","service":"aluma-banking-api","timestamp":"2025-11-11 09:20:01"}
{"environment":"development","level":"info","message":"Price alerts checked. 0 triggered out of 0","service":"aluma-banking-api","timestamp":"2025-11-11 09:20:01"}
{"environment":"development","level":"info","message":"Checking price alerts","service":"aluma-banking-api","timestamp":"2025-11-11 09:25:00"}
{"environment":"development","level":"info","message":"Price alerts checked. 0 triggered out of 0","service":"aluma-banking-api","timestamp":"2025-11-11 09:25:01"}
{"environment":"development","level":"info","message":"Checking price alerts","service":"aluma-banking-api","timestamp":"2025-11-11 09:30:05"}
{"environment":"development","level":"info","message":"Price alerts checked. 0 triggered out of 0","service":"aluma-banking-api","timestamp":"2025-11-11 09:30:07"}
{"environment":"development","level":"info","message":"Checking price alerts","service":"aluma-banking-api","timestamp":"2025-11-11 09:35:01"}
{"environment":"development","level":"info","message":"Price alerts checked. 0 triggered out of 0","service":"aluma-banking-api","timestamp":"2025-11-11 09:35:01"}
{"environment":"development","level":"info","message":"Checking price alerts","service":"aluma-banking-api","timestamp":"2025-11-11 09:40:02"}
{"environment":"development","level":"info","message":"Price alerts checked. 0 triggered out of 0","service":"aluma-banking-api","timestamp":"2025-11-11 09:40:02"}
{"environment":"development","level":"info","message":"Checking price alerts","service":"aluma-banking-api","timestamp":"2025-11-11 09:45:01"}
{"environment":"development","level":"info","message":"Price alerts checked. 0 triggered out of 0","service":"aluma-banking-api","timestamp":"2025-11-11 09:45:01"}
{"environment":"development","level":"info","message":"Checking price alerts","service":"aluma-banking-api","timestamp":"2025-11-11 09:50:04"}
{"environment":"development","level":"info","message":"Price alerts checked. 0 triggered out of 0","service":"aluma-banking-api","timestamp":"2025-11-11 09:50:06"}
{"environment":"development","level":"info","message":"Checking price alerts","service":"aluma-banking-api","timestamp":"2025-11-11 09:55:02"}
{"environment":"development","level":"info","message":"Price alerts checked. 0 triggered out of 0","service":"aluma-banking-api","timestamp":"2025-11-11 09:55:02"}
{"environment":"development","level":"info","message":"Checking price alerts","service":"aluma-banking-api","timestamp":"2025-11-11 10:00:03"}
{"environment":"development","level":"info","message":"Cleaning up expired sessions","service":"aluma-banking-api","timestamp":"2025-11-11 10:00:03"}
{"environment":"development","level":"info","message":"Price alerts checked. 0 triggered out of 0","service":"aluma-banking-api","timestamp":"2025-11-11 10:00:04"}
{"environment":"development","level":"info","message":"Expired 0 sessions","service":"aluma-banking-api","timestamp":"2025-11-11 10:00:26"}
{"environment":"development","level":"info","message":"Checking price alerts","service":"aluma-banking-api","timestamp":"2025-11-11 10:05:01"}
{"environment":"development","level":"info","message":"Price alerts checked. 0 triggered out of 0","service":"aluma-banking-api","timestamp":"2025-11-11 10:05:04"}
{"environment":"development","level":"info","message":"Checking price alerts","service":"aluma-banking-api","timestamp":"2025-11-11 10:10:06"}
{"environment":"development","level":"info","message":"Price alerts checked. 0 triggered out of 0","service":"aluma-banking-api","timestamp":"2025-11-11 10:10:07"}
{"environment":"development","level":"info","message":"Checking price alerts","service":"aluma-banking-api","timestamp":"2025-11-11 10:15:02"}
{"environment":"development","level":"info","message":"Price alerts checked. 0 triggered out of 0","service":"aluma-banking-api","timestamp":"2025-11-11 10:15:03"}
{"environment":"development","level":"info","message":"Checking price alerts","service":"aluma-banking-api","timestamp":"2025-11-11 10:20:49"}
{"environment":"development","level":"info","message":"Price alerts checked. 0 triggered out of 0","service":"aluma-banking-api","timestamp":"2025-11-11 10:21:22"}
{"environment":"development","level":"warn","message":"Job alerts:repeat:a2207a63e8fb94ef36a747af8faf0fb2:1762852800000 stalled","service":"aluma-banking-api","timestamp":"2025-11-11 10:21:46"}
{"environment":"development","level":"info","message":"Checking price alerts","service":"aluma-banking-api","timestamp":"2025-11-11 10:21:57"}
{"environment":"development","level":"info","message":"Price alerts checked. 0 triggered out of 0","service":"aluma-banking-api","timestamp":"2025-11-11 10:21:57"}
{"environment":"development","level":"info","message":"Checking price alerts","service":"aluma-banking-api","timestamp":"2025-11-11 10:25:02"}
{"environment":"development","level":"info","message":"Price alerts checked. 0 triggered out of 0","service":"aluma-banking-api","timestamp":"2025-11-11 10:25:02"}
{"environment":"development","level":"info","message":"Checking price alerts","service":"aluma-banking-api","timestamp":"2025-11-11 10:30:07"}
{"environment":"development","level":"info","message":"Price alerts checked. 0 triggered out of 0","service":"aluma-banking-api","timestamp":"2025-11-11 10:30:12"}
{"environment":"development","level":"info","message":"Checking price alerts","service":"aluma-banking-api","timestamp":"2025-11-11 10:35:05"}
{"environment":"development","level":"info","message":"Price alerts checked. 0 triggered out of 0","service":"aluma-banking-api","timestamp":"2025-11-11 10:35:07"}
{"environment":"development","level":"info","message":"Checking price alerts","service":"aluma-banking-api","timestamp":"2025-11-11 10:40:01"}
{"environment":"development","level":"info","message":"Price alerts checked. 0 triggered out of 0","service":"aluma-banking-api","timestamp":"2025-11-11 10:40:01"}
{"environment":"development","level":"info","message":"Checking price alerts","service":"aluma-banking-api","timestamp":"2025-11-11 10:45:01"}
{"environment":"development","level":"info","message":"Price alerts checked. 0 triggered out of 0","service":"aluma-banking-api","timestamp":"2025-11-11 10:45:01"}
{"environment":"development","level":"info","message":"Checking price alerts","service":"aluma-banking-api","timestamp":"2025-11-11 10:50:01"}
{"environment":"development","level":"info","message":"Price alerts checked. 0 triggered out of 0","service":"aluma-banking-api","timestamp":"2025-11-11 10:50:04"}
{"environment":"development","level":"info","message":"Checking price alerts","service":"aluma-banking-api","timestamp":"2025-11-11 10:55:00"}
{"environment":"development","level":"info","message":"Price alerts checked. 0 triggered out of 0","service":"aluma-banking-api","timestamp":"2025-11-11 10:55:01"}
{"environment":"development","level":"info","message":"Checking price alerts","service":"aluma-banking-api","timestamp":"2025-11-11 11:00:03"}
{"environment":"development","level":"info","message":"Cleaning up expired sessions","service":"aluma-banking-api","timestamp":"2025-11-11 11:00:03"}
{"environment":"development","level":"info","message":"Price alerts checked. 0 triggered out of 0","service":"aluma-banking-api","timestamp":"2025-11-11 11:00:05"}
{"environment":"development","level":"info","message":"Expired 0 sessions","service":"aluma-banking-api","timestamp":"2025-11-11 11:00:17"}
{"environment":"development","level":"info","message":"Checking price alerts","service":"aluma-banking-api","timestamp":"2025-11-11 11:05:03"}
{"environment":"development","level":"info","message":"Price alerts checked. 0 triggered out of 0","service":"aluma-banking-api","timestamp":"2025-11-11 11:05:05"}
{"environment":"development","level":"info","message":"Checking price alerts","service":"aluma-banking-api","timestamp":"2025-11-11 11:10:01"}
{"environment":"development","level":"info","message":"Price alerts checked. 0 triggered out of 0","service":"aluma-banking-api","timestamp":"2025-11-11 11:10:02"}
{"environment":"development","level":"info","message":"Checking price alerts","service":"aluma-banking-api","timestamp":"2025-11-11 11:15:01"}
{"environment":"development","level":"info","message":"Price alerts checked. 0 triggered out of 0","service":"aluma-banking-api","timestamp":"2025-11-11 11:15:01"}
{"environment":"development","level":"info","message":"Checking price alerts","service":"aluma-banking-api","timestamp":"2025-11-11 11:20:01"}
{"environment":"development","level":"info","message":"Price alerts checked. 0 triggered out of 0","service":"aluma-banking-api","timestamp":"2025-11-11 11:20:02"}
{"environment":"development","level":"info","message":"Checking price alerts","service":"aluma-banking-api","timestamp":"2025-11-11 11:25:01"}
{"environment":"development","level":"info","message":"Price alerts checked. 0 triggered out of 0","service":"aluma-banking-api","timestamp":"2025-11-11 11:25:01"}
{"environment":"development","level":"info","message":"Checking price alerts","service":"aluma-banking-api","timestamp":"2025-11-11 11:30:04"}
{"environment":"development","level":"info","message":"Price alerts checked. 0 triggered out of 0","service":"aluma-banking-api","timestamp":"2025-11-11 11:30:04"}
{"environment":"development","level":"info","message":"Checking price alerts","service":"aluma-banking-api","timestamp":"2025-11-11 11:35:15"}
{"environment":"development","level":"info","message":"Price alerts checked. 0 triggered out of 0","service":"aluma-banking-api","timestamp":"2025-11-11 11:35:27"}
{"environment":"development","level":"info","message":"Checking price alerts","service":"aluma-banking-api","timestamp":"2025-11-11 11:40:01"}
{"environment":"development","level":"info","message":"Price alerts checked. 0 triggered out of 0","service":"aluma-banking-api","timestamp":"2025-11-11 11:40:01"}
{"environment":"development","level":"info","message":"Checking price alerts","service":"aluma-banking-api","timestamp":"2025-11-11 11:45:02"}
{"environment":"development","level":"info","message":"Price alerts checked. 0 triggered out of 0","service":"aluma-banking-api","timestamp":"2025-11-11 11:45:03"}
{"environment":"development","level":"info","message":"Checking price alerts","service":"aluma-banking-api","timestamp":"2025-11-11 11:50:01"}
{"environment":"development","level":"info","message":"Price alerts checked. 0 triggered out of 0","service":"aluma-banking-api","timestamp":"2025-11-11 11:50:02"}
{"environment":"development","level":"info","message":"Checking price alerts","service":"aluma-banking-api","timestamp":"2025-11-11 11:55:06"}
{"environment":"development","level":"info","message":"Price alerts checked. 0 triggered out of 0","service":"aluma-banking-api","timestamp":"2025-11-11 11:55:14"}
{"environment":"development","level":"info","message":"Checking price alerts","service":"aluma-banking-api","timestamp":"2025-11-11 12:04:22"}
{"environment":"development","level":"info","message":"Price alerts checked. 0 triggered out of 0","service":"aluma-banking-api","timestamp":"2025-11-11 12:04:44"}
{"environment":"development","level":"warn","message":"Job alerts:repeat:a2207a63e8fb94ef36a747af8faf0fb2:1762858800000 stalled","service":"aluma-banking-api","timestamp":"2025-11-11 12:05:13"}
{"environment":"development","level":"info","message":"Cleaning up expired sessions","service":"aluma-banking-api","timestamp":"2025-11-11 12:05:18"}
{"environment":"development","level":"warn","message":"Job cleanup:repeat:847a19d014497606d6bdfa348b9f08a3:1762858800000 stalled","service":"aluma-banking-api","timestamp":"2025-11-11 12:05:19"}
{"environment":"development","level":"info","message":"Cleaning up expired sessions","service":"aluma-banking-api","timestamp":"2025-11-11 12:05:21"}
{"environment":"development","level":"info","message":"Checking price alerts","service":"aluma-banking-api","timestamp":"2025-11-11 12:05:23"}
{"environment":"development","level":"info","message":"Expired 0 sessions","service":"aluma-banking-api","timestamp":"2025-11-11 12:05:42"}
{"environment":"development","level":"info","message":"Expired 0 sessions","service":"aluma-banking-api","timestamp":"2025-11-11 12:05:43"}
{"environment":"development","error":"Connection terminated due to connection timeout","level":"error","message":"Query error","service":"aluma-banking-api","text":"\n      SELECT a.*, u.email, s.symbol, s.last_price\n      FROM price_alerts a\n      INNER JOIN users u ON a.user_id = u.id\n      INNER JOIN securities s ON a.security_id = s.id\n      WHERE a.status = 'active' AND a.triggered = false\n    ","timestamp":"2025-11-11 12:06:10"}
{"cause":{},"environment":"development","level":"error","message":"Failed to check price alerts: Connection terminated due to connection timeout","service":"aluma-banking-api","stack":"Error: Connection terminated due to connection timeout\n    at C:\\website work\\Aluma\\winnerscoins.com\\aluma-broker-backend\\node_modules\\pg-pool\\index.js:45:11\n    at process.processTicksAndRejections (node:internal/process/task_queues:105:5)\n    at async query (C:\\website work\\Aluma\\winnerscoins.com\\aluma-broker-backend\\config\\database.js:39:17)\n    at async Queue.<anonymous> (C:\\website work\\Aluma\\winnerscoins.com\\aluma-broker-backend\\jobs\\index.js:194:26)","timestamp":"2025-11-11 12:06:15"}
{"cause":{},"environment":"development","level":"error","message":"Job alerts:repeat:a2207a63e8fb94ef36a747af8faf0fb2:1762858800000 failed: Connection terminated due to connection timeout","service":"aluma-banking-api","stack":"Error: Connection terminated due to connection timeout\n    at C:\\website work\\Aluma\\winnerscoins.com\\aluma-broker-backend\\node_modules\\pg-pool\\index.js:45:11\n    at process.processTicksAndRejections (node:internal/process/task_queues:105:5)\n    at async query (C:\\website work\\Aluma\\winnerscoins.com\\aluma-broker-backend\\config\\database.js:39:17)\n    at async Queue.<anonymous> (C:\\website work\\Aluma\\winnerscoins.com\\aluma-broker-backend\\jobs\\index.js:194:26)","timestamp":"2025-11-11 12:06:20"}
{"environment":"development","level":"error","message":"Job cleanup:repeat:847a19d014497606d6bdfa348b9f08a3:1762858800000 failed: job stalled more than allowable limit","service":"aluma-banking-api","stack":"Error: job stalled more than allowable limit\n    at C:\\website work\\Aluma\\winnerscoins.com\\aluma-broker-backend\\node_modules\\bull\\lib\\queue.js:1061:13\n    at process.processTicksAndRejections (node:internal/process/task_queues:105:5)\n    at async Promise.all (index 0)","timestamp":"2025-11-11 12:06:23"}
{"environment":"development","level":"info","message":"Checking price alerts","service":"aluma-banking-api","timestamp":"2025-11-11 12:06:29"}
{"environment":"development","error":"Connection terminated due to connection timeout","level":"error","message":"Query error","service":"aluma-banking-api","text":"\n      SELECT a.*, u.email, s.symbol, s.last_price\n      FROM price_alerts a\n      INNER JOIN users u ON a.user_id = u.id\n      INNER JOIN securities s ON a.security_id = s.id\n      WHERE a.status = 'active' AND a.triggered = false\n    ","timestamp":"2025-11-11 12:07:03"}
{"cause":{},"environment":"development","level":"error","message":"Failed to check price alerts: Connection terminated due to connection timeout","service":"aluma-banking-api","stack":"Error: Connection terminated due to connection timeout\n    at C:\\website work\\Aluma\\winnerscoins.com\\aluma-broker-backend\\node_modules\\pg-pool\\index.js:45:11\n    at process.processTicksAndRejections (node:internal/process/task_queues:105:5)\n    at async query (C:\\website work\\Aluma\\winnerscoins.com\\aluma-broker-backend\\config\\database.js:39:17)\n    at async Queue.<anonymous> (C:\\website work\\Aluma\\winnerscoins.com\\aluma-broker-backend\\jobs\\index.js:194:26)","timestamp":"2025-11-11 12:07:03"}
{"environment":"development","level":"warn","message":"Job alerts:repeat:a2207a63e8fb94ef36a747af8faf0fb2:1762859100000 stalled","service":"aluma-banking-api","timestamp":"2025-11-11 12:08:02"}
{"environment":"development","level":"info","message":"Checking price alerts","service":"aluma-banking-api","timestamp":"2025-11-11 12:08:02"}
{"environment":"development","level":"info","message":"Price alerts checked. 0 triggered out of 0","service":"aluma-banking-api","timestamp":"2025-11-11 12:08:41"}
{"environment":"development","level":"info","message":"Checking price alerts","service":"aluma-banking-api","timestamp":"2025-11-11 12:10:05"}
{"environment":"development","level":"info","message":"Price alerts checked. 0 triggered out of 0","service":"aluma-banking-api","timestamp":"2025-11-11 12:10:14"}
{"environment":"development","level":"info","message":"Checking price alerts","service":"aluma-banking-api","timestamp":"2025-11-11 12:15:09"}
{"environment":"development","level":"info","message":"Price alerts checked. 0 triggered out of 0","service":"aluma-banking-api","timestamp":"2025-11-11 12:15:17"}
{"environment":"development","level":"info","message":"Checking price alerts","service":"aluma-banking-api","timestamp":"2025-11-11 12:20:01"}
{"environment":"development","level":"info","message":"Price alerts checked. 0 triggered out of 0","service":"aluma-banking-api","timestamp":"2025-11-11 12:20:01"}
{"environment":"development","level":"info","message":"Cleaning up expired sessions","service":"aluma-banking-api","timestamp":"2025-11-11 13:10:50"}
{"environment":"development","level":"info","message":"Checking price alerts","service":"aluma-banking-api","timestamp":"2025-11-11 13:10:51"}
{"environment":"development","level":"info","message":"Price alerts checked. 0 triggered out of 0","service":"aluma-banking-api","timestamp":"2025-11-11 13:11:26"}
{"environment":"development","level":"info","message":"Expired 0 sessions","service":"aluma-banking-api","timestamp":"2025-11-11 13:11:26"}
{"environment":"development","level":"warn","message":"Job alerts:repeat:a2207a63e8fb94ef36a747af8faf0fb2:1762860300000 stalled","service":"aluma-banking-api","timestamp":"2025-11-11 13:11:51"}
{"environment":"development","level":"info","message":"Checking price alerts","service":"aluma-banking-api","timestamp":"2025-11-11 13:11:51"}
{"environment":"development","level":"info","message":"Price alerts checked. 0 triggered out of 0","service":"aluma-banking-api","timestamp":"2025-11-11 13:11:51"}
{"environment":"development","level":"info","message":"Checking price alerts","service":"aluma-banking-api","timestamp":"2025-11-11 13:15:01"}
{"environment":"development","level":"info","message":"Price alerts checked. 0 triggered out of 0","service":"aluma-banking-api","timestamp":"2025-11-11 13:15:01"}
{"environment":"development","level":"info","message":"Checking price alerts","service":"aluma-banking-api","timestamp":"2025-11-11 13:20:00"}
{"environment":"development","level":"info","message":"Price alerts checked. 0 triggered out of 0","service":"aluma-banking-api","timestamp":"2025-11-11 13:20:01"}
{"environment":"development","level":"info","message":"Checking price alerts","service":"aluma-banking-api","timestamp":"2025-11-11 13:25:01"}
{"environment":"development","level":"info","message":"Price alerts checked. 0 triggered out of 0","service":"aluma-banking-api","timestamp":"2025-11-11 13:25:04"}
{"environment":"development","level":"info","message":"Checking price alerts","service":"aluma-banking-api","timestamp":"2025-11-11 13:30:01"}
{"environment":"development","level":"info","message":"Price alerts checked. 0 triggered out of 0","service":"aluma-banking-api","timestamp":"2025-11-11 13:30:01"}
{"environment":"development","level":"info","message":"Checking price alerts","service":"aluma-banking-api","timestamp":"2025-11-11 13:35:03"}
{"environment":"development","level":"info","message":"Price alerts checked. 0 triggered out of 0","service":"aluma-banking-api","timestamp":"2025-11-11 13:35:03"}
{"environment":"development","level":"info","message":"Checking price alerts","service":"aluma-banking-api","timestamp":"2025-11-11 13:40:00"}
{"environment":"development","level":"info","message":"Price alerts checked. 0 triggered out of 0","service":"aluma-banking-api","timestamp":"2025-11-11 13:40:00"}
{"environment":"development","level":"info","message":"Checking price alerts","service":"aluma-banking-api","timestamp":"2025-11-11 13:45:06"}
{"environment":"development","level":"info","message":"Price alerts checked. 0 triggered out of 0","service":"aluma-banking-api","timestamp":"2025-11-11 13:45:07"}
{"environment":"development","level":"info","message":"Checking price alerts","service":"aluma-banking-api","timestamp":"2025-11-11 13:50:06"}
{"environment":"development","level":"info","message":"Price alerts checked. 0 triggered out of 0","service":"aluma-banking-api","timestamp":"2025-11-11 13:50:10"}
{"environment":"development","level":"info","message":"Checking price alerts","service":"aluma-banking-api","timestamp":"2025-11-11 13:55:50"}
{"environment":"development","level":"warn","message":"Job alerts:repeat:a2207a63e8fb94ef36a747af8faf0fb2:1762865700000 stalled","service":"aluma-banking-api","timestamp":"2025-11-11 13:56:26"}
{"environment":"development","level":"info","message":"Price alerts checked. 0 triggered out of 0","service":"aluma-banking-api","timestamp":"2025-11-11 13:56:27"}
{"environment":"development","level":"info","message":"Checking price alerts","service":"aluma-banking-api","timestamp":"2025-11-11 13:57:13"}
{"environment":"development","level":"info","message":"Price alerts checked. 0 triggered out of 0","service":"aluma-banking-api","timestamp":"2025-11-11 13:57:14"}
{"environment":"development","level":"info","message":"Checking price alerts","service":"aluma-banking-api","timestamp":"2025-11-11 14:00:05"}
{"environment":"development","level":"info","message":"Price alerts checked. 0 triggered out of 0","service":"aluma-banking-api","timestamp":"2025-11-11 14:00:05"}
{"environment":"development","level":"info","message":"Cleaning up expired sessions","service":"aluma-banking-api","timestamp":"2025-11-11 14:00:05"}
{"environment":"development","level":"info","message":"Expired 0 sessions","service":"aluma-banking-api","timestamp":"2025-11-11 14:00:16"}
{"environment":"development","level":"info","message":"Checking price alerts","service":"aluma-banking-api","timestamp":"2025-11-11 14:05:02"}
{"environment":"development","level":"info","message":"Price alerts checked. 0 triggered out of 0","service":"aluma-banking-api","timestamp":"2025-11-11 14:05:03"}
{"environment":"development","level":"info","message":"Checking price alerts","service":"aluma-banking-api","timestamp":"2025-11-11 14:10:01"}
{"environment":"development","level":"info","message":"Price alerts checked. 0 triggered out of 0","service":"aluma-banking-api","timestamp":"2025-11-11 14:10:01"}
{"environment":"development","level":"info","message":"Checking price alerts","service":"aluma-banking-api","timestamp":"2025-11-11 14:15:01"}
{"environment":"development","level":"info","message":"Price alerts checked. 0 triggered out of 0","service":"aluma-banking-api","timestamp":"2025-11-11 14:15:01"}
{"environment":"development","level":"info","message":"Checking price alerts","service":"aluma-banking-api","timestamp":"2025-11-11 14:20:01"}
{"environment":"development","level":"info","message":"Price alerts checked. 0 triggered out of 0","service":"aluma-banking-api","timestamp":"2025-11-11 14:20:03"}
{"environment":"development","level":"info","message":"Checking price alerts","service":"aluma-banking-api","timestamp":"2025-11-11 14:25:00"}
{"environment":"development","level":"info","message":"Price alerts checked. 0 triggered out of 0","service":"aluma-banking-api","timestamp":"2025-11-11 14:25:00"}
{"environment":"development","level":"info","message":"Checking price alerts","service":"aluma-banking-api","timestamp":"2025-11-11 14:30:01"}
{"environment":"development","level":"info","message":"Price alerts checked. 0 triggered out of 0","service":"aluma-banking-api","timestamp":"2025-11-11 14:30:01"}
{"environment":"development","level":"info","message":"Checking price alerts","service":"aluma-banking-api","timestamp":"2025-11-11 14:35:00"}
{"environment":"development","level":"info","message":"Price alerts checked. 0 triggered out of 0","service":"aluma-banking-api","timestamp":"2025-11-11 14:35:00"}
{"environment":"development","level":"info","message":"Checking price alerts","service":"aluma-banking-api","timestamp":"2025-11-11 14:40:03"}
{"environment":"development","level":"info","message":"Price alerts checked. 0 triggered out of 0","service":"aluma-banking-api","timestamp":"2025-11-11 14:40:04"}
{"environment":"development","level":"info","message":"Checking price alerts","service":"aluma-banking-api","timestamp":"2025-11-11 14:45:07"}
{"environment":"development","level":"info","message":"Price alerts checked. 0 triggered out of 0","service":"aluma-banking-api","timestamp":"2025-11-11 14:45:35"}
{"environment":"development","level":"info","message":"Checking price alerts","service":"aluma-banking-api","timestamp":"2025-11-11 14:50:17"}
{"environment":"development","level":"info","message":"Price alerts checked. 0 triggered out of 0","service":"aluma-banking-api","timestamp":"2025-11-11 14:51:19"}
{"environment":"development","level":"info","message":"Checking price alerts","service":"aluma-banking-api","timestamp":"2025-11-11 14:55:06"}
{"environment":"development","level":"info","message":"Price alerts checked. 0 triggered out of 0","service":"aluma-banking-api","timestamp":"2025-11-11 14:55:07"}
{"environment":"development","level":"info","message":"Checking price alerts","service":"aluma-banking-api","timestamp":"2025-11-11 15:00:03"}
{"environment":"development","level":"info","message":"Cleaning up expired sessions","service":"aluma-banking-api","timestamp":"2025-11-11 15:00:04"}
{"environment":"development","level":"info","message":"Price alerts checked. 0 triggered out of 0","service":"aluma-banking-api","timestamp":"2025-11-11 15:00:05"}
{"environment":"development","level":"info","message":"Expired 0 sessions","service":"aluma-banking-api","timestamp":"2025-11-11 15:00:27"}
{"environment":"development","level":"info","message":"Checking price alerts","service":"aluma-banking-api","timestamp":"2025-11-11 15:05:03"}
{"environment":"development","level":"info","message":"Price alerts checked. 0 triggered out of 0","service":"aluma-banking-api","timestamp":"2025-11-11 15:05:16"}
{"environment":"development","level":"info","message":"Checking price alerts","service":"aluma-banking-api","timestamp":"2025-11-11 15:10:08"}
{"environment":"development","level":"info","message":"Price alerts checked. 0 triggered out of 0","service":"aluma-banking-api","timestamp":"2025-11-11 15:10:08"}
