{"environment":"development","level":"info","message":"WebSocket server initialized successfully","service":"aluma-banking-api","timestamp":"2025-11-10 08:43:34"}
{"cause":{},"environment":"development","level":"error","message":"Failed to start server: Connection terminated due to connection timeout","service":"aluma-banking-api","stack":"Error: Connection terminated due to connection timeout\n    at C:\\website work\\Aluma\\winnerscoins.com\\aluma-broker-backend\\node_modules\\pg-pool\\index.js:45:11\n    at process.processTicksAndRejections (node:internal/process/task_queues:105:5)\n    at async startServer (C:\\website work\\Aluma\\winnerscoins.com\\aluma-broker-backend\\server.js:211:5)","timestamp":"2025-11-10 08:44:05"}
{"environment":"development","level":"info","message":"WebSocket server initialized successfully","service":"aluma-banking-api","timestamp":"2025-11-10 11:02:40"}
{"environment":"development","level":"debug","message":"New client connected to database","service":"aluma-banking-api","timestamp":"2025-11-10 11:02:52"}
{"environment":"development","level":"info","message":"Checking price alerts","service":"aluma-banking-api","timestamp":"2025-11-10 11:02:57"}
{"environment":"development","level":"info","message":"Cleaning up expired sessions","service":"aluma-banking-api","timestamp":"2025-11-10 11:02:57"}
{"environment":"development","level":"info","message":"Cleaning old data","service":"aluma-banking-api","timestamp":"2025-11-10 11:02:57"}
{"environment":"development","level":"info","message":"Database connection established","service":"aluma-banking-api","timestamp":"2025-11-10 11:02:57"}
{"environment":"development","level":"info","message":"Initializing background jobs...","service":"aluma-banking-api","timestamp":"2025-11-10 11:02:57"}
{"environment":"development","level":"info","message":"Background jobs initialized successfully","service":"aluma-banking-api","timestamp":"2025-11-10 11:02:57"}
{"environment":"development","level":"info","message":"🚀 Server running on http://0.0.0.0:3000","service":"aluma-banking-api","timestamp":"2025-11-10 11:02:58"}
{"environment":"development","level":"info","message":"📊 Environment: development","service":"aluma-banking-api","timestamp":"2025-11-10 11:02:59"}
{"environment":"development","level":"info","message":"🔌 WebSocket server initialized","service":"aluma-banking-api","timestamp":"2025-11-10 11:02:59"}
{"environment":"development","level":"info","message":"📝 API Documentation: http://0.0.0.0:3000/api/v1","service":"aluma-banking-api","timestamp":"2025-11-10 11:02:59"}
{"environment":"development","level":"debug","message":"New client connected to database","service":"aluma-banking-api","timestamp":"2025-11-10 11:02:59"}
{"environment":"development","level":"debug","message":"New client connected to database","service":"aluma-banking-api","timestamp":"2025-11-10 11:02:59"}
{"environment":"development","level":"debug","message":"New client connected to database","service":"aluma-banking-api","timestamp":"2025-11-10 11:02:59"}
{"duration":4732,"environment":"development","level":"debug","message":"Executed query","rows":0,"service":"aluma-banking-api","text":"\n      DELETE FROM user_login_history\n      WHERE created_at < CURRENT_TIMESTAMP - INTERVAL '90 days'\n    ","timestamp":"2025-11-10 11:03:02"}
{"duration":4796,"environment":"development","level":"debug","message":"Executed query","rows":0,"service":"aluma-banking-api","text":"\n      UPDATE user_sessions\n      SET is_active = false\n      WHERE expires_at < CURRENT_TIMESTAMP AND is_active = true\n      RETURNING id\n    ","timestamp":"2025-11-10 11:03:02"}
{"environment":"development","level":"info","message":"Expired 0 sessions","service":"aluma-banking-api","timestamp":"2025-11-10 11:03:02"}
{"duration":556,"environment":"development","level":"debug","message":"Executed query","rows":0,"service":"aluma-banking-api","text":"\n      DELETE FROM audit_logs\n      WHERE created_at < CURRENT_TIMESTAMP - INTERVAL '1 year'\n    ","timestamp":"2025-11-10 11:03:03"}
{"environment":"development","level":"info","message":"Cleaned 0 login records, 0 audit logs","service":"aluma-banking-api","timestamp":"2025-11-10 11:03:03"}
{"environment":"development","expiredCount":0,"level":"debug","message":"Job cleanup:repeat:847a19d014497606d6bdfa348b9f08a3:1762682400000 completed","service":"aluma-banking-api","success":true,"timestamp":"2025-11-10 11:03:03"}
{"auditLogs":0,"environment":"development","level":"debug","loginRecords":0,"message":"Job cleanup:repeat:0baf85e5b1313c58d666398323c93715:1762736400000 completed","service":"aluma-banking-api","success":true,"timestamp":"2025-11-10 11:03:03"}
{"duration":6505,"environment":"development","level":"debug","message":"Executed query","rows":0,"service":"aluma-banking-api","text":"\n      SELECT a.*, u.email, s.symbol, s.last_price\n      FROM price_alerts a\n      INNER JOIN users u ON a.user_id = u.id\n      INNER JOIN securities s ON a.security_id = s.id\n      WHERE a.status = 'active' AND a.triggered = false\n    ","timestamp":"2025-11-10 11:03:03"}
{"environment":"development","level":"info","message":"Price alerts checked. 0 triggered out of 0","service":"aluma-banking-api","timestamp":"2025-11-10 11:03:03"}
{"checked":0,"environment":"development","level":"debug","message":"Job alerts:repeat:a2207a63e8fb94ef36a747af8faf0fb2:1762679700000 completed","service":"aluma-banking-api","success":true,"timestamp":"2025-11-10 11:03:03","triggered":0}
{"environment":"development","level":"info","message":"Checking price alerts","service":"aluma-banking-api","timestamp":"2025-11-10 11:05:00"}
{"environment":"development","level":"debug","message":"New client connected to database","service":"aluma-banking-api","timestamp":"2025-11-10 11:05:00"}
{"duration":180,"environment":"development","level":"debug","message":"Executed query","rows":0,"service":"aluma-banking-api","text":"\n      SELECT a.*, u.email, s.symbol, s.last_price\n      FROM price_alerts a\n      INNER JOIN users u ON a.user_id = u.id\n      INNER JOIN securities s ON a.security_id = s.id\n      WHERE a.status = 'active' AND a.triggered = false\n    ","timestamp":"2025-11-10 11:05:00"}
{"environment":"development","level":"info","message":"Price alerts checked. 0 triggered out of 0","service":"aluma-banking-api","timestamp":"2025-11-10 11:05:00"}
{"checked":0,"environment":"development","level":"debug","message":"Job alerts:repeat:a2207a63e8fb94ef36a747af8faf0fb2:1762769100000 completed","service":"aluma-banking-api","success":true,"timestamp":"2025-11-10 11:05:00","triggered":0}
{"environment":"development","level":"info","message":"Checking price alerts","service":"aluma-banking-api","timestamp":"2025-11-10 11:10:03"}
{"duration":4420,"environment":"development","level":"debug","message":"Executed query","rows":0,"service":"aluma-banking-api","text":"\n      SELECT a.*, u.email, s.symbol, s.last_price\n      FROM price_alerts a\n      INNER JOIN users u ON a.user_id = u.id\n      INNER JOIN securities s ON a.security_id = s.id\n      WHERE a.status = 'active' AND a.triggered = false\n    ","timestamp":"2025-11-10 11:10:07"}
{"environment":"development","level":"info","message":"Price alerts checked. 0 triggered out of 0","service":"aluma-banking-api","timestamp":"2025-11-10 11:10:07"}
{"checked":0,"environment":"development","level":"debug","message":"Job alerts:repeat:a2207a63e8fb94ef36a747af8faf0fb2:1762769400000 completed","service":"aluma-banking-api","success":true,"timestamp":"2025-11-10 11:10:08","triggered":0}
{"environment":"development","level":"info","message":"Checking price alerts","service":"aluma-banking-api","timestamp":"2025-11-10 11:15:01"}
{"duration":118,"environment":"development","level":"debug","message":"Executed query","rows":0,"service":"aluma-banking-api","text":"\n      SELECT a.*, u.email, s.symbol, s.last_price\n      FROM price_alerts a\n      INNER JOIN users u ON a.user_id = u.id\n      INNER JOIN securities s ON a.security_id = s.id\n      WHERE a.status = 'active' AND a.triggered = false\n    ","timestamp":"2025-11-10 11:15:01"}
{"environment":"development","level":"info","message":"Price alerts checked. 0 triggered out of 0","service":"aluma-banking-api","timestamp":"2025-11-10 11:15:01"}
{"checked":0,"environment":"development","level":"debug","message":"Job alerts:repeat:a2207a63e8fb94ef36a747af8faf0fb2:1762769700000 completed","service":"aluma-banking-api","success":true,"timestamp":"2025-11-10 11:15:01","triggered":0}
{"environment":"development","level":"info","message":"Checking price alerts","service":"aluma-banking-api","timestamp":"2025-11-10 11:20:01"}
{"duration":9,"environment":"development","level":"debug","message":"Executed query","rows":0,"service":"aluma-banking-api","text":"\n      SELECT a.*, u.email, s.symbol, s.last_price\n      FROM price_alerts a\n      INNER JOIN users u ON a.user_id = u.id\n      INNER JOIN securities s ON a.security_id = s.id\n      WHERE a.status = 'active' AND a.triggered = false\n    ","timestamp":"2025-11-10 11:20:01"}
{"environment":"development","level":"info","message":"Price alerts checked. 0 triggered out of 0","service":"aluma-banking-api","timestamp":"2025-11-10 11:20:01"}
{"checked":0,"environment":"development","level":"debug","message":"Job alerts:repeat:a2207a63e8fb94ef36a747af8faf0fb2:1762770000000 completed","service":"aluma-banking-api","success":true,"timestamp":"2025-11-10 11:20:01","triggered":0}
{"environment":"development","level":"info","message":"Checking price alerts","service":"aluma-banking-api","timestamp":"2025-11-10 11:25:00"}
{"duration":94,"environment":"development","level":"debug","message":"Executed query","rows":0,"service":"aluma-banking-api","text":"\n      SELECT a.*, u.email, s.symbol, s.last_price\n      FROM price_alerts a\n      INNER JOIN users u ON a.user_id = u.id\n      INNER JOIN securities s ON a.security_id = s.id\n      WHERE a.status = 'active' AND a.triggered = false\n    ","timestamp":"2025-11-10 11:25:00"}
{"environment":"development","level":"info","message":"Price alerts checked. 0 triggered out of 0","service":"aluma-banking-api","timestamp":"2025-11-10 11:25:00"}
{"checked":0,"environment":"development","level":"debug","message":"Job alerts:repeat:a2207a63e8fb94ef36a747af8faf0fb2:1762770300000 completed","service":"aluma-banking-api","success":true,"timestamp":"2025-11-10 11:25:00","triggered":0}
{"environment":"development","level":"info","message":"Checking price alerts","service":"aluma-banking-api","timestamp":"2025-11-10 11:30:00"}
{"duration":9,"environment":"development","level":"debug","message":"Executed query","rows":0,"service":"aluma-banking-api","text":"\n      SELECT a.*, u.email, s.symbol, s.last_price\n      FROM price_alerts a\n      INNER JOIN users u ON a.user_id = u.id\n      INNER JOIN securities s ON a.security_id = s.id\n      WHERE a.status = 'active' AND a.triggered = false\n    ","timestamp":"2025-11-10 11:30:00"}
{"environment":"development","level":"info","message":"Price alerts checked. 0 triggered out of 0","service":"aluma-banking-api","timestamp":"2025-11-10 11:30:00"}
{"checked":0,"environment":"development","level":"debug","message":"Job alerts:repeat:a2207a63e8fb94ef36a747af8faf0fb2:1762770600000 completed","service":"aluma-banking-api","success":true,"timestamp":"2025-11-10 11:30:00","triggered":0}
{"environment":"development","level":"info","message":"Checking price alerts","service":"aluma-banking-api","timestamp":"2025-11-10 11:41:49"}
{"duration":911,"environment":"development","level":"debug","message":"Executed query","rows":0,"service":"aluma-banking-api","text":"\n      SELECT a.*, u.email, s.symbol, s.last_price\n      FROM price_alerts a\n      INNER JOIN users u ON a.user_id = u.id\n      INNER JOIN securities s ON a.security_id = s.id\n      WHERE a.status = 'active' AND a.triggered = false\n    ","timestamp":"2025-11-10 11:41:50"}
{"environment":"development","level":"info","message":"Price alerts checked. 0 triggered out of 0","service":"aluma-banking-api","timestamp":"2025-11-10 11:41:50"}
{"checked":0,"environment":"development","level":"debug","message":"Job alerts:repeat:a2207a63e8fb94ef36a747af8faf0fb2:1762770900000 completed","service":"aluma-banking-api","success":true,"timestamp":"2025-11-10 11:41:53","triggered":0}
{"environment":"development","level":"info","message":"Checking price alerts","service":"aluma-banking-api","timestamp":"2025-11-10 11:45:04"}
{"duration":11,"environment":"development","level":"debug","message":"Executed query","rows":0,"service":"aluma-banking-api","text":"\n      SELECT a.*, u.email, s.symbol, s.last_price\n      FROM price_alerts a\n      INNER JOIN users u ON a.user_id = u.id\n      INNER JOIN securities s ON a.security_id = s.id\n      WHERE a.status = 'active' AND a.triggered = false\n    ","timestamp":"2025-11-10 11:45:04"}
{"environment":"development","level":"info","message":"Price alerts checked. 0 triggered out of 0","service":"aluma-banking-api","timestamp":"2025-11-10 11:45:04"}
{"checked":0,"environment":"development","level":"debug","message":"Job alerts:repeat:a2207a63e8fb94ef36a747af8faf0fb2:1762771500000 completed","service":"aluma-banking-api","success":true,"timestamp":"2025-11-10 11:45:05","triggered":0}
{"environment":"development","level":"info","message":"Checking price alerts","service":"aluma-banking-api","timestamp":"2025-11-10 11:50:02"}
{"duration":44,"environment":"development","level":"debug","message":"Executed query","rows":0,"service":"aluma-banking-api","text":"\n      SELECT a.*, u.email, s.symbol, s.last_price\n      FROM price_alerts a\n      INNER JOIN users u ON a.user_id = u.id\n      INNER JOIN securities s ON a.security_id = s.id\n      WHERE a.status = 'active' AND a.triggered = false\n    ","timestamp":"2025-11-10 11:50:02"}
{"environment":"development","level":"info","message":"Price alerts checked. 0 triggered out of 0","service":"aluma-banking-api","timestamp":"2025-11-10 11:50:02"}
{"checked":0,"environment":"development","level":"debug","message":"Job alerts:repeat:a2207a63e8fb94ef36a747af8faf0fb2:1762771800000 completed","service":"aluma-banking-api","success":true,"timestamp":"2025-11-10 11:50:02","triggered":0}
{"environment":"development","level":"info","message":"Checking price alerts","service":"aluma-banking-api","timestamp":"2025-11-10 11:55:00"}
{"duration":26,"environment":"development","level":"debug","message":"Executed query","rows":0,"service":"aluma-banking-api","text":"\n      SELECT a.*, u.email, s.symbol, s.last_price\n      FROM price_alerts a\n      INNER JOIN users u ON a.user_id = u.id\n      INNER JOIN securities s ON a.security_id = s.id\n      WHERE a.status = 'active' AND a.triggered = false\n    ","timestamp":"2025-11-10 11:55:00"}
{"environment":"development","level":"info","message":"Price alerts checked. 0 triggered out of 0","service":"aluma-banking-api","timestamp":"2025-11-10 11:55:00"}
{"checked":0,"environment":"development","level":"debug","message":"Job alerts:repeat:a2207a63e8fb94ef36a747af8faf0fb2:1762772100000 completed","service":"aluma-banking-api","success":true,"timestamp":"2025-11-10 11:55:00","triggered":0}
{"environment":"development","level":"info","message":"Checking price alerts","service":"aluma-banking-api","timestamp":"2025-11-10 12:00:01"}
{"duration":8,"environment":"development","level":"debug","message":"Executed query","rows":0,"service":"aluma-banking-api","text":"\n      SELECT a.*, u.email, s.symbol, s.last_price\n      FROM price_alerts a\n      INNER JOIN users u ON a.user_id = u.id\n      INNER JOIN securities s ON a.security_id = s.id\n      WHERE a.status = 'active' AND a.triggered = false\n    ","timestamp":"2025-11-10 12:00:01"}
{"environment":"development","level":"info","message":"Price alerts checked. 0 triggered out of 0","service":"aluma-banking-api","timestamp":"2025-11-10 12:00:01"}
{"environment":"development","level":"info","message":"Cleaning up expired sessions","service":"aluma-banking-api","timestamp":"2025-11-10 12:00:02"}
{"checked":0,"environment":"development","level":"debug","message":"Job alerts:repeat:a2207a63e8fb94ef36a747af8faf0fb2:1762772400000 completed","service":"aluma-banking-api","success":true,"timestamp":"2025-11-10 12:00:03","triggered":0}
{"duration":8209,"environment":"development","level":"debug","message":"Executed query","rows":0,"service":"aluma-banking-api","text":"\n      UPDATE user_sessions\n      SET is_active = false\n      WHERE expires_at < CURRENT_TIMESTAMP AND is_active = true\n      RETURNING id\n    ","timestamp":"2025-11-10 12:00:10"}
{"environment":"development","level":"info","message":"Expired 0 sessions","service":"aluma-banking-api","timestamp":"2025-11-10 12:00:11"}
{"environment":"development","expiredCount":0,"level":"debug","message":"Job cleanup:repeat:847a19d014497606d6bdfa348b9f08a3:1762772400000 completed","service":"aluma-banking-api","success":true,"timestamp":"2025-11-10 12:00:12"}
{"environment":"development","level":"info","message":"Checking price alerts","service":"aluma-banking-api","timestamp":"2025-11-10 12:05:01"}
{"duration":131,"environment":"development","level":"debug","message":"Executed query","rows":0,"service":"aluma-banking-api","text":"\n      SELECT a.*, u.email, s.symbol, s.last_price\n      FROM price_alerts a\n      INNER JOIN users u ON a.user_id = u.id\n      INNER JOIN securities s ON a.security_id = s.id\n      WHERE a.status = 'active' AND a.triggered = false\n    ","timestamp":"2025-11-10 12:05:01"}
{"environment":"development","level":"info","message":"Price alerts checked. 0 triggered out of 0","service":"aluma-banking-api","timestamp":"2025-11-10 12:05:01"}
{"checked":0,"environment":"development","level":"debug","message":"Job alerts:repeat:a2207a63e8fb94ef36a747af8faf0fb2:1762772700000 completed","service":"aluma-banking-api","success":true,"timestamp":"2025-11-10 12:05:01","triggered":0}
{"environment":"development","level":"info","message":"Checking price alerts","service":"aluma-banking-api","timestamp":"2025-11-10 12:10:01"}
{"duration":8,"environment":"development","level":"debug","message":"Executed query","rows":0,"service":"aluma-banking-api","text":"\n      SELECT a.*, u.email, s.symbol, s.last_price\n      FROM price_alerts a\n      INNER JOIN users u ON a.user_id = u.id\n      INNER JOIN securities s ON a.security_id = s.id\n      WHERE a.status = 'active' AND a.triggered = false\n    ","timestamp":"2025-11-10 12:10:01"}
{"environment":"development","level":"info","message":"Price alerts checked. 0 triggered out of 0","service":"aluma-banking-api","timestamp":"2025-11-10 12:10:01"}
{"checked":0,"environment":"development","level":"debug","message":"Job alerts:repeat:a2207a63e8fb94ef36a747af8faf0fb2:1762773000000 completed","service":"aluma-banking-api","success":true,"timestamp":"2025-11-10 12:10:01","triggered":0}
{"environment":"development","level":"info","message":"Checking price alerts","service":"aluma-banking-api","timestamp":"2025-11-10 12:15:05"}
{"duration":435,"environment":"development","level":"debug","message":"Executed query","rows":0,"service":"aluma-banking-api","text":"\n      SELECT a.*, u.email, s.symbol, s.last_price\n      FROM price_alerts a\n      INNER JOIN users u ON a.user_id = u.id\n      INNER JOIN securities s ON a.security_id = s.id\n      WHERE a.status = 'active' AND a.triggered = false\n    ","timestamp":"2025-11-10 12:15:06"}
{"environment":"development","level":"info","message":"Price alerts checked. 0 triggered out of 0","service":"aluma-banking-api","timestamp":"2025-11-10 12:15:06"}
{"checked":0,"environment":"development","level":"debug","message":"Job alerts:repeat:a2207a63e8fb94ef36a747af8faf0fb2:1762773300000 completed","service":"aluma-banking-api","success":true,"timestamp":"2025-11-10 12:15:07","triggered":0}
{"environment":"development","level":"info","message":"Checking price alerts","service":"aluma-banking-api","timestamp":"2025-11-10 12:20:00"}
{"duration":8,"environment":"development","level":"debug","message":"Executed query","rows":0,"service":"aluma-banking-api","text":"\n      SELECT a.*, u.email, s.symbol, s.last_price\n      FROM price_alerts a\n      INNER JOIN users u ON a.user_id = u.id\n      INNER JOIN securities s ON a.security_id = s.id\n      WHERE a.status = 'active' AND a.triggered = false\n    ","timestamp":"2025-11-10 12:20:01"}
{"environment":"development","level":"info","message":"Price alerts checked. 0 triggered out of 0","service":"aluma-banking-api","timestamp":"2025-11-10 12:20:01"}
{"checked":0,"environment":"development","level":"debug","message":"Job alerts:repeat:a2207a63e8fb94ef36a747af8faf0fb2:1762773600000 completed","service":"aluma-banking-api","success":true,"timestamp":"2025-11-10 12:20:01","triggered":0}
{"environment":"development","level":"info","message":"Checking price alerts","service":"aluma-banking-api","timestamp":"2025-11-10 12:25:00"}
{"duration":9,"environment":"development","level":"debug","message":"Executed query","rows":0,"service":"aluma-banking-api","text":"\n      SELECT a.*, u.email, s.symbol, s.last_price\n      FROM price_alerts a\n      INNER JOIN users u ON a.user_id = u.id\n      INNER JOIN securities s ON a.security_id = s.id\n      WHERE a.status = 'active' AND a.triggered = false\n    ","timestamp":"2025-11-10 12:25:00"}
{"environment":"development","level":"info","message":"Price alerts checked. 0 triggered out of 0","service":"aluma-banking-api","timestamp":"2025-11-10 12:25:00"}
{"checked":0,"environment":"development","level":"debug","message":"Job alerts:repeat:a2207a63e8fb94ef36a747af8faf0fb2:1762773900000 completed","service":"aluma-banking-api","success":true,"timestamp":"2025-11-10 12:25:02","triggered":0}
{"environment":"development","level":"info","message":"Checking price alerts","service":"aluma-banking-api","timestamp":"2025-11-10 12:30:00"}
{"duration":122,"environment":"development","level":"debug","message":"Executed query","rows":0,"service":"aluma-banking-api","text":"\n      SELECT a.*, u.email, s.symbol, s.last_price\n      FROM price_alerts a\n      INNER JOIN users u ON a.user_id = u.id\n      INNER JOIN securities s ON a.security_id = s.id\n      WHERE a.status = 'active' AND a.triggered = false\n    ","timestamp":"2025-11-10 12:30:00"}
{"environment":"development","level":"info","message":"Price alerts checked. 0 triggered out of 0","service":"aluma-banking-api","timestamp":"2025-11-10 12:30:00"}
{"checked":0,"environment":"development","level":"debug","message":"Job alerts:repeat:a2207a63e8fb94ef36a747af8faf0fb2:1762774200000 completed","service":"aluma-banking-api","success":true,"timestamp":"2025-11-10 12:30:00","triggered":0}
{"environment":"development","level":"info","message":"Checking price alerts","service":"aluma-banking-api","timestamp":"2025-11-10 12:35:00"}
{"duration":10,"environment":"development","level":"debug","message":"Executed query","rows":0,"service":"aluma-banking-api","text":"\n      SELECT a.*, u.email, s.symbol, s.last_price\n      FROM price_alerts a\n      INNER JOIN users u ON a.user_id = u.id\n      INNER JOIN securities s ON a.security_id = s.id\n      WHERE a.status = 'active' AND a.triggered = false\n    ","timestamp":"2025-11-10 12:35:00"}
{"environment":"development","level":"info","message":"Price alerts checked. 0 triggered out of 0","service":"aluma-banking-api","timestamp":"2025-11-10 12:35:01"}
{"checked":0,"environment":"development","level":"debug","message":"Job alerts:repeat:a2207a63e8fb94ef36a747af8faf0fb2:1762774500000 completed","service":"aluma-banking-api","success":true,"timestamp":"2025-11-10 12:35:01","triggered":0}
{"environment":"development","level":"info","message":"Checking price alerts","service":"aluma-banking-api","timestamp":"2025-11-10 12:40:00"}
{"duration":29,"environment":"development","level":"debug","message":"Executed query","rows":0,"service":"aluma-banking-api","text":"\n      SELECT a.*, u.email, s.symbol, s.last_price\n      FROM price_alerts a\n      INNER JOIN users u ON a.user_id = u.id\n      INNER JOIN securities s ON a.security_id = s.id\n      WHERE a.status = 'active' AND a.triggered = false\n    ","timestamp":"2025-11-10 12:40:00"}
{"environment":"development","level":"info","message":"Price alerts checked. 0 triggered out of 0","service":"aluma-banking-api","timestamp":"2025-11-10 12:40:00"}
{"checked":0,"environment":"development","level":"debug","message":"Job alerts:repeat:a2207a63e8fb94ef36a747af8faf0fb2:1762774800000 completed","service":"aluma-banking-api","success":true,"timestamp":"2025-11-10 12:40:00","triggered":0}
{"environment":"development","level":"info","message":"Checking price alerts","service":"aluma-banking-api","timestamp":"2025-11-10 12:45:00"}
{"duration":361,"environment":"development","level":"debug","message":"Executed query","rows":0,"service":"aluma-banking-api","text":"\n      SELECT a.*, u.email, s.symbol, s.last_price\n      FROM price_alerts a\n      INNER JOIN users u ON a.user_id = u.id\n      INNER JOIN securities s ON a.security_id = s.id\n      WHERE a.status = 'active' AND a.triggered = false\n    ","timestamp":"2025-11-10 12:45:01"}
{"environment":"development","level":"info","message":"Price alerts checked. 0 triggered out of 0","service":"aluma-banking-api","timestamp":"2025-11-10 12:45:01"}
{"checked":0,"environment":"development","level":"debug","message":"Job alerts:repeat:a2207a63e8fb94ef36a747af8faf0fb2:1762775100000 completed","service":"aluma-banking-api","success":true,"timestamp":"2025-11-10 12:45:01","triggered":0}
{"environment":"development","level":"info","message":"Checking price alerts","service":"aluma-banking-api","timestamp":"2025-11-10 12:50:02"}
{"duration":23,"environment":"development","level":"debug","message":"Executed query","rows":0,"service":"aluma-banking-api","text":"\n      SELECT a.*, u.email, s.symbol, s.last_price\n      FROM price_alerts a\n      INNER JOIN users u ON a.user_id = u.id\n      INNER JOIN securities s ON a.security_id = s.id\n      WHERE a.status = 'active' AND a.triggered = false\n    ","timestamp":"2025-11-10 12:50:02"}
{"environment":"development","level":"info","message":"Price alerts checked. 0 triggered out of 0","service":"aluma-banking-api","timestamp":"2025-11-10 12:50:02"}
{"checked":0,"environment":"development","level":"debug","message":"Job alerts:repeat:a2207a63e8fb94ef36a747af8faf0fb2:1762775400000 completed","service":"aluma-banking-api","success":true,"timestamp":"2025-11-10 12:50:03","triggered":0}
{"environment":"development","level":"info","message":"Checking price alerts","service":"aluma-banking-api","timestamp":"2025-11-10 12:55:03"}
{"duration":10,"environment":"development","level":"debug","message":"Executed query","rows":0,"service":"aluma-banking-api","text":"\n      SELECT a.*, u.email, s.symbol, s.last_price\n      FROM price_alerts a\n      INNER JOIN users u ON a.user_id = u.id\n      INNER JOIN securities s ON a.security_id = s.id\n      WHERE a.status = 'active' AND a.triggered = false\n    ","timestamp":"2025-11-10 12:55:03"}
{"environment":"development","level":"info","message":"Price alerts checked. 0 triggered out of 0","service":"aluma-banking-api","timestamp":"2025-11-10 12:55:03"}
{"checked":0,"environment":"development","level":"debug","message":"Job alerts:repeat:a2207a63e8fb94ef36a747af8faf0fb2:1762775700000 completed","service":"aluma-banking-api","success":true,"timestamp":"2025-11-10 12:55:04","triggered":0}
{"environment":"development","level":"info","message":"Checking price alerts","service":"aluma-banking-api","timestamp":"2025-11-10 13:00:03"}
{"environment":"development","level":"info","message":"Cleaning up expired sessions","service":"aluma-banking-api","timestamp":"2025-11-10 13:00:12"}
{"duration":40001,"environment":"development","level":"debug","message":"Executed query","rows":0,"service":"aluma-banking-api","text":"\n      SELECT a.*, u.email, s.symbol, s.last_price\n      FROM price_alerts a\n      INNER JOIN users u ON a.user_id = u.id\n      INNER JOIN securities s ON a.security_id = s.id\n      WHERE a.status = 'active' AND a.triggered = false\n    ","timestamp":"2025-11-10 13:00:43"}
{"environment":"development","level":"info","message":"Price alerts checked. 0 triggered out of 0","service":"aluma-banking-api","timestamp":"2025-11-10 13:00:43"}
{"environment":"development","level":"warn","message":"Job alerts:repeat:a2207a63e8fb94ef36a747af8faf0fb2:1762776000000 stalled","service":"aluma-banking-api","timestamp":"2025-11-10 13:01:30"}
{"environment":"development","level":"warn","message":"Job cleanup:repeat:847a19d014497606d6bdfa348b9f08a3:1762776000000 stalled","service":"aluma-banking-api","timestamp":"2025-11-10 13:01:32"}
{"environment":"development","level":"info","message":"Cleaning up expired sessions","service":"aluma-banking-api","timestamp":"2025-11-10 13:01:38"}
{"environment":"development","error":"Connection terminated due to connection timeout","level":"error","message":"Query error","service":"aluma-banking-api","text":"\n      UPDATE user_sessions\n      SET is_active = false\n      WHERE expires_at < CURRENT_TIMESTAMP AND is_active = true\n      RETURNING id\n    ","timestamp":"2025-11-10 13:01:40"}
{"cause":{},"environment":"development","level":"error","message":"Failed to expire sessions: Connection terminated due to connection timeout","service":"aluma-banking-api","stack":"Error: Connection terminated due to connection timeout\n    at C:\\website work\\Aluma\\winnerscoins.com\\aluma-broker-backend\\node_modules\\pg-pool\\index.js:45:11\n    at process.processTicksAndRejections (node:internal/process/task_queues:105:5)\n    at async query (C:\\website work\\Aluma\\winnerscoins.com\\aluma-broker-backend\\config\\database.js:39:17)\n    at async Queue.<anonymous> (C:\\website work\\Aluma\\winnerscoins.com\\aluma-broker-backend\\jobs\\index.js:308:20)","timestamp":"2025-11-10 13:01:41"}
{"cause":{},"environment":"development","level":"error","message":"Job cleanup:repeat:847a19d014497606d6bdfa348b9f08a3:1762776000000 failed: Connection terminated due to connection timeout","service":"aluma-banking-api","stack":"Error: Connection terminated due to connection timeout\n    at C:\\website work\\Aluma\\winnerscoins.com\\aluma-broker-backend\\node_modules\\pg-pool\\index.js:45:11\n    at process.processTicksAndRejections (node:internal/process/task_queues:105:5)\n    at async query (C:\\website work\\Aluma\\winnerscoins.com\\aluma-broker-backend\\config\\database.js:39:17)\n    at async Queue.<anonymous> (C:\\website work\\Aluma\\winnerscoins.com\\aluma-broker-backend\\jobs\\index.js:308:20)","timestamp":"2025-11-10 13:01:43"}
{"environment":"development","level":"info","message":"Checking price alerts","service":"aluma-banking-api","timestamp":"2025-11-10 13:01:44"}
{"duration":11120,"environment":"development","level":"debug","message":"Executed query","rows":0,"service":"aluma-banking-api","text":"\n      UPDATE user_sessions\n      SET is_active = false\n      WHERE expires_at < CURRENT_TIMESTAMP AND is_active = true\n      RETURNING id\n    ","timestamp":"2025-11-10 13:01:49"}
{"environment":"development","level":"info","message":"Expired 0 sessions","service":"aluma-banking-api","timestamp":"2025-11-10 13:01:49"}
{"environment":"development","level":"debug","message":"New client connected to database","service":"aluma-banking-api","timestamp":"2025-11-10 13:01:53"}
{"duration":40347,"environment":"development","level":"debug","message":"Executed query","rows":0,"service":"aluma-banking-api","text":"\n      SELECT a.*, u.email, s.symbol, s.last_price\n      FROM price_alerts a\n      INNER JOIN users u ON a.user_id = u.id\n      INNER JOIN securities s ON a.security_id = s.id\n      WHERE a.status = 'active' AND a.triggered = false\n    ","timestamp":"2025-11-10 13:02:25"}
{"environment":"development","level":"info","message":"Price alerts checked. 0 triggered out of 0","service":"aluma-banking-api","timestamp":"2025-11-10 13:02:25"}
{"checked":0,"environment":"development","level":"debug","message":"Job alerts:repeat:a2207a63e8fb94ef36a747af8faf0fb2:1762776000000 completed","service":"aluma-banking-api","success":true,"timestamp":"2025-11-10 13:02:26","triggered":0}
{"environment":"development","level":"info","message":"Checking price alerts","service":"aluma-banking-api","timestamp":"2025-11-10 13:05:05"}
{"duration":9,"environment":"development","level":"debug","message":"Executed query","rows":0,"service":"aluma-banking-api","text":"\n      SELECT a.*, u.email, s.symbol, s.last_price\n      FROM price_alerts a\n      INNER JOIN users u ON a.user_id = u.id\n      INNER JOIN securities s ON a.security_id = s.id\n      WHERE a.status = 'active' AND a.triggered = false\n    ","timestamp":"2025-11-10 13:05:05"}
{"environment":"development","level":"info","message":"Price alerts checked. 0 triggered out of 0","service":"aluma-banking-api","timestamp":"2025-11-10 13:05:05"}
{"checked":0,"environment":"development","level":"debug","message":"Job alerts:repeat:a2207a63e8fb94ef36a747af8faf0fb2:1762776300000 completed","service":"aluma-banking-api","success":true,"timestamp":"2025-11-10 13:05:05","triggered":0}
{"environment":"development","level":"info","message":"Checking price alerts","service":"aluma-banking-api","timestamp":"2025-11-10 13:10:00"}
{"duration":8,"environment":"development","level":"debug","message":"Executed query","rows":0,"service":"aluma-banking-api","text":"\n      SELECT a.*, u.email, s.symbol, s.last_price\n      FROM price_alerts a\n      INNER JOIN users u ON a.user_id = u.id\n      INNER JOIN securities s ON a.security_id = s.id\n      WHERE a.status = 'active' AND a.triggered = false\n    ","timestamp":"2025-11-10 13:10:00"}
{"environment":"development","level":"info","message":"Price alerts checked. 0 triggered out of 0","service":"aluma-banking-api","timestamp":"2025-11-10 13:10:01"}
{"checked":0,"environment":"development","level":"debug","message":"Job alerts:repeat:a2207a63e8fb94ef36a747af8faf0fb2:1762776600000 completed","service":"aluma-banking-api","success":true,"timestamp":"2025-11-10 13:10:01","triggered":0}
{"environment":"development","level":"info","message":"Checking price alerts","service":"aluma-banking-api","timestamp":"2025-11-10 13:15:03"}
{"duration":12,"environment":"development","level":"debug","message":"Executed query","rows":0,"service":"aluma-banking-api","text":"\n      SELECT a.*, u.email, s.symbol, s.last_price\n      FROM price_alerts a\n      INNER JOIN users u ON a.user_id = u.id\n      INNER JOIN securities s ON a.security_id = s.id\n      WHERE a.status = 'active' AND a.triggered = false\n    ","timestamp":"2025-11-10 13:15:04"}
{"environment":"development","level":"info","message":"Price alerts checked. 0 triggered out of 0","service":"aluma-banking-api","timestamp":"2025-11-10 13:15:04"}
{"checked":0,"environment":"development","level":"debug","message":"Job alerts:repeat:a2207a63e8fb94ef36a747af8faf0fb2:1762776900000 completed","service":"aluma-banking-api","success":true,"timestamp":"2025-11-10 13:15:04","triggered":0}
{"environment":"development","level":"info","message":"Checking price alerts","service":"aluma-banking-api","timestamp":"2025-11-10 13:20:01"}
{"duration":43,"environment":"development","level":"debug","message":"Executed query","rows":0,"service":"aluma-banking-api","text":"\n      SELECT a.*, u.email, s.symbol, s.last_price\n      FROM price_alerts a\n      INNER JOIN users u ON a.user_id = u.id\n      INNER JOIN securities s ON a.security_id = s.id\n      WHERE a.status = 'active' AND a.triggered = false\n    ","timestamp":"2025-11-10 13:20:01"}
{"environment":"development","level":"info","message":"Price alerts checked. 0 triggered out of 0","service":"aluma-banking-api","timestamp":"2025-11-10 13:20:02"}
{"checked":0,"environment":"development","level":"debug","message":"Job alerts:repeat:a2207a63e8fb94ef36a747af8faf0fb2:1762777200000 completed","service":"aluma-banking-api","success":true,"timestamp":"2025-11-10 13:20:02","triggered":0}
{"environment":"development","level":"info","message":"Checking price alerts","service":"aluma-banking-api","timestamp":"2025-11-10 13:28:21"}
{"environment":"development","level":"warn","message":"Job alerts:repeat:a2207a63e8fb94ef36a747af8faf0fb2:1762777500000 stalled","service":"aluma-banking-api","timestamp":"2025-11-10 13:29:22"}
{"duration":75491,"environment":"development","level":"debug","message":"Executed query","rows":0,"service":"aluma-banking-api","text":"\n      SELECT a.*, u.email, s.symbol, s.last_price\n      FROM price_alerts a\n      INNER JOIN users u ON a.user_id = u.id\n      INNER JOIN securities s ON a.security_id = s.id\n      WHERE a.status = 'active' AND a.triggered = false\n    ","timestamp":"2025-11-10 13:29:36"}
{"environment":"development","level":"info","message":"Price alerts checked. 0 triggered out of 0","service":"aluma-banking-api","timestamp":"2025-11-10 13:29:37"}
{"environment":"development","level":"info","message":"Checking price alerts","service":"aluma-banking-api","timestamp":"2025-11-10 13:30:28"}
{"duration":451,"environment":"development","level":"debug","message":"Executed query","rows":0,"service":"aluma-banking-api","text":"\n      SELECT a.*, u.email, s.symbol, s.last_price\n      FROM price_alerts a\n      INNER JOIN users u ON a.user_id = u.id\n      INNER JOIN securities s ON a.security_id = s.id\n      WHERE a.status = 'active' AND a.triggered = false\n    ","timestamp":"2025-11-10 13:30:29"}
{"environment":"development","level":"info","message":"Price alerts checked. 0 triggered out of 0","service":"aluma-banking-api","timestamp":"2025-11-10 13:30:29"}
{"checked":0,"environment":"development","level":"debug","message":"Job alerts:repeat:a2207a63e8fb94ef36a747af8faf0fb2:1762777500000 completed","service":"aluma-banking-api","success":true,"timestamp":"2025-11-10 13:30:32","triggered":0}
{"environment":"development","level":"info","message":"Checking price alerts","service":"aluma-banking-api","timestamp":"2025-11-10 13:30:39"}
{"duration":770,"environment":"development","level":"debug","message":"Executed query","rows":0,"service":"aluma-banking-api","text":"\n      SELECT a.*, u.email, s.symbol, s.last_price\n      FROM price_alerts a\n      INNER JOIN users u ON a.user_id = u.id\n      INNER JOIN securities s ON a.security_id = s.id\n      WHERE a.status = 'active' AND a.triggered = false\n    ","timestamp":"2025-11-10 13:30:40"}
{"environment":"development","level":"info","message":"Price alerts checked. 0 triggered out of 0","service":"aluma-banking-api","timestamp":"2025-11-10 13:30:44"}
{"checked":0,"environment":"development","level":"debug","message":"Job alerts:repeat:a2207a63e8fb94ef36a747af8faf0fb2:1762777800000 completed","service":"aluma-banking-api","success":true,"timestamp":"2025-11-10 13:30:45","triggered":0}
{"environment":"development","level":"info","message":"Checking price alerts","service":"aluma-banking-api","timestamp":"2025-11-10 13:35:00"}
{"duration":8,"environment":"development","level":"debug","message":"Executed query","rows":0,"service":"aluma-banking-api","text":"\n      SELECT a.*, u.email, s.symbol, s.last_price\n      FROM price_alerts a\n      INNER JOIN users u ON a.user_id = u.id\n      INNER JOIN securities s ON a.security_id = s.id\n      WHERE a.status = 'active' AND a.triggered = false\n    ","timestamp":"2025-11-10 13:35:00"}
{"environment":"development","level":"info","message":"Price alerts checked. 0 triggered out of 0","service":"aluma-banking-api","timestamp":"2025-11-10 13:35:02"}
{"checked":0,"environment":"development","level":"debug","message":"Job alerts:repeat:a2207a63e8fb94ef36a747af8faf0fb2:1762778100000 completed","service":"aluma-banking-api","success":true,"timestamp":"2025-11-10 13:35:04","triggered":0}
{"environment":"development","level":"info","message":"Checking price alerts","service":"aluma-banking-api","timestamp":"2025-11-10 13:40:04"}
{"duration":7,"environment":"development","level":"debug","message":"Executed query","rows":0,"service":"aluma-banking-api","text":"\n      SELECT a.*, u.email, s.symbol, s.last_price\n      FROM price_alerts a\n      INNER JOIN users u ON a.user_id = u.id\n      INNER JOIN securities s ON a.security_id = s.id\n      WHERE a.status = 'active' AND a.triggered = false\n    ","timestamp":"2025-11-10 13:40:04"}
{"environment":"development","level":"info","message":"Price alerts checked. 0 triggered out of 0","service":"aluma-banking-api","timestamp":"2025-11-10 13:40:05"}
{"checked":0,"environment":"development","level":"debug","message":"Job alerts:repeat:a2207a63e8fb94ef36a747af8faf0fb2:1762778400000 completed","service":"aluma-banking-api","success":true,"timestamp":"2025-11-10 13:40:06","triggered":0}
{"environment":"development","level":"info","message":"Checking price alerts","service":"aluma-banking-api","timestamp":"2025-11-10 13:45:02"}
{"duration":8,"environment":"development","level":"debug","message":"Executed query","rows":0,"service":"aluma-banking-api","text":"\n      SELECT a.*, u.email, s.symbol, s.last_price\n      FROM price_alerts a\n      INNER JOIN users u ON a.user_id = u.id\n      INNER JOIN securities s ON a.security_id = s.id\n      WHERE a.status = 'active' AND a.triggered = false\n    ","timestamp":"2025-11-10 13:45:02"}
{"environment":"development","level":"info","message":"Price alerts checked. 0 triggered out of 0","service":"aluma-banking-api","timestamp":"2025-11-10 13:45:02"}
{"checked":0,"environment":"development","level":"debug","message":"Job alerts:repeat:a2207a63e8fb94ef36a747af8faf0fb2:1762778700000 completed","service":"aluma-banking-api","success":true,"timestamp":"2025-11-10 13:45:02","triggered":0}
{"environment":"development","level":"info","message":"Checking price alerts","service":"aluma-banking-api","timestamp":"2025-11-10 13:50:00"}
{"duration":34,"environment":"development","level":"debug","message":"Executed query","rows":0,"service":"aluma-banking-api","text":"\n      SELECT a.*, u.email, s.symbol, s.last_price\n      FROM price_alerts a\n      INNER JOIN users u ON a.user_id = u.id\n      INNER JOIN securities s ON a.security_id = s.id\n      WHERE a.status = 'active' AND a.triggered = false\n    ","timestamp":"2025-11-10 13:50:00"}
{"environment":"development","level":"info","message":"Price alerts checked. 0 triggered out of 0","service":"aluma-banking-api","timestamp":"2025-11-10 13:50:00"}
{"checked":0,"environment":"development","level":"debug","message":"Job alerts:repeat:a2207a63e8fb94ef36a747af8faf0fb2:1762779000000 completed","service":"aluma-banking-api","success":true,"timestamp":"2025-11-10 13:50:00","triggered":0}
{"environment":"development","level":"info","message":"Checking price alerts","service":"aluma-banking-api","timestamp":"2025-11-10 13:55:00"}
{"duration":8,"environment":"development","level":"debug","message":"Executed query","rows":0,"service":"aluma-banking-api","text":"\n      SELECT a.*, u.email, s.symbol, s.last_price\n      FROM price_alerts a\n      INNER JOIN users u ON a.user_id = u.id\n      INNER JOIN securities s ON a.security_id = s.id\n      WHERE a.status = 'active' AND a.triggered = false\n    ","timestamp":"2025-11-10 13:55:00"}
{"environment":"development","level":"info","message":"Price alerts checked. 0 triggered out of 0","service":"aluma-banking-api","timestamp":"2025-11-10 13:55:01"}
{"checked":0,"environment":"development","level":"debug","message":"Job alerts:repeat:a2207a63e8fb94ef36a747af8faf0fb2:1762779300000 completed","service":"aluma-banking-api","success":true,"timestamp":"2025-11-10 13:55:01","triggered":0}
{"environment":"development","level":"info","message":"Checking price alerts","service":"aluma-banking-api","timestamp":"2025-11-10 14:00:00"}
{"environment":"development","level":"info","message":"Cleaning up expired sessions","service":"aluma-banking-api","timestamp":"2025-11-10 14:00:00"}
{"duration":646,"environment":"development","level":"debug","message":"Executed query","rows":0,"service":"aluma-banking-api","text":"\n      SELECT a.*, u.email, s.symbol, s.last_price\n      FROM price_alerts a\n      INNER JOIN users u ON a.user_id = u.id\n      INNER JOIN securities s ON a.security_id = s.id\n      WHERE a.status = 'active' AND a.triggered = false\n    ","timestamp":"2025-11-10 14:00:01"}
{"environment":"development","level":"info","message":"Price alerts checked. 0 triggered out of 0","service":"aluma-banking-api","timestamp":"2025-11-10 14:00:01"}
{"checked":0,"environment":"development","level":"debug","message":"Job alerts:repeat:a2207a63e8fb94ef36a747af8faf0fb2:1762779600000 completed","service":"aluma-banking-api","success":true,"timestamp":"2025-11-10 14:00:02","triggered":0}
{"duration":5056,"environment":"development","level":"debug","message":"Executed query","rows":0,"service":"aluma-banking-api","text":"\n      UPDATE user_sessions\n      SET is_active = false\n      WHERE expires_at < CURRENT_TIMESTAMP AND is_active = true\n      RETURNING id\n    ","timestamp":"2025-11-10 14:00:06"}
{"environment":"development","level":"info","message":"Expired 0 sessions","service":"aluma-banking-api","timestamp":"2025-11-10 14:00:06"}
{"environment":"development","expiredCount":0,"level":"debug","message":"Job cleanup:repeat:847a19d014497606d6bdfa348b9f08a3:1762779600000 completed","service":"aluma-banking-api","success":true,"timestamp":"2025-11-10 14:00:07"}
{"environment":"development","level":"info","message":"Checking price alerts","service":"aluma-banking-api","timestamp":"2025-11-10 14:05:02"}
{"duration":2552,"environment":"development","level":"debug","message":"Executed query","rows":0,"service":"aluma-banking-api","text":"\n      SELECT a.*, u.email, s.symbol, s.last_price\n      FROM price_alerts a\n      INNER JOIN users u ON a.user_id = u.id\n      INNER JOIN securities s ON a.security_id = s.id\n      WHERE a.status = 'active' AND a.triggered = false\n    ","timestamp":"2025-11-10 14:05:04"}
{"environment":"development","level":"info","message":"Price alerts checked. 0 triggered out of 0","service":"aluma-banking-api","timestamp":"2025-11-10 14:05:05"}
{"checked":0,"environment":"development","level":"debug","message":"Job alerts:repeat:a2207a63e8fb94ef36a747af8faf0fb2:1762779900000 completed","service":"aluma-banking-api","success":true,"timestamp":"2025-11-10 14:05:06","triggered":0}
{"environment":"development","level":"info","message":"Checking price alerts","service":"aluma-banking-api","timestamp":"2025-11-10 14:10:00"}
{"duration":39,"environment":"development","level":"debug","message":"Executed query","rows":0,"service":"aluma-banking-api","text":"\n      SELECT a.*, u.email, s.symbol, s.last_price\n      FROM price_alerts a\n      INNER JOIN users u ON a.user_id = u.id\n      INNER JOIN securities s ON a.security_id = s.id\n      WHERE a.status = 'active' AND a.triggered = false\n    ","timestamp":"2025-11-10 14:10:00"}
{"environment":"development","level":"info","message":"Price alerts checked. 0 triggered out of 0","service":"aluma-banking-api","timestamp":"2025-11-10 14:10:00"}
{"checked":0,"environment":"development","level":"debug","message":"Job alerts:repeat:a2207a63e8fb94ef36a747af8faf0fb2:1762780200000 completed","service":"aluma-banking-api","success":true,"timestamp":"2025-11-10 14:10:01","triggered":0}
{"environment":"development","level":"info","message":"Checking price alerts","service":"aluma-banking-api","timestamp":"2025-11-10 14:15:00"}
{"duration":8,"environment":"development","level":"debug","message":"Executed query","rows":0,"service":"aluma-banking-api","text":"\n      SELECT a.*, u.email, s.symbol, s.last_price\n      FROM price_alerts a\n      INNER JOIN users u ON a.user_id = u.id\n      INNER JOIN securities s ON a.security_id = s.id\n      WHERE a.status = 'active' AND a.triggered = false\n    ","timestamp":"2025-11-10 14:15:00"}
{"environment":"development","level":"info","message":"Price alerts checked. 0 triggered out of 0","service":"aluma-banking-api","timestamp":"2025-11-10 14:15:00"}
{"checked":0,"environment":"development","level":"debug","message":"Job alerts:repeat:a2207a63e8fb94ef36a747af8faf0fb2:1762780500000 completed","service":"aluma-banking-api","success":true,"timestamp":"2025-11-10 14:15:00","triggered":0}
{"environment":"development","level":"info","message":"Checking price alerts","service":"aluma-banking-api","timestamp":"2025-11-10 14:20:02"}
{"duration":7,"environment":"development","level":"debug","message":"Executed query","rows":0,"service":"aluma-banking-api","text":"\n      SELECT a.*, u.email, s.symbol, s.last_price\n      FROM price_alerts a\n      INNER JOIN users u ON a.user_id = u.id\n      INNER JOIN securities s ON a.security_id = s.id\n      WHERE a.status = 'active' AND a.triggered = false\n    ","timestamp":"2025-11-10 14:20:03"}
{"environment":"development","level":"info","message":"Price alerts checked. 0 triggered out of 0","service":"aluma-banking-api","timestamp":"2025-11-10 14:20:03"}
{"checked":0,"environment":"development","level":"debug","message":"Job alerts:repeat:a2207a63e8fb94ef36a747af8faf0fb2:1762780800000 completed","service":"aluma-banking-api","success":true,"timestamp":"2025-11-10 14:20:03","triggered":0}
{"environment":"development","level":"info","message":"Checking price alerts","service":"aluma-banking-api","timestamp":"2025-11-10 14:25:00"}
{"duration":15,"environment":"development","level":"debug","message":"Executed query","rows":0,"service":"aluma-banking-api","text":"\n      SELECT a.*, u.email, s.symbol, s.last_price\n      FROM price_alerts a\n      INNER JOIN users u ON a.user_id = u.id\n      INNER JOIN securities s ON a.security_id = s.id\n      WHERE a.status = 'active' AND a.triggered = false\n    ","timestamp":"2025-11-10 14:25:00"}
{"environment":"development","level":"info","message":"Price alerts checked. 0 triggered out of 0","service":"aluma-banking-api","timestamp":"2025-11-10 14:25:00"}
{"checked":0,"environment":"development","level":"debug","message":"Job alerts:repeat:a2207a63e8fb94ef36a747af8faf0fb2:1762781100000 completed","service":"aluma-banking-api","success":true,"timestamp":"2025-11-10 14:25:00","triggered":0}
{"environment":"development","level":"info","message":"Checking price alerts","service":"aluma-banking-api","timestamp":"2025-11-10 14:30:00"}
{"duration":29,"environment":"development","level":"debug","message":"Executed query","rows":0,"service":"aluma-banking-api","text":"\n      SELECT a.*, u.email, s.symbol, s.last_price\n      FROM price_alerts a\n      INNER JOIN users u ON a.user_id = u.id\n      INNER JOIN securities s ON a.security_id = s.id\n      WHERE a.status = 'active' AND a.triggered = false\n    ","timestamp":"2025-11-10 14:30:00"}
{"environment":"development","level":"info","message":"Price alerts checked. 0 triggered out of 0","service":"aluma-banking-api","timestamp":"2025-11-10 14:30:00"}
{"checked":0,"environment":"development","level":"debug","message":"Job alerts:repeat:a2207a63e8fb94ef36a747af8faf0fb2:1762781400000 completed","service":"aluma-banking-api","success":true,"timestamp":"2025-11-10 14:30:00","triggered":0}
{"environment":"development","level":"info","message":"Checking price alerts","service":"aluma-banking-api","timestamp":"2025-11-10 14:35:00"}
{"duration":8,"environment":"development","level":"debug","message":"Executed query","rows":0,"service":"aluma-banking-api","text":"\n      SELECT a.*, u.email, s.symbol, s.last_price\n      FROM price_alerts a\n      INNER JOIN users u ON a.user_id = u.id\n      INNER JOIN securities s ON a.security_id = s.id\n      WHERE a.status = 'active' AND a.triggered = false\n    ","timestamp":"2025-11-10 14:35:00"}
{"environment":"development","level":"info","message":"Price alerts checked. 0 triggered out of 0","service":"aluma-banking-api","timestamp":"2025-11-10 14:35:00"}
{"checked":0,"environment":"development","level":"debug","message":"Job alerts:repeat:a2207a63e8fb94ef36a747af8faf0fb2:1762781700000 completed","service":"aluma-banking-api","success":true,"timestamp":"2025-11-10 14:35:00","triggered":0}
{"environment":"development","level":"info","message":"Checking price alerts","service":"aluma-banking-api","timestamp":"2025-11-10 14:40:04"}
{"duration":9,"environment":"development","level":"debug","message":"Executed query","rows":0,"service":"aluma-banking-api","text":"\n      SELECT a.*, u.email, s.symbol, s.last_price\n      FROM price_alerts a\n      INNER JOIN users u ON a.user_id = u.id\n      INNER JOIN securities s ON a.security_id = s.id\n      WHERE a.status = 'active' AND a.triggered = false\n    ","timestamp":"2025-11-10 14:40:04"}
{"environment":"development","level":"info","message":"Price alerts checked. 0 triggered out of 0","service":"aluma-banking-api","timestamp":"2025-11-10 14:40:04"}
{"checked":0,"environment":"development","level":"debug","message":"Job alerts:repeat:a2207a63e8fb94ef36a747af8faf0fb2:1762782000000 completed","service":"aluma-banking-api","success":true,"timestamp":"2025-11-10 14:40:04","triggered":0}
{"environment":"development","level":"info","message":"Checking price alerts","service":"aluma-banking-api","timestamp":"2025-11-10 14:45:00"}
{"duration":8,"environment":"development","level":"debug","message":"Executed query","rows":0,"service":"aluma-banking-api","text":"\n      SELECT a.*, u.email, s.symbol, s.last_price\n      FROM price_alerts a\n      INNER JOIN users u ON a.user_id = u.id\n      INNER JOIN securities s ON a.security_id = s.id\n      WHERE a.status = 'active' AND a.triggered = false\n    ","timestamp":"2025-11-10 14:45:00"}
{"environment":"development","level":"info","message":"Price alerts checked. 0 triggered out of 0","service":"aluma-banking-api","timestamp":"2025-11-10 14:45:00"}
{"checked":0,"environment":"development","level":"debug","message":"Job alerts:repeat:a2207a63e8fb94ef36a747af8faf0fb2:1762782300000 completed","service":"aluma-banking-api","success":true,"timestamp":"2025-11-10 14:45:00","triggered":0}
{"environment":"development","level":"info","message":"Checking price alerts","service":"aluma-banking-api","timestamp":"2025-11-10 14:50:00"}
{"duration":132,"environment":"development","level":"debug","message":"Executed query","rows":0,"service":"aluma-banking-api","text":"\n      SELECT a.*, u.email, s.symbol, s.last_price\n      FROM price_alerts a\n      INNER JOIN users u ON a.user_id = u.id\n      INNER JOIN securities s ON a.security_id = s.id\n      WHERE a.status = 'active' AND a.triggered = false\n    ","timestamp":"2025-11-10 14:50:00"}
{"environment":"development","level":"info","message":"Price alerts checked. 0 triggered out of 0","service":"aluma-banking-api","timestamp":"2025-11-10 14:50:00"}
{"checked":0,"environment":"development","level":"debug","message":"Job alerts:repeat:a2207a63e8fb94ef36a747af8faf0fb2:1762782600000 completed","service":"aluma-banking-api","success":true,"timestamp":"2025-11-10 14:50:00","triggered":0}
{"environment":"development","level":"info","message":"Checking price alerts","service":"aluma-banking-api","timestamp":"2025-11-10 14:55:00"}
{"duration":35,"environment":"development","level":"debug","message":"Executed query","rows":0,"service":"aluma-banking-api","text":"\n      SELECT a.*, u.email, s.symbol, s.last_price\n      FROM price_alerts a\n      INNER JOIN users u ON a.user_id = u.id\n      INNER JOIN securities s ON a.security_id = s.id\n      WHERE a.status = 'active' AND a.triggered = false\n    ","timestamp":"2025-11-10 14:55:00"}
{"environment":"development","level":"info","message":"Price alerts checked. 0 triggered out of 0","service":"aluma-banking-api","timestamp":"2025-11-10 14:55:00"}
{"checked":0,"environment":"development","level":"debug","message":"Job alerts:repeat:a2207a63e8fb94ef36a747af8faf0fb2:1762782900000 completed","service":"aluma-banking-api","success":true,"timestamp":"2025-11-10 14:55:00","triggered":0}
{"environment":"development","level":"info","message":"Checking price alerts","service":"aluma-banking-api","timestamp":"2025-11-10 15:00:01"}
{"duration":112,"environment":"development","level":"debug","message":"Executed query","rows":0,"service":"aluma-banking-api","text":"\n      SELECT a.*, u.email, s.symbol, s.last_price\n      FROM price_alerts a\n      INNER JOIN users u ON a.user_id = u.id\n      INNER JOIN securities s ON a.security_id = s.id\n      WHERE a.status = 'active' AND a.triggered = false\n    ","timestamp":"2025-11-10 15:00:01"}
{"environment":"development","level":"info","message":"Price alerts checked. 0 triggered out of 0","service":"aluma-banking-api","timestamp":"2025-11-10 15:00:01"}
{"environment":"development","level":"info","message":"Cleaning up expired sessions","service":"aluma-banking-api","timestamp":"2025-11-10 15:00:02"}
{"checked":0,"environment":"development","level":"debug","message":"Job alerts:repeat:a2207a63e8fb94ef36a747af8faf0fb2:1762783200000 completed","service":"aluma-banking-api","success":true,"timestamp":"2025-11-10 15:00:02","triggered":0}
{"duration":2383,"environment":"development","level":"debug","message":"Executed query","rows":0,"service":"aluma-banking-api","text":"\n      UPDATE user_sessions\n      SET is_active = false\n      WHERE expires_at < CURRENT_TIMESTAMP AND is_active = true\n      RETURNING id\n    ","timestamp":"2025-11-10 15:00:04"}
{"environment":"development","level":"info","message":"Expired 0 sessions","service":"aluma-banking-api","timestamp":"2025-11-10 15:00:04"}
{"environment":"development","expiredCount":0,"level":"debug","message":"Job cleanup:repeat:847a19d014497606d6bdfa348b9f08a3:1762783200000 completed","service":"aluma-banking-api","success":true,"timestamp":"2025-11-10 15:00:05"}
{"environment":"development","level":"info","message":"Checking price alerts","service":"aluma-banking-api","timestamp":"2025-11-10 15:05:05"}
{"duration":5272,"environment":"development","level":"debug","message":"Executed query","rows":0,"service":"aluma-banking-api","text":"\n      SELECT a.*, u.email, s.symbol, s.last_price\n      FROM price_alerts a\n      INNER JOIN users u ON a.user_id = u.id\n      INNER JOIN securities s ON a.security_id = s.id\n      WHERE a.status = 'active' AND a.triggered = false\n    ","timestamp":"2025-11-10 15:05:10"}
{"environment":"development","level":"info","message":"Price alerts checked. 0 triggered out of 0","service":"aluma-banking-api","timestamp":"2025-11-10 15:05:10"}
{"checked":0,"environment":"development","level":"debug","message":"Job alerts:repeat:a2207a63e8fb94ef36a747af8faf0fb2:1762783500000 completed","service":"aluma-banking-api","success":true,"timestamp":"2025-11-10 15:05:13","triggered":0}
{"0":"\"","1":"f","10":"\"","11":" ","12":"i","13":"s","14":" ","15":"r","16":"e","17":"q","18":"u","19":"i","2":"i","20":"r","21":"e","22":"d","23":",","24":" ","25":"\"","26":"l","27":"a","28":"s","29":"t","3":"r","30":"N","31":"a","32":"m","33":"e","34":"\"","35":" ","36":"i","37":"s","38":" ","39":"r","4":"s","40":"e","41":"q","42":"u","43":"i","44":"r","45":"e","46":"d","47":",","48":" ","49":"\"","5":"t","50":"d","51":"a","52":"t","53":"e","54":"O","55":"f","56":"B","57":"i","58":"r","59":"t","6":"N","60":"h","61":"\"","62":" ","63":"i","64":"s","65":" ","66":"r","67":"e","68":"q","69":"u","7":"a","70":"i","71":"r","72":"e","73":"d","8":"m","9":"e","environment":"development","level":"debug","message":"Validation error:","service":"aluma-banking-api","timestamp":"2025-11-10 15:07:38"}
{"environment":"development","level":"warn","message":"\"firstName\" is required, \"lastName\" is required, \"dateOfBirth\" is required","method":"POST","service":"aluma-banking-api","statusCode":400,"timestamp":"2025-11-10 15:07:39","url":"/api/v1/auth/register"}
{"environment":"development","level":"info","message":"Checking price alerts","service":"aluma-banking-api","timestamp":"2025-11-10 15:10:01"}
{"duration":8,"environment":"development","level":"debug","message":"Executed query","rows":0,"service":"aluma-banking-api","text":"\n      SELECT a.*, u.email, s.symbol, s.last_price\n      FROM price_alerts a\n      INNER JOIN users u ON a.user_id = u.id\n      INNER JOIN securities s ON a.security_id = s.id\n      WHERE a.status = 'active' AND a.triggered = false\n    ","timestamp":"2025-11-10 15:10:01"}
{"environment":"development","level":"info","message":"Price alerts checked. 0 triggered out of 0","service":"aluma-banking-api","timestamp":"2025-11-10 15:10:01"}
{"checked":0,"environment":"development","level":"debug","message":"Job alerts:repeat:a2207a63e8fb94ef36a747af8faf0fb2:1762783800000 completed","service":"aluma-banking-api","success":true,"timestamp":"2025-11-10 15:10:01","triggered":0}
{"environment":"development","level":"info","message":"Checking price alerts","service":"aluma-banking-api","timestamp":"2025-11-10 15:15:15"}
{"duration":12109,"environment":"development","level":"debug","message":"Executed query","rows":0,"service":"aluma-banking-api","text":"\n      SELECT a.*, u.email, s.symbol, s.last_price\n      FROM price_alerts a\n      INNER JOIN users u ON a.user_id = u.id\n      INNER JOIN securities s ON a.security_id = s.id\n      WHERE a.status = 'active' AND a.triggered = false\n    ","timestamp":"2025-11-10 15:15:27"}
{"environment":"development","level":"info","message":"Price alerts checked. 0 triggered out of 0","service":"aluma-banking-api","timestamp":"2025-11-10 15:15:27"}
{"checked":0,"environment":"development","level":"debug","message":"Job alerts:repeat:a2207a63e8fb94ef36a747af8faf0fb2:1762784100000 completed","service":"aluma-banking-api","success":true,"timestamp":"2025-11-10 15:15:29","triggered":0}
{"environment":"development","level":"info","message":"Checking price alerts","service":"aluma-banking-api","timestamp":"2025-11-10 15:20:01"}
{"duration":10,"environment":"development","level":"debug","message":"Executed query","rows":0,"service":"aluma-banking-api","text":"\n      SELECT a.*, u.email, s.symbol, s.last_price\n      FROM price_alerts a\n      INNER JOIN users u ON a.user_id = u.id\n      INNER JOIN securities s ON a.security_id = s.id\n      WHERE a.status = 'active' AND a.triggered = false\n    ","timestamp":"2025-11-10 15:20:02"}
{"environment":"development","level":"info","message":"Price alerts checked. 0 triggered out of 0","service":"aluma-banking-api","timestamp":"2025-11-10 15:20:02"}
{"checked":0,"environment":"development","level":"debug","message":"Job alerts:repeat:a2207a63e8fb94ef36a747af8faf0fb2:1762784400000 completed","service":"aluma-banking-api","success":true,"timestamp":"2025-11-10 15:20:02","triggered":0}
{"duration":4159,"environment":"development","level":"debug","message":"Executed query","rows":1,"service":"aluma-banking-api","text":"SELECT COUNT(*) FROM users WHERE email = $1 AND deleted_at IS NULL","timestamp":"2025-11-10 15:22:49"}
{"duration":45,"environment":"development","level":"debug","message":"Executed query","rows":1,"service":"aluma-banking-api","text":"SELECT COUNT(*) FROM users WHERE username = $1 AND deleted_at IS NULL","timestamp":"2025-11-10 15:22:49"}
{"environment":"development","level":"info","message":"New user registered: test@example.com","service":"aluma-banking-api","timestamp":"2025-11-10 15:23:06"}
{"environment":"development","level":"info","message":"Checking price alerts","service":"aluma-banking-api","timestamp":"2025-11-10 15:25:03"}
{"duration":2854,"environment":"development","level":"debug","message":"Executed query","rows":0,"service":"aluma-banking-api","text":"\n      SELECT a.*, u.email, s.symbol, s.last_price\n      FROM price_alerts a\n      INNER JOIN users u ON a.user_id = u.id\n      INNER JOIN securities s ON a.security_id = s.id\n      WHERE a.status = 'active' AND a.triggered = false\n    ","timestamp":"2025-11-10 15:25:06"}
{"environment":"development","level":"info","message":"Price alerts checked. 0 triggered out of 0","service":"aluma-banking-api","timestamp":"2025-11-10 15:25:06"}
{"checked":0,"environment":"development","level":"debug","message":"Job alerts:repeat:a2207a63e8fb94ef36a747af8faf0fb2:1762784700000 completed","service":"aluma-banking-api","success":true,"timestamp":"2025-11-10 15:25:08","triggered":0}
{"duration":34,"environment":"development","level":"debug","message":"Executed query","rows":1,"service":"aluma-banking-api","text":"SELECT \n        id, email, username, password_hash, first_name, last_name, \n        status, email_verified, created_at\n      FROM users\n      WHERE email = $1 AND deleted_at IS NULL","timestamp":"2025-11-10 15:27:32"}
{"duration":480,"environment":"development","level":"debug","message":"Executed query","rows":1,"service":"aluma-banking-api","text":"SELECT failed_login_attempts, locked_until FROM user_security WHERE user_id = $1","timestamp":"2025-11-10 15:27:34"}
{"duration":8195,"environment":"development","level":"debug","message":"Executed query","rows":1,"service":"aluma-banking-api","text":"UPDATE user_security \n     SET failed_login_attempts = 0, locked_until = NULL\n     WHERE user_id = $1","timestamp":"2025-11-10 15:27:42"}
{"environment":"development","ip":"127.0.0.1","level":"error","message":"generateAccessToken is not a function","method":"POST","service":"aluma-banking-api","stack":"TypeError: generateAccessToken is not a function\n    at C:\\website work\\Aluma\\winnerscoins.com\\aluma-broker-backend\\controllers\\auth.controller.js:161:23\n    at process.processTicksAndRejections (node:internal/process/task_queues:105:5)","timestamp":"2025-11-10 15:27:44","url":"/api/v1/auth/login"}
{"environment":"development","level":"info","message":"Checking price alerts","service":"aluma-banking-api","timestamp":"2025-11-10 15:30:02"}
{"duration":8,"environment":"development","level":"debug","message":"Executed query","rows":0,"service":"aluma-banking-api","text":"\n      SELECT a.*, u.email, s.symbol, s.last_price\n      FROM price_alerts a\n      INNER JOIN users u ON a.user_id = u.id\n      INNER JOIN securities s ON a.security_id = s.id\n      WHERE a.status = 'active' AND a.triggered = false\n    ","timestamp":"2025-11-10 15:30:03"}
{"environment":"development","level":"info","message":"Price alerts checked. 0 triggered out of 0","service":"aluma-banking-api","timestamp":"2025-11-10 15:30:03"}
{"checked":0,"environment":"development","level":"debug","message":"Job alerts:repeat:a2207a63e8fb94ef36a747af8faf0fb2:1762785000000 completed","service":"aluma-banking-api","success":true,"timestamp":"2025-11-10 15:30:03","triggered":0}
{"environment":"development","level":"info","message":"Checking price alerts","service":"aluma-banking-api","timestamp":"2025-11-10 15:35:01"}
{"duration":91,"environment":"development","level":"debug","message":"Executed query","rows":0,"service":"aluma-banking-api","text":"\n      SELECT a.*, u.email, s.symbol, s.last_price\n      FROM price_alerts a\n      INNER JOIN users u ON a.user_id = u.id\n      INNER JOIN securities s ON a.security_id = s.id\n      WHERE a.status = 'active' AND a.triggered = false\n    ","timestamp":"2025-11-10 15:35:01"}
{"environment":"development","level":"info","message":"Price alerts checked. 0 triggered out of 0","service":"aluma-banking-api","timestamp":"2025-11-10 15:35:01"}
{"checked":0,"environment":"development","level":"debug","message":"Job alerts:repeat:a2207a63e8fb94ef36a747af8faf0fb2:1762785300000 completed","service":"aluma-banking-api","success":true,"timestamp":"2025-11-10 15:35:03","triggered":0}
{"environment":"development","level":"info","message":"Checking price alerts","service":"aluma-banking-api","timestamp":"2025-11-10 15:40:04"}
{"duration":185,"environment":"development","level":"debug","message":"Executed query","rows":0,"service":"aluma-banking-api","text":"\n      SELECT a.*, u.email, s.symbol, s.last_price\n      FROM price_alerts a\n      INNER JOIN users u ON a.user_id = u.id\n      INNER JOIN securities s ON a.security_id = s.id\n      WHERE a.status = 'active' AND a.triggered = false\n    ","timestamp":"2025-11-10 15:40:04"}
{"environment":"development","level":"info","message":"Price alerts checked. 0 triggered out of 0","service":"aluma-banking-api","timestamp":"2025-11-10 15:40:04"}
{"checked":0,"environment":"development","level":"debug","message":"Job alerts:repeat:a2207a63e8fb94ef36a747af8faf0fb2:1762785600000 completed","service":"aluma-banking-api","success":true,"timestamp":"2025-11-10 15:40:05","triggered":0}
{"environment":"development","level":"info","message":"Checking price alerts","service":"aluma-banking-api","timestamp":"2025-11-10 15:45:04"}
{"duration":151,"environment":"development","level":"debug","message":"Executed query","rows":0,"service":"aluma-banking-api","text":"\n      SELECT a.*, u.email, s.symbol, s.last_price\n      FROM price_alerts a\n      INNER JOIN users u ON a.user_id = u.id\n      INNER JOIN securities s ON a.security_id = s.id\n      WHERE a.status = 'active' AND a.triggered = false\n    ","timestamp":"2025-11-10 15:45:05"}
{"environment":"development","level":"info","message":"Price alerts checked. 0 triggered out of 0","service":"aluma-banking-api","timestamp":"2025-11-10 15:45:05"}
{"checked":0,"environment":"development","level":"debug","message":"Job alerts:repeat:a2207a63e8fb94ef36a747af8faf0fb2:1762785900000 completed","service":"aluma-banking-api","success":true,"timestamp":"2025-11-10 15:45:05","triggered":0}
{"environment":"development","level":"info","message":"Checking price alerts","service":"aluma-banking-api","timestamp":"2025-11-10 15:50:04"}
{"duration":410,"environment":"development","level":"debug","message":"Executed query","rows":0,"service":"aluma-banking-api","text":"\n      SELECT a.*, u.email, s.symbol, s.last_price\n      FROM price_alerts a\n      INNER JOIN users u ON a.user_id = u.id\n      INNER JOIN securities s ON a.security_id = s.id\n      WHERE a.status = 'active' AND a.triggered = false\n    ","timestamp":"2025-11-10 15:50:05"}
{"environment":"development","level":"info","message":"Price alerts checked. 0 triggered out of 0","service":"aluma-banking-api","timestamp":"2025-11-10 15:50:05"}
{"checked":0,"environment":"development","level":"debug","message":"Job alerts:repeat:a2207a63e8fb94ef36a747af8faf0fb2:1762786200000 completed","service":"aluma-banking-api","success":true,"timestamp":"2025-11-10 15:50:05","triggered":0}
{"environment":"development","level":"info","message":"Checking price alerts","service":"aluma-banking-api","timestamp":"2025-11-10 15:55:03"}
{"duration":107,"environment":"development","level":"debug","message":"Executed query","rows":0,"service":"aluma-banking-api","text":"\n      SELECT a.*, u.email, s.symbol, s.last_price\n      FROM price_alerts a\n      INNER JOIN users u ON a.user_id = u.id\n      INNER JOIN securities s ON a.security_id = s.id\n      WHERE a.status = 'active' AND a.triggered = false\n    ","timestamp":"2025-11-10 15:55:03"}
{"environment":"development","level":"info","message":"Price alerts checked. 0 triggered out of 0","service":"aluma-banking-api","timestamp":"2025-11-10 15:55:03"}
{"checked":0,"environment":"development","level":"debug","message":"Job alerts:repeat:a2207a63e8fb94ef36a747af8faf0fb2:1762786500000 completed","service":"aluma-banking-api","success":true,"timestamp":"2025-11-10 15:55:04","triggered":0}
{"environment":"development","level":"info","message":"Checking price alerts","service":"aluma-banking-api","timestamp":"2025-11-10 16:00:02"}
{"duration":319,"environment":"development","level":"debug","message":"Executed query","rows":0,"service":"aluma-banking-api","text":"\n      SELECT a.*, u.email, s.symbol, s.last_price\n      FROM price_alerts a\n      INNER JOIN users u ON a.user_id = u.id\n      INNER JOIN securities s ON a.security_id = s.id\n      WHERE a.status = 'active' AND a.triggered = false\n    ","timestamp":"2025-11-10 16:00:03"}
{"environment":"development","level":"info","message":"Price alerts checked. 0 triggered out of 0","service":"aluma-banking-api","timestamp":"2025-11-10 16:00:03"}
{"environment":"development","level":"info","message":"Cleaning up expired sessions","service":"aluma-banking-api","timestamp":"2025-11-10 16:00:03"}
{"checked":0,"environment":"development","level":"debug","message":"Job alerts:repeat:a2207a63e8fb94ef36a747af8faf0fb2:1762786800000 completed","service":"aluma-banking-api","success":true,"timestamp":"2025-11-10 16:00:03","triggered":0}
{"duration":2895,"environment":"development","level":"debug","message":"Executed query","rows":0,"service":"aluma-banking-api","text":"\n      UPDATE user_sessions\n      SET is_active = false\n      WHERE expires_at < CURRENT_TIMESTAMP AND is_active = true\n      RETURNING id\n    ","timestamp":"2025-11-10 16:00:06"}
{"environment":"development","level":"info","message":"Expired 0 sessions","service":"aluma-banking-api","timestamp":"2025-11-10 16:00:06"}
{"environment":"development","expiredCount":0,"level":"debug","message":"Job cleanup:repeat:847a19d014497606d6bdfa348b9f08a3:1762786800000 completed","service":"aluma-banking-api","success":true,"timestamp":"2025-11-10 16:00:07"}
{"environment":"development","level":"info","message":"Checking price alerts","service":"aluma-banking-api","timestamp":"2025-11-10 16:05:11"}
{"duration":7870,"environment":"development","level":"debug","message":"Executed query","rows":0,"service":"aluma-banking-api","text":"\n      SELECT a.*, u.email, s.symbol, s.last_price\n      FROM price_alerts a\n      INNER JOIN users u ON a.user_id = u.id\n      INNER JOIN securities s ON a.security_id = s.id\n      WHERE a.status = 'active' AND a.triggered = false\n    ","timestamp":"2025-11-10 16:05:19"}
{"environment":"development","level":"info","message":"Price alerts checked. 0 triggered out of 0","service":"aluma-banking-api","timestamp":"2025-11-10 16:05:19"}
{"checked":0,"environment":"development","level":"debug","message":"Job alerts:repeat:a2207a63e8fb94ef36a747af8faf0fb2:1762787100000 completed","service":"aluma-banking-api","success":true,"timestamp":"2025-11-10 16:05:19","triggered":0}
{"environment":"development","level":"info","message":"Checking price alerts","service":"aluma-banking-api","timestamp":"2025-11-10 16:10:00"}
{"duration":565,"environment":"development","level":"debug","message":"Executed query","rows":0,"service":"aluma-banking-api","text":"\n      SELECT a.*, u.email, s.symbol, s.last_price\n      FROM price_alerts a\n      INNER JOIN users u ON a.user_id = u.id\n      INNER JOIN securities s ON a.security_id = s.id\n      WHERE a.status = 'active' AND a.triggered = false\n    ","timestamp":"2025-11-10 16:10:00"}
{"environment":"development","level":"info","message":"Price alerts checked. 0 triggered out of 0","service":"aluma-banking-api","timestamp":"2025-11-10 16:10:00"}
{"checked":0,"environment":"development","level":"debug","message":"Job alerts:repeat:a2207a63e8fb94ef36a747af8faf0fb2:1762787400000 completed","service":"aluma-banking-api","success":true,"timestamp":"2025-11-10 16:10:00","triggered":0}
{"environment":"development","level":"info","message":"Checking price alerts","service":"aluma-banking-api","timestamp":"2025-11-10 16:15:00"}
{"duration":392,"environment":"development","level":"debug","message":"Executed query","rows":0,"service":"aluma-banking-api","text":"\n      SELECT a.*, u.email, s.symbol, s.last_price\n      FROM price_alerts a\n      INNER JOIN users u ON a.user_id = u.id\n      INNER JOIN securities s ON a.security_id = s.id\n      WHERE a.status = 'active' AND a.triggered = false\n    ","timestamp":"2025-11-10 16:15:01"}
{"environment":"development","level":"info","message":"Price alerts checked. 0 triggered out of 0","service":"aluma-banking-api","timestamp":"2025-11-10 16:15:01"}
{"checked":0,"environment":"development","level":"debug","message":"Job alerts:repeat:a2207a63e8fb94ef36a747af8faf0fb2:1762787700000 completed","service":"aluma-banking-api","success":true,"timestamp":"2025-11-10 16:15:01","triggered":0}
{"environment":"development","level":"info","message":"Checking price alerts","service":"aluma-banking-api","timestamp":"2025-11-10 16:20:02"}
{"duration":30,"environment":"development","level":"debug","message":"Executed query","rows":0,"service":"aluma-banking-api","text":"\n      SELECT a.*, u.email, s.symbol, s.last_price\n      FROM price_alerts a\n      INNER JOIN users u ON a.user_id = u.id\n      INNER JOIN securities s ON a.security_id = s.id\n      WHERE a.status = 'active' AND a.triggered = false\n    ","timestamp":"2025-11-10 16:20:02"}
{"environment":"development","level":"info","message":"Price alerts checked. 0 triggered out of 0","service":"aluma-banking-api","timestamp":"2025-11-10 16:20:02"}
{"checked":0,"environment":"development","level":"debug","message":"Job alerts:repeat:a2207a63e8fb94ef36a747af8faf0fb2:1762788000000 completed","service":"aluma-banking-api","success":true,"timestamp":"2025-11-10 16:20:03","triggered":0}
{"environment":"development","level":"info","message":"Checking price alerts","service":"aluma-banking-api","timestamp":"2025-11-10 16:25:07"}
{"duration":8537,"environment":"development","level":"debug","message":"Executed query","rows":0,"service":"aluma-banking-api","text":"\n      SELECT a.*, u.email, s.symbol, s.last_price\n      FROM price_alerts a\n      INNER JOIN users u ON a.user_id = u.id\n      INNER JOIN securities s ON a.security_id = s.id\n      WHERE a.status = 'active' AND a.triggered = false\n    ","timestamp":"2025-11-10 16:25:15"}
{"environment":"development","level":"info","message":"Price alerts checked. 0 triggered out of 0","service":"aluma-banking-api","timestamp":"2025-11-10 16:25:15"}
{"checked":0,"environment":"development","level":"debug","message":"Job alerts:repeat:a2207a63e8fb94ef36a747af8faf0fb2:1762788300000 completed","service":"aluma-banking-api","success":true,"timestamp":"2025-11-10 16:25:16","triggered":0}
{"environment":"development","level":"info","message":"Checking price alerts","service":"aluma-banking-api","timestamp":"2025-11-10 16:30:01"}
{"duration":176,"environment":"development","level":"debug","message":"Executed query","rows":0,"service":"aluma-banking-api","text":"\n      SELECT a.*, u.email, s.symbol, s.last_price\n      FROM price_alerts a\n      INNER JOIN users u ON a.user_id = u.id\n      INNER JOIN securities s ON a.security_id = s.id\n      WHERE a.status = 'active' AND a.triggered = false\n    ","timestamp":"2025-11-10 16:30:02"}
{"environment":"development","level":"info","message":"Price alerts checked. 0 triggered out of 0","service":"aluma-banking-api","timestamp":"2025-11-10 16:30:02"}
{"checked":0,"environment":"development","level":"debug","message":"Job alerts:repeat:a2207a63e8fb94ef36a747af8faf0fb2:1762788600000 completed","service":"aluma-banking-api","success":true,"timestamp":"2025-11-10 16:30:02","triggered":0}
{"environment":"development","level":"info","message":"Checking price alerts","service":"aluma-banking-api","timestamp":"2025-11-10 16:35:13"}
{"duration":16004,"environment":"development","level":"debug","message":"Executed query","rows":0,"service":"aluma-banking-api","text":"\n      SELECT a.*, u.email, s.symbol, s.last_price\n      FROM price_alerts a\n      INNER JOIN users u ON a.user_id = u.id\n      INNER JOIN securities s ON a.security_id = s.id\n      WHERE a.status = 'active' AND a.triggered = false\n    ","timestamp":"2025-11-10 16:35:29"}
{"environment":"development","level":"info","message":"Price alerts checked. 0 triggered out of 0","service":"aluma-banking-api","timestamp":"2025-11-10 16:35:29"}
{"checked":0,"environment":"development","level":"debug","message":"Job alerts:repeat:a2207a63e8fb94ef36a747af8faf0fb2:1762788900000 completed","service":"aluma-banking-api","success":true,"timestamp":"2025-11-10 16:35:29","triggered":0}
{"environment":"development","level":"info","message":"Checking price alerts","service":"aluma-banking-api","timestamp":"2025-11-10 16:40:02"}
{"duration":212,"environment":"development","level":"debug","message":"Executed query","rows":0,"service":"aluma-banking-api","text":"\n      SELECT a.*, u.email, s.symbol, s.last_price\n      FROM price_alerts a\n      INNER JOIN users u ON a.user_id = u.id\n      INNER JOIN securities s ON a.security_id = s.id\n      WHERE a.status = 'active' AND a.triggered = false\n    ","timestamp":"2025-11-10 16:40:03"}
{"environment":"development","level":"info","message":"Price alerts checked. 0 triggered out of 0","service":"aluma-banking-api","timestamp":"2025-11-10 16:40:03"}
{"checked":0,"environment":"development","level":"debug","message":"Job alerts:repeat:a2207a63e8fb94ef36a747af8faf0fb2:1762789200000 completed","service":"aluma-banking-api","success":true,"timestamp":"2025-11-10 16:40:03","triggered":0}
{"environment":"development","level":"info","message":"Cleaning up expired sessions","service":"aluma-banking-api","timestamp":"2025-11-10 19:41:39"}
{"environment":"development","level":"info","message":"Checking price alerts","service":"aluma-banking-api","timestamp":"2025-11-10 19:41:39"}
{"duration":16022,"environment":"development","level":"debug","message":"Executed query","rows":0,"service":"aluma-banking-api","text":"\n      UPDATE user_sessions\n      SET is_active = false\n      WHERE expires_at < CURRENT_TIMESTAMP AND is_active = true\n      RETURNING id\n    ","timestamp":"2025-11-10 19:41:57"}
{"environment":"development","level":"info","message":"Expired 0 sessions","service":"aluma-banking-api","timestamp":"2025-11-10 19:41:57"}
{"environment":"development","expiredCount":0,"level":"debug","message":"Job cleanup:repeat:847a19d014497606d6bdfa348b9f08a3:1762790400000 completed","service":"aluma-banking-api","success":true,"timestamp":"2025-11-10 19:42:00"}
{"duration":28182,"environment":"development","level":"debug","message":"Executed query","rows":0,"service":"aluma-banking-api","text":"\n      SELECT a.*, u.email, s.symbol, s.last_price\n      FROM price_alerts a\n      INNER JOIN users u ON a.user_id = u.id\n      INNER JOIN securities s ON a.security_id = s.id\n      WHERE a.status = 'active' AND a.triggered = false\n    ","timestamp":"2025-11-10 19:42:08"}
{"environment":"development","level":"info","message":"Price alerts checked. 0 triggered out of 0","service":"aluma-banking-api","timestamp":"2025-11-10 19:42:08"}
{"checked":0,"environment":"development","level":"debug","message":"Job alerts:repeat:a2207a63e8fb94ef36a747af8faf0fb2:1762789500000 completed","service":"aluma-banking-api","success":true,"timestamp":"2025-11-10 19:42:10","triggered":0}
