{"environment":"development","level":"info","message":"WebSocket server initialized successfully","service":"aluma-banking-api","timestamp":"2025-11-11 08:29:38"}
{"cause":{},"environment":"development","level":"error","message":"Failed to start server: Connection terminated due to connection timeout","service":"aluma-banking-api","stack":"Error: Connection terminated due to connection timeout\n    at C:\\website work\\Aluma\\winnerscoins.com\\aluma-broker-backend\\node_modules\\pg-pool\\index.js:45:11\n    at process.processTicksAndRejections (node:internal/process/task_queues:105:5)\n    at async startServer (C:\\website work\\Aluma\\winnerscoins.com\\aluma-broker-backend\\server.js:211:5)","timestamp":"2025-11-11 08:30:10"}
{"environment":"development","level":"info","message":"WebSocket server initialized successfully","service":"aluma-banking-api","timestamp":"2025-11-11 08:52:01"}
{"environment":"development","level":"debug","message":"New client connected to database","service":"aluma-banking-api","timestamp":"2025-11-11 08:52:18"}
{"environment":"development","level":"info","message":"Database connection established","service":"aluma-banking-api","timestamp":"2025-11-11 08:52:50"}
{"environment":"development","level":"info","message":"Initializing background jobs...","service":"aluma-banking-api","timestamp":"2025-11-11 08:52:50"}
{"environment":"development","level":"info","message":"Background jobs initialized successfully","service":"aluma-banking-api","timestamp":"2025-11-11 08:52:50"}
{"environment":"development","level":"info","message":"🚀 Server running on http://0.0.0.0:3000","service":"aluma-banking-api","timestamp":"2025-11-11 08:52:51"}
{"environment":"development","level":"info","message":"📊 Environment: development","service":"aluma-banking-api","timestamp":"2025-11-11 08:52:52"}
{"environment":"development","level":"info","message":"🔌 WebSocket server initialized","service":"aluma-banking-api","timestamp":"2025-11-11 08:52:52"}
{"environment":"development","level":"info","message":"📝 API Documentation: http://0.0.0.0:3000/api/v1","service":"aluma-banking-api","timestamp":"2025-11-11 08:52:52"}
{"environment":"development","level":"info","message":"Processing portfolio valuations update","service":"aluma-banking-api","timestamp":"2025-11-11 08:52:53"}
{"environment":"development","level":"info","message":"Cleaning up expired sessions","service":"aluma-banking-api","timestamp":"2025-11-11 08:52:53"}
{"environment":"development","level":"info","message":"Cleaning old data","service":"aluma-banking-api","timestamp":"2025-11-11 08:52:53"}
{"environment":"development","level":"info","message":"Checking price alerts","service":"aluma-banking-api","timestamp":"2025-11-11 08:52:53"}
{"environment":"development","level":"debug","message":"New client connected to database","service":"aluma-banking-api","timestamp":"2025-11-11 08:52:54"}
{"environment":"development","level":"debug","message":"New client connected to database","service":"aluma-banking-api","timestamp":"2025-11-11 08:52:54"}
{"environment":"development","level":"debug","message":"New client connected to database","service":"aluma-banking-api","timestamp":"2025-11-11 08:52:54"}
{"duration":15890,"environment":"development","level":"debug","message":"Executed query","rows":0,"service":"aluma-banking-api","text":"\n      DELETE FROM user_login_history\n      WHERE created_at < CURRENT_TIMESTAMP - INTERVAL '90 days'\n    ","timestamp":"2025-11-11 08:53:10"}
{"duration":16580,"environment":"development","level":"debug","message":"Executed query","rows":0,"service":"aluma-banking-api","text":"\n      UPDATE user_sessions\n      SET is_active = false\n      WHERE expires_at < CURRENT_TIMESTAMP AND is_active = true\n      RETURNING id\n    ","timestamp":"2025-11-11 08:53:10"}
{"environment":"development","level":"info","message":"Expired 0 sessions","service":"aluma-banking-api","timestamp":"2025-11-11 08:53:11"}
{"duration":1192,"environment":"development","level":"debug","message":"Executed query","rows":0,"service":"aluma-banking-api","text":"\n      DELETE FROM audit_logs\n      WHERE created_at < CURRENT_TIMESTAMP - INTERVAL '1 year'\n    ","timestamp":"2025-11-11 08:53:11"}
{"environment":"development","level":"info","message":"Cleaned 0 login records, 0 audit logs","service":"aluma-banking-api","timestamp":"2025-11-11 08:53:11"}
{"duration":20272,"environment":"development","level":"debug","message":"Executed query","rows":0,"service":"aluma-banking-api","text":"\n      SELECT a.*, u.email, s.symbol, s.last_price\n      FROM price_alerts a\n      INNER JOIN users u ON a.user_id = u.id\n      INNER JOIN securities s ON a.security_id = s.id\n      WHERE a.status = 'active' AND a.triggered = false\n    ","timestamp":"2025-11-11 08:53:14"}
{"environment":"development","level":"info","message":"Price alerts checked. 0 triggered out of 0","service":"aluma-banking-api","timestamp":"2025-11-11 08:53:14"}
{"duration":20775,"environment":"development","level":"debug","message":"Executed query","rows":0,"service":"aluma-banking-api","text":"\n      SELECT DISTINCT a.id, a.user_id\n      FROM accounts a\n      INNER JOIN positions p ON a.id = p.account_id\n      WHERE a.status = 'active' AND p.quantity > 0\n    ","timestamp":"2025-11-11 08:53:14"}
{"environment":"development","level":"info","message":"Updating valuations for 0 accounts","service":"aluma-banking-api","timestamp":"2025-11-11 08:53:14"}
{"environment":"development","level":"info","message":"Portfolio valuations updated successfully","service":"aluma-banking-api","timestamp":"2025-11-11 08:53:15"}
{"environment":"development","level":"warn","message":"Job alerts:repeat:a2207a63e8fb94ef36a747af8faf0fb2:1762800300000 stalled","service":"aluma-banking-api","timestamp":"2025-11-11 08:53:32"}
{"environment":"development","level":"info","message":"Checking price alerts","service":"aluma-banking-api","timestamp":"2025-11-11 08:53:32"}
{"duration":46,"environment":"development","level":"debug","message":"Executed query","rows":0,"service":"aluma-banking-api","text":"\n      SELECT a.*, u.email, s.symbol, s.last_price\n      FROM price_alerts a\n      INNER JOIN users u ON a.user_id = u.id\n      INNER JOIN securities s ON a.security_id = s.id\n      WHERE a.status = 'active' AND a.triggered = false\n    ","timestamp":"2025-11-11 08:53:32"}
{"environment":"development","level":"info","message":"Price alerts checked. 0 triggered out of 0","service":"aluma-banking-api","timestamp":"2025-11-11 08:53:32"}
{"checked":0,"environment":"development","level":"debug","message":"Job alerts:repeat:a2207a63e8fb94ef36a747af8faf0fb2:1762800300000 completed","service":"aluma-banking-api","success":true,"timestamp":"2025-11-11 08:53:34","triggered":0}
{"environment":"development","level":"warn","message":"Job cleanup:repeat:0baf85e5b1313c58d666398323c93715:1762822800000 stalled","service":"aluma-banking-api","timestamp":"2025-11-11 08:54:02"}
{"environment":"development","level":"warn","message":"Job cleanup:repeat:847a19d014497606d6bdfa348b9f08a3:1762801200000 stalled","service":"aluma-banking-api","timestamp":"2025-11-11 08:54:02"}
{"environment":"development","level":"warn","message":"Job portfolio:repeat:a788c5ce0eb4ce217ed9cda0c945f2fe:1762810200000 stalled","service":"aluma-banking-api","timestamp":"2025-11-11 08:54:02"}
{"environment":"development","level":"info","message":"Cleaning up expired sessions","service":"aluma-banking-api","timestamp":"2025-11-11 08:54:02"}
{"environment":"development","level":"info","message":"Cleaning old data","service":"aluma-banking-api","timestamp":"2025-11-11 08:54:02"}
{"environment":"development","level":"info","message":"Processing portfolio valuations update","service":"aluma-banking-api","timestamp":"2025-11-11 08:54:02"}
{"duration":23,"environment":"development","level":"debug","message":"Executed query","rows":0,"service":"aluma-banking-api","text":"\n      UPDATE user_sessions\n      SET is_active = false\n      WHERE expires_at < CURRENT_TIMESTAMP AND is_active = true\n      RETURNING id\n    ","timestamp":"2025-11-11 08:54:02"}
{"environment":"development","level":"info","message":"Expired 0 sessions","service":"aluma-banking-api","timestamp":"2025-11-11 08:54:02"}
{"environment":"development","expiredCount":0,"level":"debug","message":"Job cleanup:repeat:847a19d014497606d6bdfa348b9f08a3:1762801200000 completed","service":"aluma-banking-api","success":true,"timestamp":"2025-11-11 08:54:02"}
{"environment":"development","level":"debug","message":"New client connected to database","service":"aluma-banking-api","timestamp":"2025-11-11 08:54:02"}
{"environment":"development","level":"debug","message":"New client connected to database","service":"aluma-banking-api","timestamp":"2025-11-11 08:54:02"}
{"duration":271,"environment":"development","level":"debug","message":"Executed query","rows":0,"service":"aluma-banking-api","text":"\n      DELETE FROM user_login_history\n      WHERE created_at < CURRENT_TIMESTAMP - INTERVAL '90 days'\n    ","timestamp":"2025-11-11 08:54:02"}
{"duration":15,"environment":"development","level":"debug","message":"Executed query","rows":0,"service":"aluma-banking-api","text":"\n      DELETE FROM audit_logs\n      WHERE created_at < CURRENT_TIMESTAMP - INTERVAL '1 year'\n    ","timestamp":"2025-11-11 08:54:02"}
{"environment":"development","level":"info","message":"Cleaned 0 login records, 0 audit logs","service":"aluma-banking-api","timestamp":"2025-11-11 08:54:02"}
{"auditLogs":0,"environment":"development","level":"debug","loginRecords":0,"message":"Job cleanup:repeat:0baf85e5b1313c58d666398323c93715:1762822800000 completed","service":"aluma-banking-api","success":true,"timestamp":"2025-11-11 08:54:02"}
{"duration":311,"environment":"development","level":"debug","message":"Executed query","rows":0,"service":"aluma-banking-api","text":"\n      SELECT DISTINCT a.id, a.user_id\n      FROM accounts a\n      INNER JOIN positions p ON a.id = p.account_id\n      WHERE a.status = 'active' AND p.quantity > 0\n    ","timestamp":"2025-11-11 08:54:02"}
{"environment":"development","level":"info","message":"Updating valuations for 0 accounts","service":"aluma-banking-api","timestamp":"2025-11-11 08:54:02"}
{"environment":"development","level":"info","message":"Portfolio valuations updated successfully","service":"aluma-banking-api","timestamp":"2025-11-11 08:54:02"}
{"accountsUpdated":0,"environment":"development","level":"debug","message":"Job portfolio:repeat:a788c5ce0eb4ce217ed9cda0c945f2fe:1762810200000 completed","service":"aluma-banking-api","success":true,"timestamp":"2025-11-11 08:54:02"}
{"environment":"development","level":"info","message":"Checking price alerts","service":"aluma-banking-api","timestamp":"2025-11-11 08:55:00"}
{"environment":"development","level":"debug","message":"New client connected to database","service":"aluma-banking-api","timestamp":"2025-11-11 08:55:00"}
{"duration":139,"environment":"development","level":"debug","message":"Executed query","rows":0,"service":"aluma-banking-api","text":"\n      SELECT a.*, u.email, s.symbol, s.last_price\n      FROM price_alerts a\n      INNER JOIN users u ON a.user_id = u.id\n      INNER JOIN securities s ON a.security_id = s.id\n      WHERE a.status = 'active' AND a.triggered = false\n    ","timestamp":"2025-11-11 08:55:00"}
{"environment":"development","level":"info","message":"Price alerts checked. 0 triggered out of 0","service":"aluma-banking-api","timestamp":"2025-11-11 08:55:00"}
{"checked":0,"environment":"development","level":"debug","message":"Job alerts:repeat:a2207a63e8fb94ef36a747af8faf0fb2:1762847700000 completed","service":"aluma-banking-api","success":true,"timestamp":"2025-11-11 08:55:00","triggered":0}
{"environment":"development","level":"info","message":"Cleaning up expired sessions","service":"aluma-banking-api","timestamp":"2025-11-11 09:00:01"}
{"environment":"development","level":"info","message":"Checking price alerts","service":"aluma-banking-api","timestamp":"2025-11-11 09:00:01"}
{"duration":153,"environment":"development","level":"debug","message":"Executed query","rows":0,"service":"aluma-banking-api","text":"\n      UPDATE user_sessions\n      SET is_active = false\n      WHERE expires_at < CURRENT_TIMESTAMP AND is_active = true\n      RETURNING id\n    ","timestamp":"2025-11-11 09:00:01"}
{"environment":"development","level":"info","message":"Expired 0 sessions","service":"aluma-banking-api","timestamp":"2025-11-11 09:00:01"}
{"environment":"development","expiredCount":0,"level":"debug","message":"Job cleanup:repeat:847a19d014497606d6bdfa348b9f08a3:1762848000000 completed","service":"aluma-banking-api","success":true,"timestamp":"2025-11-11 09:00:01"}
{"environment":"development","level":"debug","message":"New client connected to database","service":"aluma-banking-api","timestamp":"2025-11-11 09:00:01"}
{"duration":333,"environment":"development","level":"debug","message":"Executed query","rows":0,"service":"aluma-banking-api","text":"\n      SELECT a.*, u.email, s.symbol, s.last_price\n      FROM price_alerts a\n      INNER JOIN users u ON a.user_id = u.id\n      INNER JOIN securities s ON a.security_id = s.id\n      WHERE a.status = 'active' AND a.triggered = false\n    ","timestamp":"2025-11-11 09:00:01"}
{"environment":"development","level":"info","message":"Price alerts checked. 0 triggered out of 0","service":"aluma-banking-api","timestamp":"2025-11-11 09:00:01"}
{"checked":0,"environment":"development","level":"debug","message":"Job alerts:repeat:a2207a63e8fb94ef36a747af8faf0fb2:1762848000000 completed","service":"aluma-banking-api","success":true,"timestamp":"2025-11-11 09:00:01","triggered":0}
{"environment":"development","level":"info","message":"Checking price alerts","service":"aluma-banking-api","timestamp":"2025-11-11 09:05:00"}
{"duration":17,"environment":"development","level":"debug","message":"Executed query","rows":0,"service":"aluma-banking-api","text":"\n      SELECT a.*, u.email, s.symbol, s.last_price\n      FROM price_alerts a\n      INNER JOIN users u ON a.user_id = u.id\n      INNER JOIN securities s ON a.security_id = s.id\n      WHERE a.status = 'active' AND a.triggered = false\n    ","timestamp":"2025-11-11 09:05:00"}
{"environment":"development","level":"info","message":"Price alerts checked. 0 triggered out of 0","service":"aluma-banking-api","timestamp":"2025-11-11 09:05:00"}
{"checked":0,"environment":"development","level":"debug","message":"Job alerts:repeat:a2207a63e8fb94ef36a747af8faf0fb2:1762848300000 completed","service":"aluma-banking-api","success":true,"timestamp":"2025-11-11 09:05:00","triggered":0}
{"environment":"development","level":"info","message":"Checking price alerts","service":"aluma-banking-api","timestamp":"2025-11-11 09:10:00"}
{"duration":25,"environment":"development","level":"debug","message":"Executed query","rows":0,"service":"aluma-banking-api","text":"\n      SELECT a.*, u.email, s.symbol, s.last_price\n      FROM price_alerts a\n      INNER JOIN users u ON a.user_id = u.id\n      INNER JOIN securities s ON a.security_id = s.id\n      WHERE a.status = 'active' AND a.triggered = false\n    ","timestamp":"2025-11-11 09:10:00"}
{"environment":"development","level":"info","message":"Price alerts checked. 0 triggered out of 0","service":"aluma-banking-api","timestamp":"2025-11-11 09:10:00"}
{"checked":0,"environment":"development","level":"debug","message":"Job alerts:repeat:a2207a63e8fb94ef36a747af8faf0fb2:1762848600000 completed","service":"aluma-banking-api","success":true,"timestamp":"2025-11-11 09:10:00","triggered":0}
{"environment":"development","level":"info","message":"Checking price alerts","service":"aluma-banking-api","timestamp":"2025-11-11 09:15:00"}
{"duration":34,"environment":"development","level":"debug","message":"Executed query","rows":0,"service":"aluma-banking-api","text":"\n      SELECT a.*, u.email, s.symbol, s.last_price\n      FROM price_alerts a\n      INNER JOIN users u ON a.user_id = u.id\n      INNER JOIN securities s ON a.security_id = s.id\n      WHERE a.status = 'active' AND a.triggered = false\n    ","timestamp":"2025-11-11 09:15:00"}
{"environment":"development","level":"info","message":"Price alerts checked. 0 triggered out of 0","service":"aluma-banking-api","timestamp":"2025-11-11 09:15:00"}
{"checked":0,"environment":"development","level":"debug","message":"Job alerts:repeat:a2207a63e8fb94ef36a747af8faf0fb2:1762848900000 completed","service":"aluma-banking-api","success":true,"timestamp":"2025-11-11 09:15:00","triggered":0}
{"environment":"development","level":"info","message":"Checking price alerts","service":"aluma-banking-api","timestamp":"2025-11-11 09:20:01"}
{"duration":49,"environment":"development","level":"debug","message":"Executed query","rows":0,"service":"aluma-banking-api","text":"\n      SELECT a.*, u.email, s.symbol, s.last_price\n      FROM price_alerts a\n      INNER JOIN users u ON a.user_id = u.id\n      INNER JOIN securities s ON a.security_id = s.id\n      WHERE a.status = 'active' AND a.triggered = false\n    ","timestamp":"2025-11-11 09:20:01"}
{"environment":"development","level":"info","message":"Price alerts checked. 0 triggered out of 0","service":"aluma-banking-api","timestamp":"2025-11-11 09:20:01"}
{"checked":0,"environment":"development","level":"debug","message":"Job alerts:repeat:a2207a63e8fb94ef36a747af8faf0fb2:1762849200000 completed","service":"aluma-banking-api","success":true,"timestamp":"2025-11-11 09:20:02","triggered":0}
{"environment":"development","level":"info","message":"Checking price alerts","service":"aluma-banking-api","timestamp":"2025-11-11 09:25:00"}
{"duration":264,"environment":"development","level":"debug","message":"Executed query","rows":0,"service":"aluma-banking-api","text":"\n      SELECT a.*, u.email, s.symbol, s.last_price\n      FROM price_alerts a\n      INNER JOIN users u ON a.user_id = u.id\n      INNER JOIN securities s ON a.security_id = s.id\n      WHERE a.status = 'active' AND a.triggered = false\n    ","timestamp":"2025-11-11 09:25:01"}
{"environment":"development","level":"info","message":"Price alerts checked. 0 triggered out of 0","service":"aluma-banking-api","timestamp":"2025-11-11 09:25:01"}
{"checked":0,"environment":"development","level":"debug","message":"Job alerts:repeat:a2207a63e8fb94ef36a747af8faf0fb2:1762849500000 completed","service":"aluma-banking-api","success":true,"timestamp":"2025-11-11 09:25:02","triggered":0}
{"environment":"development","level":"info","message":"Checking price alerts","service":"aluma-banking-api","timestamp":"2025-11-11 09:30:05"}
{"duration":1407,"environment":"development","level":"debug","message":"Executed query","rows":0,"service":"aluma-banking-api","text":"\n      SELECT a.*, u.email, s.symbol, s.last_price\n      FROM price_alerts a\n      INNER JOIN users u ON a.user_id = u.id\n      INNER JOIN securities s ON a.security_id = s.id\n      WHERE a.status = 'active' AND a.triggered = false\n    ","timestamp":"2025-11-11 09:30:06"}
{"environment":"development","level":"info","message":"Price alerts checked. 0 triggered out of 0","service":"aluma-banking-api","timestamp":"2025-11-11 09:30:07"}
{"checked":0,"environment":"development","level":"debug","message":"Job alerts:repeat:a2207a63e8fb94ef36a747af8faf0fb2:1762849800000 completed","service":"aluma-banking-api","success":true,"timestamp":"2025-11-11 09:30:08","triggered":0}
{"environment":"development","level":"info","message":"Checking price alerts","service":"aluma-banking-api","timestamp":"2025-11-11 09:35:01"}
{"duration":102,"environment":"development","level":"debug","message":"Executed query","rows":0,"service":"aluma-banking-api","text":"\n      SELECT a.*, u.email, s.symbol, s.last_price\n      FROM price_alerts a\n      INNER JOIN users u ON a.user_id = u.id\n      INNER JOIN securities s ON a.security_id = s.id\n      WHERE a.status = 'active' AND a.triggered = false\n    ","timestamp":"2025-11-11 09:35:01"}
{"environment":"development","level":"info","message":"Price alerts checked. 0 triggered out of 0","service":"aluma-banking-api","timestamp":"2025-11-11 09:35:01"}
{"checked":0,"environment":"development","level":"debug","message":"Job alerts:repeat:a2207a63e8fb94ef36a747af8faf0fb2:1762850100000 completed","service":"aluma-banking-api","success":true,"timestamp":"2025-11-11 09:35:02","triggered":0}
{"environment":"development","level":"info","message":"Checking price alerts","service":"aluma-banking-api","timestamp":"2025-11-11 09:40:02"}
{"duration":43,"environment":"development","level":"debug","message":"Executed query","rows":0,"service":"aluma-banking-api","text":"\n      SELECT a.*, u.email, s.symbol, s.last_price\n      FROM price_alerts a\n      INNER JOIN users u ON a.user_id = u.id\n      INNER JOIN securities s ON a.security_id = s.id\n      WHERE a.status = 'active' AND a.triggered = false\n    ","timestamp":"2025-11-11 09:40:02"}
{"environment":"development","level":"info","message":"Price alerts checked. 0 triggered out of 0","service":"aluma-banking-api","timestamp":"2025-11-11 09:40:02"}
{"checked":0,"environment":"development","level":"debug","message":"Job alerts:repeat:a2207a63e8fb94ef36a747af8faf0fb2:1762850400000 completed","service":"aluma-banking-api","success":true,"timestamp":"2025-11-11 09:40:03","triggered":0}
{"environment":"development","level":"info","message":"Checking price alerts","service":"aluma-banking-api","timestamp":"2025-11-11 09:45:01"}
{"duration":279,"environment":"development","level":"debug","message":"Executed query","rows":0,"service":"aluma-banking-api","text":"\n      SELECT a.*, u.email, s.symbol, s.last_price\n      FROM price_alerts a\n      INNER JOIN users u ON a.user_id = u.id\n      INNER JOIN securities s ON a.security_id = s.id\n      WHERE a.status = 'active' AND a.triggered = false\n    ","timestamp":"2025-11-11 09:45:01"}
{"environment":"development","level":"info","message":"Price alerts checked. 0 triggered out of 0","service":"aluma-banking-api","timestamp":"2025-11-11 09:45:01"}
{"checked":0,"environment":"development","level":"debug","message":"Job alerts:repeat:a2207a63e8fb94ef36a747af8faf0fb2:1762850700000 completed","service":"aluma-banking-api","success":true,"timestamp":"2025-11-11 09:45:03","triggered":0}
{"environment":"development","level":"info","message":"Checking price alerts","service":"aluma-banking-api","timestamp":"2025-11-11 09:50:04"}
{"duration":918,"environment":"development","level":"debug","message":"Executed query","rows":0,"service":"aluma-banking-api","text":"\n      SELECT a.*, u.email, s.symbol, s.last_price\n      FROM price_alerts a\n      INNER JOIN users u ON a.user_id = u.id\n      INNER JOIN securities s ON a.security_id = s.id\n      WHERE a.status = 'active' AND a.triggered = false\n    ","timestamp":"2025-11-11 09:50:06"}
{"environment":"development","level":"info","message":"Price alerts checked. 0 triggered out of 0","service":"aluma-banking-api","timestamp":"2025-11-11 09:50:06"}
{"checked":0,"environment":"development","level":"debug","message":"Job alerts:repeat:a2207a63e8fb94ef36a747af8faf0fb2:1762851000000 completed","service":"aluma-banking-api","success":true,"timestamp":"2025-11-11 09:50:06","triggered":0}
{"environment":"development","level":"info","message":"Checking price alerts","service":"aluma-banking-api","timestamp":"2025-11-11 09:55:02"}
{"duration":82,"environment":"development","level":"debug","message":"Executed query","rows":0,"service":"aluma-banking-api","text":"\n      SELECT a.*, u.email, s.symbol, s.last_price\n      FROM price_alerts a\n      INNER JOIN users u ON a.user_id = u.id\n      INNER JOIN securities s ON a.security_id = s.id\n      WHERE a.status = 'active' AND a.triggered = false\n    ","timestamp":"2025-11-11 09:55:02"}
{"environment":"development","level":"info","message":"Price alerts checked. 0 triggered out of 0","service":"aluma-banking-api","timestamp":"2025-11-11 09:55:02"}
{"checked":0,"environment":"development","level":"debug","message":"Job alerts:repeat:a2207a63e8fb94ef36a747af8faf0fb2:1762851300000 completed","service":"aluma-banking-api","success":true,"timestamp":"2025-11-11 09:55:02","triggered":0}
{"environment":"development","level":"info","message":"Checking price alerts","service":"aluma-banking-api","timestamp":"2025-11-11 10:00:03"}
{"environment":"development","level":"info","message":"Cleaning up expired sessions","service":"aluma-banking-api","timestamp":"2025-11-11 10:00:03"}
{"duration":1045,"environment":"development","level":"debug","message":"Executed query","rows":0,"service":"aluma-banking-api","text":"\n      SELECT a.*, u.email, s.symbol, s.last_price\n      FROM price_alerts a\n      INNER JOIN users u ON a.user_id = u.id\n      INNER JOIN securities s ON a.security_id = s.id\n      WHERE a.status = 'active' AND a.triggered = false\n    ","timestamp":"2025-11-11 10:00:04"}
{"environment":"development","level":"info","message":"Price alerts checked. 0 triggered out of 0","service":"aluma-banking-api","timestamp":"2025-11-11 10:00:04"}
{"checked":0,"environment":"development","level":"debug","message":"Job alerts:repeat:a2207a63e8fb94ef36a747af8faf0fb2:1762851600000 completed","service":"aluma-banking-api","success":true,"timestamp":"2025-11-11 10:00:05","triggered":0}
{"duration":22206,"environment":"development","level":"debug","message":"Executed query","rows":0,"service":"aluma-banking-api","text":"\n      UPDATE user_sessions\n      SET is_active = false\n      WHERE expires_at < CURRENT_TIMESTAMP AND is_active = true\n      RETURNING id\n    ","timestamp":"2025-11-11 10:00:26"}
{"environment":"development","level":"info","message":"Expired 0 sessions","service":"aluma-banking-api","timestamp":"2025-11-11 10:00:26"}
{"environment":"development","expiredCount":0,"level":"debug","message":"Job cleanup:repeat:847a19d014497606d6bdfa348b9f08a3:1762851600000 completed","service":"aluma-banking-api","success":true,"timestamp":"2025-11-11 10:00:27"}
{"environment":"development","level":"info","message":"Checking price alerts","service":"aluma-banking-api","timestamp":"2025-11-11 10:05:01"}
{"duration":3290,"environment":"development","level":"debug","message":"Executed query","rows":0,"service":"aluma-banking-api","text":"\n      SELECT a.*, u.email, s.symbol, s.last_price\n      FROM price_alerts a\n      INNER JOIN users u ON a.user_id = u.id\n      INNER JOIN securities s ON a.security_id = s.id\n      WHERE a.status = 'active' AND a.triggered = false\n    ","timestamp":"2025-11-11 10:05:04"}
{"environment":"development","level":"info","message":"Price alerts checked. 0 triggered out of 0","service":"aluma-banking-api","timestamp":"2025-11-11 10:05:04"}
{"checked":0,"environment":"development","level":"debug","message":"Job alerts:repeat:a2207a63e8fb94ef36a747af8faf0fb2:1762851900000 completed","service":"aluma-banking-api","success":true,"timestamp":"2025-11-11 10:05:04","triggered":0}
{"environment":"development","level":"info","message":"Checking price alerts","service":"aluma-banking-api","timestamp":"2025-11-11 10:10:06"}
{"duration":10,"environment":"development","level":"debug","message":"Executed query","rows":0,"service":"aluma-banking-api","text":"\n      SELECT a.*, u.email, s.symbol, s.last_price\n      FROM price_alerts a\n      INNER JOIN users u ON a.user_id = u.id\n      INNER JOIN securities s ON a.security_id = s.id\n      WHERE a.status = 'active' AND a.triggered = false\n    ","timestamp":"2025-11-11 10:10:06"}
{"environment":"development","level":"info","message":"Price alerts checked. 0 triggered out of 0","service":"aluma-banking-api","timestamp":"2025-11-11 10:10:07"}
{"checked":0,"environment":"development","level":"debug","message":"Job alerts:repeat:a2207a63e8fb94ef36a747af8faf0fb2:1762852200000 completed","service":"aluma-banking-api","success":true,"timestamp":"2025-11-11 10:10:08","triggered":0}
{"environment":"development","level":"info","message":"Checking price alerts","service":"aluma-banking-api","timestamp":"2025-11-11 10:15:02"}
{"duration":60,"environment":"development","level":"debug","message":"Executed query","rows":0,"service":"aluma-banking-api","text":"\n      SELECT a.*, u.email, s.symbol, s.last_price\n      FROM price_alerts a\n      INNER JOIN users u ON a.user_id = u.id\n      INNER JOIN securities s ON a.security_id = s.id\n      WHERE a.status = 'active' AND a.triggered = false\n    ","timestamp":"2025-11-11 10:15:03"}
{"environment":"development","level":"info","message":"Price alerts checked. 0 triggered out of 0","service":"aluma-banking-api","timestamp":"2025-11-11 10:15:03"}
{"checked":0,"environment":"development","level":"debug","message":"Job alerts:repeat:a2207a63e8fb94ef36a747af8faf0fb2:1762852500000 completed","service":"aluma-banking-api","success":true,"timestamp":"2025-11-11 10:15:03","triggered":0}
{"environment":"development","level":"info","message":"Checking price alerts","service":"aluma-banking-api","timestamp":"2025-11-11 10:20:51"}
{"duration":29536,"environment":"development","level":"debug","message":"Executed query","rows":0,"service":"aluma-banking-api","text":"\n      SELECT a.*, u.email, s.symbol, s.last_price\n      FROM price_alerts a\n      INNER JOIN users u ON a.user_id = u.id\n      INNER JOIN securities s ON a.security_id = s.id\n      WHERE a.status = 'active' AND a.triggered = false\n    ","timestamp":"2025-11-11 10:21:22"}
{"environment":"development","level":"info","message":"Price alerts checked. 0 triggered out of 0","service":"aluma-banking-api","timestamp":"2025-11-11 10:21:22"}
{"environment":"development","level":"warn","message":"Job alerts:repeat:a2207a63e8fb94ef36a747af8faf0fb2:1762852800000 stalled","service":"aluma-banking-api","timestamp":"2025-11-11 10:21:46"}
{"environment":"development","level":"info","message":"Checking price alerts","service":"aluma-banking-api","timestamp":"2025-11-11 10:21:57"}
{"duration":184,"environment":"development","level":"debug","message":"Executed query","rows":0,"service":"aluma-banking-api","text":"\n      SELECT a.*, u.email, s.symbol, s.last_price\n      FROM price_alerts a\n      INNER JOIN users u ON a.user_id = u.id\n      INNER JOIN securities s ON a.security_id = s.id\n      WHERE a.status = 'active' AND a.triggered = false\n    ","timestamp":"2025-11-11 10:21:57"}
{"environment":"development","level":"info","message":"Price alerts checked. 0 triggered out of 0","service":"aluma-banking-api","timestamp":"2025-11-11 10:21:57"}
{"checked":0,"environment":"development","level":"debug","message":"Job alerts:repeat:a2207a63e8fb94ef36a747af8faf0fb2:1762852800000 completed","service":"aluma-banking-api","success":true,"timestamp":"2025-11-11 10:22:17","triggered":0}
{"environment":"development","level":"info","message":"Checking price alerts","service":"aluma-banking-api","timestamp":"2025-11-11 10:25:02"}
{"duration":30,"environment":"development","level":"debug","message":"Executed query","rows":0,"service":"aluma-banking-api","text":"\n      SELECT a.*, u.email, s.symbol, s.last_price\n      FROM price_alerts a\n      INNER JOIN users u ON a.user_id = u.id\n      INNER JOIN securities s ON a.security_id = s.id\n      WHERE a.status = 'active' AND a.triggered = false\n    ","timestamp":"2025-11-11 10:25:02"}
{"environment":"development","level":"info","message":"Price alerts checked. 0 triggered out of 0","service":"aluma-banking-api","timestamp":"2025-11-11 10:25:02"}
{"checked":0,"environment":"development","level":"debug","message":"Job alerts:repeat:a2207a63e8fb94ef36a747af8faf0fb2:1762853100000 completed","service":"aluma-banking-api","success":true,"timestamp":"2025-11-11 10:25:03","triggered":0}
{"environment":"development","level":"info","message":"Checking price alerts","service":"aluma-banking-api","timestamp":"2025-11-11 10:30:07"}
{"duration":5163,"environment":"development","level":"debug","message":"Executed query","rows":0,"service":"aluma-banking-api","text":"\n      SELECT a.*, u.email, s.symbol, s.last_price\n      FROM price_alerts a\n      INNER JOIN users u ON a.user_id = u.id\n      INNER JOIN securities s ON a.security_id = s.id\n      WHERE a.status = 'active' AND a.triggered = false\n    ","timestamp":"2025-11-11 10:30:12"}
{"environment":"development","level":"info","message":"Price alerts checked. 0 triggered out of 0","service":"aluma-banking-api","timestamp":"2025-11-11 10:30:12"}
{"checked":0,"environment":"development","level":"debug","message":"Job alerts:repeat:a2207a63e8fb94ef36a747af8faf0fb2:1762853400000 completed","service":"aluma-banking-api","success":true,"timestamp":"2025-11-11 10:30:13","triggered":0}
{"environment":"development","level":"info","message":"Checking price alerts","service":"aluma-banking-api","timestamp":"2025-11-11 10:35:05"}
{"duration":1568,"environment":"development","level":"debug","message":"Executed query","rows":0,"service":"aluma-banking-api","text":"\n      SELECT a.*, u.email, s.symbol, s.last_price\n      FROM price_alerts a\n      INNER JOIN users u ON a.user_id = u.id\n      INNER JOIN securities s ON a.security_id = s.id\n      WHERE a.status = 'active' AND a.triggered = false\n    ","timestamp":"2025-11-11 10:35:07"}
{"environment":"development","level":"info","message":"Price alerts checked. 0 triggered out of 0","service":"aluma-banking-api","timestamp":"2025-11-11 10:35:07"}
{"checked":0,"environment":"development","level":"debug","message":"Job alerts:repeat:a2207a63e8fb94ef36a747af8faf0fb2:1762853700000 completed","service":"aluma-banking-api","success":true,"timestamp":"2025-11-11 10:35:08","triggered":0}
{"environment":"development","level":"info","message":"Checking price alerts","service":"aluma-banking-api","timestamp":"2025-11-11 10:40:01"}
{"duration":25,"environment":"development","level":"debug","message":"Executed query","rows":0,"service":"aluma-banking-api","text":"\n      SELECT a.*, u.email, s.symbol, s.last_price\n      FROM price_alerts a\n      INNER JOIN users u ON a.user_id = u.id\n      INNER JOIN securities s ON a.security_id = s.id\n      WHERE a.status = 'active' AND a.triggered = false\n    ","timestamp":"2025-11-11 10:40:01"}
{"environment":"development","level":"info","message":"Price alerts checked. 0 triggered out of 0","service":"aluma-banking-api","timestamp":"2025-11-11 10:40:01"}
{"checked":0,"environment":"development","level":"debug","message":"Job alerts:repeat:a2207a63e8fb94ef36a747af8faf0fb2:1762854000000 completed","service":"aluma-banking-api","success":true,"timestamp":"2025-11-11 10:40:01","triggered":0}
{"environment":"development","level":"info","message":"Checking price alerts","service":"aluma-banking-api","timestamp":"2025-11-11 10:45:01"}
{"duration":76,"environment":"development","level":"debug","message":"Executed query","rows":0,"service":"aluma-banking-api","text":"\n      SELECT a.*, u.email, s.symbol, s.last_price\n      FROM price_alerts a\n      INNER JOIN users u ON a.user_id = u.id\n      INNER JOIN securities s ON a.security_id = s.id\n      WHERE a.status = 'active' AND a.triggered = false\n    ","timestamp":"2025-11-11 10:45:01"}
{"environment":"development","level":"info","message":"Price alerts checked. 0 triggered out of 0","service":"aluma-banking-api","timestamp":"2025-11-11 10:45:01"}
{"checked":0,"environment":"development","level":"debug","message":"Job alerts:repeat:a2207a63e8fb94ef36a747af8faf0fb2:1762854300000 completed","service":"aluma-banking-api","success":true,"timestamp":"2025-11-11 10:45:01","triggered":0}
{"environment":"development","level":"info","message":"Checking price alerts","service":"aluma-banking-api","timestamp":"2025-11-11 10:50:01"}
{"duration":2372,"environment":"development","level":"debug","message":"Executed query","rows":0,"service":"aluma-banking-api","text":"\n      SELECT a.*, u.email, s.symbol, s.last_price\n      FROM price_alerts a\n      INNER JOIN users u ON a.user_id = u.id\n      INNER JOIN securities s ON a.security_id = s.id\n      WHERE a.status = 'active' AND a.triggered = false\n    ","timestamp":"2025-11-11 10:50:04"}
{"environment":"development","level":"info","message":"Price alerts checked. 0 triggered out of 0","service":"aluma-banking-api","timestamp":"2025-11-11 10:50:04"}
{"checked":0,"environment":"development","level":"debug","message":"Job alerts:repeat:a2207a63e8fb94ef36a747af8faf0fb2:1762854600000 completed","service":"aluma-banking-api","success":true,"timestamp":"2025-11-11 10:50:04","triggered":0}
{"environment":"development","level":"info","message":"Checking price alerts","service":"aluma-banking-api","timestamp":"2025-11-11 10:55:00"}
{"duration":375,"environment":"development","level":"debug","message":"Executed query","rows":0,"service":"aluma-banking-api","text":"\n      SELECT a.*, u.email, s.symbol, s.last_price\n      FROM price_alerts a\n      INNER JOIN users u ON a.user_id = u.id\n      INNER JOIN securities s ON a.security_id = s.id\n      WHERE a.status = 'active' AND a.triggered = false\n    ","timestamp":"2025-11-11 10:55:01"}
{"environment":"development","level":"info","message":"Price alerts checked. 0 triggered out of 0","service":"aluma-banking-api","timestamp":"2025-11-11 10:55:01"}
{"checked":0,"environment":"development","level":"debug","message":"Job alerts:repeat:a2207a63e8fb94ef36a747af8faf0fb2:1762854900000 completed","service":"aluma-banking-api","success":true,"timestamp":"2025-11-11 10:55:01","triggered":0}
{"environment":"development","level":"info","message":"Checking price alerts","service":"aluma-banking-api","timestamp":"2025-11-11 11:00:03"}
{"environment":"development","level":"info","message":"Cleaning up expired sessions","service":"aluma-banking-api","timestamp":"2025-11-11 11:00:03"}
{"duration":2099,"environment":"development","level":"debug","message":"Executed query","rows":0,"service":"aluma-banking-api","text":"\n      SELECT a.*, u.email, s.symbol, s.last_price\n      FROM price_alerts a\n      INNER JOIN users u ON a.user_id = u.id\n      INNER JOIN securities s ON a.security_id = s.id\n      WHERE a.status = 'active' AND a.triggered = false\n    ","timestamp":"2025-11-11 11:00:05"}
{"environment":"development","level":"info","message":"Price alerts checked. 0 triggered out of 0","service":"aluma-banking-api","timestamp":"2025-11-11 11:00:05"}
{"checked":0,"environment":"development","level":"debug","message":"Job alerts:repeat:a2207a63e8fb94ef36a747af8faf0fb2:1762855200000 completed","service":"aluma-banking-api","success":true,"timestamp":"2025-11-11 11:00:06","triggered":0}
{"duration":12844,"environment":"development","level":"debug","message":"Executed query","rows":0,"service":"aluma-banking-api","text":"\n      UPDATE user_sessions\n      SET is_active = false\n      WHERE expires_at < CURRENT_TIMESTAMP AND is_active = true\n      RETURNING id\n    ","timestamp":"2025-11-11 11:00:17"}
{"environment":"development","level":"info","message":"Expired 0 sessions","service":"aluma-banking-api","timestamp":"2025-11-11 11:00:17"}
{"environment":"development","expiredCount":0,"level":"debug","message":"Job cleanup:repeat:847a19d014497606d6bdfa348b9f08a3:1762855200000 completed","service":"aluma-banking-api","success":true,"timestamp":"2025-11-11 11:00:17"}
{"environment":"development","level":"info","message":"Checking price alerts","service":"aluma-banking-api","timestamp":"2025-11-11 11:05:03"}
{"duration":1173,"environment":"development","level":"debug","message":"Executed query","rows":0,"service":"aluma-banking-api","text":"\n      SELECT a.*, u.email, s.symbol, s.last_price\n      FROM price_alerts a\n      INNER JOIN users u ON a.user_id = u.id\n      INNER JOIN securities s ON a.security_id = s.id\n      WHERE a.status = 'active' AND a.triggered = false\n    ","timestamp":"2025-11-11 11:05:05"}
{"environment":"development","level":"info","message":"Price alerts checked. 0 triggered out of 0","service":"aluma-banking-api","timestamp":"2025-11-11 11:05:05"}
{"checked":0,"environment":"development","level":"debug","message":"Job alerts:repeat:a2207a63e8fb94ef36a747af8faf0fb2:1762855500000 completed","service":"aluma-banking-api","success":true,"timestamp":"2025-11-11 11:05:05","triggered":0}
{"environment":"development","level":"info","message":"Checking price alerts","service":"aluma-banking-api","timestamp":"2025-11-11 11:10:01"}
{"duration":1673,"environment":"development","level":"debug","message":"Executed query","rows":0,"service":"aluma-banking-api","text":"\n      SELECT a.*, u.email, s.symbol, s.last_price\n      FROM price_alerts a\n      INNER JOIN users u ON a.user_id = u.id\n      INNER JOIN securities s ON a.security_id = s.id\n      WHERE a.status = 'active' AND a.triggered = false\n    ","timestamp":"2025-11-11 11:10:02"}
{"environment":"development","level":"info","message":"Price alerts checked. 0 triggered out of 0","service":"aluma-banking-api","timestamp":"2025-11-11 11:10:02"}
{"checked":0,"environment":"development","level":"debug","message":"Job alerts:repeat:a2207a63e8fb94ef36a747af8faf0fb2:1762855800000 completed","service":"aluma-banking-api","success":true,"timestamp":"2025-11-11 11:10:03","triggered":0}
{"environment":"development","level":"info","message":"Checking price alerts","service":"aluma-banking-api","timestamp":"2025-11-11 11:15:01"}
{"duration":40,"environment":"development","level":"debug","message":"Executed query","rows":0,"service":"aluma-banking-api","text":"\n      SELECT a.*, u.email, s.symbol, s.last_price\n      FROM price_alerts a\n      INNER JOIN users u ON a.user_id = u.id\n      INNER JOIN securities s ON a.security_id = s.id\n      WHERE a.status = 'active' AND a.triggered = false\n    ","timestamp":"2025-11-11 11:15:01"}
{"environment":"development","level":"info","message":"Price alerts checked. 0 triggered out of 0","service":"aluma-banking-api","timestamp":"2025-11-11 11:15:01"}
{"checked":0,"environment":"development","level":"debug","message":"Job alerts:repeat:a2207a63e8fb94ef36a747af8faf0fb2:1762856100000 completed","service":"aluma-banking-api","success":true,"timestamp":"2025-11-11 11:15:02","triggered":0}
{"environment":"development","level":"info","message":"Checking price alerts","service":"aluma-banking-api","timestamp":"2025-11-11 11:20:01"}
{"duration":108,"environment":"development","level":"debug","message":"Executed query","rows":0,"service":"aluma-banking-api","text":"\n      SELECT a.*, u.email, s.symbol, s.last_price\n      FROM price_alerts a\n      INNER JOIN users u ON a.user_id = u.id\n      INNER JOIN securities s ON a.security_id = s.id\n      WHERE a.status = 'active' AND a.triggered = false\n    ","timestamp":"2025-11-11 11:20:02"}
{"environment":"development","level":"info","message":"Price alerts checked. 0 triggered out of 0","service":"aluma-banking-api","timestamp":"2025-11-11 11:20:02"}
{"checked":0,"environment":"development","level":"debug","message":"Job alerts:repeat:a2207a63e8fb94ef36a747af8faf0fb2:1762856400000 completed","service":"aluma-banking-api","success":true,"timestamp":"2025-11-11 11:20:02","triggered":0}
{"environment":"development","level":"info","message":"Checking price alerts","service":"aluma-banking-api","timestamp":"2025-11-11 11:25:01"}
{"duration":77,"environment":"development","level":"debug","message":"Executed query","rows":0,"service":"aluma-banking-api","text":"\n      SELECT a.*, u.email, s.symbol, s.last_price\n      FROM price_alerts a\n      INNER JOIN users u ON a.user_id = u.id\n      INNER JOIN securities s ON a.security_id = s.id\n      WHERE a.status = 'active' AND a.triggered = false\n    ","timestamp":"2025-11-11 11:25:01"}
{"environment":"development","level":"info","message":"Price alerts checked. 0 triggered out of 0","service":"aluma-banking-api","timestamp":"2025-11-11 11:25:01"}
{"checked":0,"environment":"development","level":"debug","message":"Job alerts:repeat:a2207a63e8fb94ef36a747af8faf0fb2:1762856700000 completed","service":"aluma-banking-api","success":true,"timestamp":"2025-11-11 11:25:02","triggered":0}
{"environment":"development","level":"info","message":"Checking price alerts","service":"aluma-banking-api","timestamp":"2025-11-11 11:30:04"}
{"duration":13,"environment":"development","level":"debug","message":"Executed query","rows":0,"service":"aluma-banking-api","text":"\n      SELECT a.*, u.email, s.symbol, s.last_price\n      FROM price_alerts a\n      INNER JOIN users u ON a.user_id = u.id\n      INNER JOIN securities s ON a.security_id = s.id\n      WHERE a.status = 'active' AND a.triggered = false\n    ","timestamp":"2025-11-11 11:30:04"}
{"environment":"development","level":"info","message":"Price alerts checked. 0 triggered out of 0","service":"aluma-banking-api","timestamp":"2025-11-11 11:30:04"}
{"checked":0,"environment":"development","level":"debug","message":"Job alerts:repeat:a2207a63e8fb94ef36a747af8faf0fb2:1762857000000 completed","service":"aluma-banking-api","success":true,"timestamp":"2025-11-11 11:30:12","triggered":0}
{"environment":"development","level":"info","message":"Checking price alerts","service":"aluma-banking-api","timestamp":"2025-11-11 11:35:15"}
{"duration":1929,"environment":"development","level":"debug","message":"Executed query","rows":0,"service":"aluma-banking-api","text":"\n      SELECT a.*, u.email, s.symbol, s.last_price\n      FROM price_alerts a\n      INNER JOIN users u ON a.user_id = u.id\n      INNER JOIN securities s ON a.security_id = s.id\n      WHERE a.status = 'active' AND a.triggered = false\n    ","timestamp":"2025-11-11 11:35:23"}
{"environment":"development","level":"info","message":"Price alerts checked. 0 triggered out of 0","service":"aluma-banking-api","timestamp":"2025-11-11 11:35:27"}
{"checked":0,"environment":"development","level":"debug","message":"Job alerts:repeat:a2207a63e8fb94ef36a747af8faf0fb2:1762857300000 completed","service":"aluma-banking-api","success":true,"timestamp":"2025-11-11 11:35:31","triggered":0}
{"environment":"development","level":"info","message":"Checking price alerts","service":"aluma-banking-api","timestamp":"2025-11-11 11:40:01"}
{"duration":55,"environment":"development","level":"debug","message":"Executed query","rows":0,"service":"aluma-banking-api","text":"\n      SELECT a.*, u.email, s.symbol, s.last_price\n      FROM price_alerts a\n      INNER JOIN users u ON a.user_id = u.id\n      INNER JOIN securities s ON a.security_id = s.id\n      WHERE a.status = 'active' AND a.triggered = false\n    ","timestamp":"2025-11-11 11:40:01"}
{"environment":"development","level":"info","message":"Price alerts checked. 0 triggered out of 0","service":"aluma-banking-api","timestamp":"2025-11-11 11:40:01"}
{"checked":0,"environment":"development","level":"debug","message":"Job alerts:repeat:a2207a63e8fb94ef36a747af8faf0fb2:1762857600000 completed","service":"aluma-banking-api","success":true,"timestamp":"2025-11-11 11:40:01","triggered":0}
{"environment":"development","level":"info","message":"Checking price alerts","service":"aluma-banking-api","timestamp":"2025-11-11 11:45:02"}
{"duration":15,"environment":"development","level":"debug","message":"Executed query","rows":0,"service":"aluma-banking-api","text":"\n      SELECT a.*, u.email, s.symbol, s.last_price\n      FROM price_alerts a\n      INNER JOIN users u ON a.user_id = u.id\n      INNER JOIN securities s ON a.security_id = s.id\n      WHERE a.status = 'active' AND a.triggered = false\n    ","timestamp":"2025-11-11 11:45:02"}
{"environment":"development","level":"info","message":"Price alerts checked. 0 triggered out of 0","service":"aluma-banking-api","timestamp":"2025-11-11 11:45:03"}
{"checked":0,"environment":"development","level":"debug","message":"Job alerts:repeat:a2207a63e8fb94ef36a747af8faf0fb2:1762857900000 completed","service":"aluma-banking-api","success":true,"timestamp":"2025-11-11 11:45:04","triggered":0}
{"environment":"development","level":"info","message":"Checking price alerts","service":"aluma-banking-api","timestamp":"2025-11-11 11:50:01"}
{"duration":468,"environment":"development","level":"debug","message":"Executed query","rows":0,"service":"aluma-banking-api","text":"\n      SELECT a.*, u.email, s.symbol, s.last_price\n      FROM price_alerts a\n      INNER JOIN users u ON a.user_id = u.id\n      INNER JOIN securities s ON a.security_id = s.id\n      WHERE a.status = 'active' AND a.triggered = false\n    ","timestamp":"2025-11-11 11:50:02"}
{"environment":"development","level":"info","message":"Price alerts checked. 0 triggered out of 0","service":"aluma-banking-api","timestamp":"2025-11-11 11:50:02"}
{"checked":0,"environment":"development","level":"debug","message":"Job alerts:repeat:a2207a63e8fb94ef36a747af8faf0fb2:1762858200000 completed","service":"aluma-banking-api","success":true,"timestamp":"2025-11-11 11:50:02","triggered":0}
{"environment":"development","level":"info","message":"Checking price alerts","service":"aluma-banking-api","timestamp":"2025-11-11 11:55:06"}
{"duration":26,"environment":"development","level":"debug","message":"Executed query","rows":0,"service":"aluma-banking-api","text":"\n      SELECT a.*, u.email, s.symbol, s.last_price\n      FROM price_alerts a\n      INNER JOIN users u ON a.user_id = u.id\n      INNER JOIN securities s ON a.security_id = s.id\n      WHERE a.status = 'active' AND a.triggered = false\n    ","timestamp":"2025-11-11 11:55:14"}
{"environment":"development","level":"info","message":"Price alerts checked. 0 triggered out of 0","service":"aluma-banking-api","timestamp":"2025-11-11 11:55:14"}
{"checked":0,"environment":"development","level":"debug","message":"Job alerts:repeat:a2207a63e8fb94ef36a747af8faf0fb2:1762858500000 completed","service":"aluma-banking-api","success":true,"timestamp":"2025-11-11 11:55:16","triggered":0}
{"environment":"development","level":"info","message":"Checking price alerts","service":"aluma-banking-api","timestamp":"2025-11-11 12:04:22"}
{"duration":21789,"environment":"development","level":"debug","message":"Executed query","rows":0,"service":"aluma-banking-api","text":"\n      SELECT a.*, u.email, s.symbol, s.last_price\n      FROM price_alerts a\n      INNER JOIN users u ON a.user_id = u.id\n      INNER JOIN securities s ON a.security_id = s.id\n      WHERE a.status = 'active' AND a.triggered = false\n    ","timestamp":"2025-11-11 12:04:44"}
{"environment":"development","level":"info","message":"Price alerts checked. 0 triggered out of 0","service":"aluma-banking-api","timestamp":"2025-11-11 12:04:44"}
{"environment":"development","level":"warn","message":"Job alerts:repeat:a2207a63e8fb94ef36a747af8faf0fb2:1762858800000 stalled","service":"aluma-banking-api","timestamp":"2025-11-11 12:05:13"}
{"environment":"development","level":"info","message":"Cleaning up expired sessions","service":"aluma-banking-api","timestamp":"2025-11-11 12:05:18"}
{"environment":"development","level":"warn","message":"Job cleanup:repeat:847a19d014497606d6bdfa348b9f08a3:1762858800000 stalled","service":"aluma-banking-api","timestamp":"2025-11-11 12:05:19"}
{"environment":"development","level":"info","message":"Cleaning up expired sessions","service":"aluma-banking-api","timestamp":"2025-11-11 12:05:21"}
{"environment":"development","level":"info","message":"Checking price alerts","service":"aluma-banking-api","timestamp":"2025-11-11 12:05:23"}
{"duration":23327,"environment":"development","level":"debug","message":"Executed query","rows":0,"service":"aluma-banking-api","text":"\n      UPDATE user_sessions\n      SET is_active = false\n      WHERE expires_at < CURRENT_TIMESTAMP AND is_active = true\n      RETURNING id\n    ","timestamp":"2025-11-11 12:05:42"}
{"environment":"development","level":"info","message":"Expired 0 sessions","service":"aluma-banking-api","timestamp":"2025-11-11 12:05:42"}
{"duration":22168,"environment":"development","level":"debug","message":"Executed query","rows":0,"service":"aluma-banking-api","text":"\n      UPDATE user_sessions\n      SET is_active = false\n      WHERE expires_at < CURRENT_TIMESTAMP AND is_active = true\n      RETURNING id\n    ","timestamp":"2025-11-11 12:05:43"}
{"environment":"development","level":"info","message":"Expired 0 sessions","service":"aluma-banking-api","timestamp":"2025-11-11 12:05:43"}
{"environment":"development","error":"Connection terminated due to connection timeout","level":"error","message":"Query error","service":"aluma-banking-api","text":"\n      SELECT a.*, u.email, s.symbol, s.last_price\n      FROM price_alerts a\n      INNER JOIN users u ON a.user_id = u.id\n      INNER JOIN securities s ON a.security_id = s.id\n      WHERE a.status = 'active' AND a.triggered = false\n    ","timestamp":"2025-11-11 12:06:12"}
{"cause":{},"environment":"development","level":"error","message":"Failed to check price alerts: Connection terminated due to connection timeout","service":"aluma-banking-api","stack":"Error: Connection terminated due to connection timeout\n    at C:\\website work\\Aluma\\winnerscoins.com\\aluma-broker-backend\\node_modules\\pg-pool\\index.js:45:11\n    at process.processTicksAndRejections (node:internal/process/task_queues:105:5)\n    at async query (C:\\website work\\Aluma\\winnerscoins.com\\aluma-broker-backend\\config\\database.js:39:17)\n    at async Queue.<anonymous> (C:\\website work\\Aluma\\winnerscoins.com\\aluma-broker-backend\\jobs\\index.js:194:26)","timestamp":"2025-11-11 12:06:15"}
{"cause":{},"environment":"development","level":"error","message":"Job alerts:repeat:a2207a63e8fb94ef36a747af8faf0fb2:1762858800000 failed: Connection terminated due to connection timeout","service":"aluma-banking-api","stack":"Error: Connection terminated due to connection timeout\n    at C:\\website work\\Aluma\\winnerscoins.com\\aluma-broker-backend\\node_modules\\pg-pool\\index.js:45:11\n    at process.processTicksAndRejections (node:internal/process/task_queues:105:5)\n    at async query (C:\\website work\\Aluma\\winnerscoins.com\\aluma-broker-backend\\config\\database.js:39:17)\n    at async Queue.<anonymous> (C:\\website work\\Aluma\\winnerscoins.com\\aluma-broker-backend\\jobs\\index.js:194:26)","timestamp":"2025-11-11 12:06:20"}
{"environment":"development","level":"error","message":"Job cleanup:repeat:847a19d014497606d6bdfa348b9f08a3:1762858800000 failed: job stalled more than allowable limit","service":"aluma-banking-api","stack":"Error: job stalled more than allowable limit\n    at C:\\website work\\Aluma\\winnerscoins.com\\aluma-broker-backend\\node_modules\\bull\\lib\\queue.js:1061:13\n    at process.processTicksAndRejections (node:internal/process/task_queues:105:5)\n    at async Promise.all (index 0)","timestamp":"2025-11-11 12:06:23"}
{"environment":"development","level":"info","message":"Checking price alerts","service":"aluma-banking-api","timestamp":"2025-11-11 12:06:29"}
{"environment":"development","error":"Connection terminated due to connection timeout","level":"error","message":"Query error","service":"aluma-banking-api","text":"\n      SELECT a.*, u.email, s.symbol, s.last_price\n      FROM price_alerts a\n      INNER JOIN users u ON a.user_id = u.id\n      INNER JOIN securities s ON a.security_id = s.id\n      WHERE a.status = 'active' AND a.triggered = false\n    ","timestamp":"2025-11-11 12:07:03"}
{"cause":{},"environment":"development","level":"error","message":"Failed to check price alerts: Connection terminated due to connection timeout","service":"aluma-banking-api","stack":"Error: Connection terminated due to connection timeout\n    at C:\\website work\\Aluma\\winnerscoins.com\\aluma-broker-backend\\node_modules\\pg-pool\\index.js:45:11\n    at process.processTicksAndRejections (node:internal/process/task_queues:105:5)\n    at async query (C:\\website work\\Aluma\\winnerscoins.com\\aluma-broker-backend\\config\\database.js:39:17)\n    at async Queue.<anonymous> (C:\\website work\\Aluma\\winnerscoins.com\\aluma-broker-backend\\jobs\\index.js:194:26)","timestamp":"2025-11-11 12:07:03"}
{"environment":"development","level":"warn","message":"Job alerts:repeat:a2207a63e8fb94ef36a747af8faf0fb2:1762859100000 stalled","service":"aluma-banking-api","timestamp":"2025-11-11 12:08:02"}
{"environment":"development","level":"info","message":"Checking price alerts","service":"aluma-banking-api","timestamp":"2025-11-11 12:08:02"}
{"environment":"development","level":"debug","message":"New client connected to database","service":"aluma-banking-api","timestamp":"2025-11-11 12:08:06"}
{"duration":38120,"environment":"development","level":"debug","message":"Executed query","rows":0,"service":"aluma-banking-api","text":"\n      SELECT a.*, u.email, s.symbol, s.last_price\n      FROM price_alerts a\n      INNER JOIN users u ON a.user_id = u.id\n      INNER JOIN securities s ON a.security_id = s.id\n      WHERE a.status = 'active' AND a.triggered = false\n    ","timestamp":"2025-11-11 12:08:41"}
{"environment":"development","level":"info","message":"Price alerts checked. 0 triggered out of 0","service":"aluma-banking-api","timestamp":"2025-11-11 12:08:41"}
{"checked":0,"environment":"development","level":"debug","message":"Job alerts:repeat:a2207a63e8fb94ef36a747af8faf0fb2:1762859100000 completed","service":"aluma-banking-api","success":true,"timestamp":"2025-11-11 12:08:41","triggered":0}
{"environment":"development","level":"info","message":"Checking price alerts","service":"aluma-banking-api","timestamp":"2025-11-11 12:10:05"}
{"duration":9469,"environment":"development","level":"debug","message":"Executed query","rows":0,"service":"aluma-banking-api","text":"\n      SELECT a.*, u.email, s.symbol, s.last_price\n      FROM price_alerts a\n      INNER JOIN users u ON a.user_id = u.id\n      INNER JOIN securities s ON a.security_id = s.id\n      WHERE a.status = 'active' AND a.triggered = false\n    ","timestamp":"2025-11-11 12:10:14"}
{"environment":"development","level":"info","message":"Price alerts checked. 0 triggered out of 0","service":"aluma-banking-api","timestamp":"2025-11-11 12:10:14"}
{"checked":0,"environment":"development","level":"debug","message":"Job alerts:repeat:a2207a63e8fb94ef36a747af8faf0fb2:1762859400000 completed","service":"aluma-banking-api","success":true,"timestamp":"2025-11-11 12:10:16","triggered":0}
{"environment":"development","level":"info","message":"Checking price alerts","service":"aluma-banking-api","timestamp":"2025-11-11 12:15:09"}
{"duration":7301,"environment":"development","level":"debug","message":"Executed query","rows":0,"service":"aluma-banking-api","text":"\n      SELECT a.*, u.email, s.symbol, s.last_price\n      FROM price_alerts a\n      INNER JOIN users u ON a.user_id = u.id\n      INNER JOIN securities s ON a.security_id = s.id\n      WHERE a.status = 'active' AND a.triggered = false\n    ","timestamp":"2025-11-11 12:15:17"}
{"environment":"development","level":"info","message":"Price alerts checked. 0 triggered out of 0","service":"aluma-banking-api","timestamp":"2025-11-11 12:15:17"}
{"checked":0,"environment":"development","level":"debug","message":"Job alerts:repeat:a2207a63e8fb94ef36a747af8faf0fb2:1762859700000 completed","service":"aluma-banking-api","success":true,"timestamp":"2025-11-11 12:15:21","triggered":0}
{"environment":"development","level":"info","message":"Checking price alerts","service":"aluma-banking-api","timestamp":"2025-11-11 12:20:01"}
{"duration":17,"environment":"development","level":"debug","message":"Executed query","rows":0,"service":"aluma-banking-api","text":"\n      SELECT a.*, u.email, s.symbol, s.last_price\n      FROM price_alerts a\n      INNER JOIN users u ON a.user_id = u.id\n      INNER JOIN securities s ON a.security_id = s.id\n      WHERE a.status = 'active' AND a.triggered = false\n    ","timestamp":"2025-11-11 12:20:01"}
{"environment":"development","level":"info","message":"Price alerts checked. 0 triggered out of 0","service":"aluma-banking-api","timestamp":"2025-11-11 12:20:01"}
{"checked":0,"environment":"development","level":"debug","message":"Job alerts:repeat:a2207a63e8fb94ef36a747af8faf0fb2:1762860000000 completed","service":"aluma-banking-api","success":true,"timestamp":"2025-11-11 12:20:01","triggered":0}
{"environment":"development","level":"info","message":"Cleaning up expired sessions","service":"aluma-banking-api","timestamp":"2025-11-11 13:10:50"}
{"environment":"development","level":"info","message":"Checking price alerts","service":"aluma-banking-api","timestamp":"2025-11-11 13:10:51"}
{"environment":"development","level":"debug","message":"New client connected to database","service":"aluma-banking-api","timestamp":"2025-11-11 13:11:05"}
{"duration":34056,"environment":"development","level":"debug","message":"Executed query","rows":0,"service":"aluma-banking-api","text":"\n      SELECT a.*, u.email, s.symbol, s.last_price\n      FROM price_alerts a\n      INNER JOIN users u ON a.user_id = u.id\n      INNER JOIN securities s ON a.security_id = s.id\n      WHERE a.status = 'active' AND a.triggered = false\n    ","timestamp":"2025-11-11 13:11:26"}
{"environment":"development","level":"info","message":"Price alerts checked. 0 triggered out of 0","service":"aluma-banking-api","timestamp":"2025-11-11 13:11:26"}
{"duration":35892,"environment":"development","level":"debug","message":"Executed query","rows":0,"service":"aluma-banking-api","text":"\n      UPDATE user_sessions\n      SET is_active = false\n      WHERE expires_at < CURRENT_TIMESTAMP AND is_active = true\n      RETURNING id\n    ","timestamp":"2025-11-11 13:11:26"}
{"environment":"development","level":"info","message":"Expired 0 sessions","service":"aluma-banking-api","timestamp":"2025-11-11 13:11:26"}
{"environment":"development","expiredCount":0,"level":"debug","message":"Job cleanup:repeat:847a19d014497606d6bdfa348b9f08a3:1762862400000 completed","service":"aluma-banking-api","success":true,"timestamp":"2025-11-11 13:11:27"}
{"environment":"development","level":"warn","message":"Job alerts:repeat:a2207a63e8fb94ef36a747af8faf0fb2:1762860300000 stalled","service":"aluma-banking-api","timestamp":"2025-11-11 13:11:51"}
{"environment":"development","level":"info","message":"Checking price alerts","service":"aluma-banking-api","timestamp":"2025-11-11 13:11:51"}
{"duration":10,"environment":"development","level":"debug","message":"Executed query","rows":0,"service":"aluma-banking-api","text":"\n      SELECT a.*, u.email, s.symbol, s.last_price\n      FROM price_alerts a\n      INNER JOIN users u ON a.user_id = u.id\n      INNER JOIN securities s ON a.security_id = s.id\n      WHERE a.status = 'active' AND a.triggered = false\n    ","timestamp":"2025-11-11 13:11:51"}
{"environment":"development","level":"info","message":"Price alerts checked. 0 triggered out of 0","service":"aluma-banking-api","timestamp":"2025-11-11 13:11:51"}
{"checked":0,"environment":"development","level":"debug","message":"Job alerts:repeat:a2207a63e8fb94ef36a747af8faf0fb2:1762860300000 completed","service":"aluma-banking-api","success":true,"timestamp":"2025-11-11 13:11:51","triggered":0}
{"environment":"development","level":"info","message":"Checking price alerts","service":"aluma-banking-api","timestamp":"2025-11-11 13:15:01"}
{"duration":23,"environment":"development","level":"debug","message":"Executed query","rows":0,"service":"aluma-banking-api","text":"\n      SELECT a.*, u.email, s.symbol, s.last_price\n      FROM price_alerts a\n      INNER JOIN users u ON a.user_id = u.id\n      INNER JOIN securities s ON a.security_id = s.id\n      WHERE a.status = 'active' AND a.triggered = false\n    ","timestamp":"2025-11-11 13:15:01"}
{"environment":"development","level":"info","message":"Price alerts checked. 0 triggered out of 0","service":"aluma-banking-api","timestamp":"2025-11-11 13:15:01"}
{"checked":0,"environment":"development","level":"debug","message":"Job alerts:repeat:a2207a63e8fb94ef36a747af8faf0fb2:1762863300000 completed","service":"aluma-banking-api","success":true,"timestamp":"2025-11-11 13:15:01","triggered":0}
{"environment":"development","level":"info","message":"Checking price alerts","service":"aluma-banking-api","timestamp":"2025-11-11 13:20:00"}
{"duration":393,"environment":"development","level":"debug","message":"Executed query","rows":0,"service":"aluma-banking-api","text":"\n      SELECT a.*, u.email, s.symbol, s.last_price\n      FROM price_alerts a\n      INNER JOIN users u ON a.user_id = u.id\n      INNER JOIN securities s ON a.security_id = s.id\n      WHERE a.status = 'active' AND a.triggered = false\n    ","timestamp":"2025-11-11 13:20:01"}
{"environment":"development","level":"info","message":"Price alerts checked. 0 triggered out of 0","service":"aluma-banking-api","timestamp":"2025-11-11 13:20:01"}
{"checked":0,"environment":"development","level":"debug","message":"Job alerts:repeat:a2207a63e8fb94ef36a747af8faf0fb2:1762863600000 completed","service":"aluma-banking-api","success":true,"timestamp":"2025-11-11 13:20:02","triggered":0}
{"environment":"development","level":"info","message":"Checking price alerts","service":"aluma-banking-api","timestamp":"2025-11-11 13:25:01"}
{"duration":2627,"environment":"development","level":"debug","message":"Executed query","rows":0,"service":"aluma-banking-api","text":"\n      SELECT a.*, u.email, s.symbol, s.last_price\n      FROM price_alerts a\n      INNER JOIN users u ON a.user_id = u.id\n      INNER JOIN securities s ON a.security_id = s.id\n      WHERE a.status = 'active' AND a.triggered = false\n    ","timestamp":"2025-11-11 13:25:04"}
{"environment":"development","level":"info","message":"Price alerts checked. 0 triggered out of 0","service":"aluma-banking-api","timestamp":"2025-11-11 13:25:04"}
{"checked":0,"environment":"development","level":"debug","message":"Job alerts:repeat:a2207a63e8fb94ef36a747af8faf0fb2:1762863900000 completed","service":"aluma-banking-api","success":true,"timestamp":"2025-11-11 13:25:04","triggered":0}
{"environment":"development","level":"info","message":"Checking price alerts","service":"aluma-banking-api","timestamp":"2025-11-11 13:30:01"}
{"duration":275,"environment":"development","level":"debug","message":"Executed query","rows":0,"service":"aluma-banking-api","text":"\n      SELECT a.*, u.email, s.symbol, s.last_price\n      FROM price_alerts a\n      INNER JOIN users u ON a.user_id = u.id\n      INNER JOIN securities s ON a.security_id = s.id\n      WHERE a.status = 'active' AND a.triggered = false\n    ","timestamp":"2025-11-11 13:30:01"}
{"environment":"development","level":"info","message":"Price alerts checked. 0 triggered out of 0","service":"aluma-banking-api","timestamp":"2025-11-11 13:30:01"}
{"checked":0,"environment":"development","level":"debug","message":"Job alerts:repeat:a2207a63e8fb94ef36a747af8faf0fb2:1762864200000 completed","service":"aluma-banking-api","success":true,"timestamp":"2025-11-11 13:30:01","triggered":0}
{"environment":"development","level":"info","message":"Checking price alerts","service":"aluma-banking-api","timestamp":"2025-11-11 13:35:03"}
{"duration":261,"environment":"development","level":"debug","message":"Executed query","rows":0,"service":"aluma-banking-api","text":"\n      SELECT a.*, u.email, s.symbol, s.last_price\n      FROM price_alerts a\n      INNER JOIN users u ON a.user_id = u.id\n      INNER JOIN securities s ON a.security_id = s.id\n      WHERE a.status = 'active' AND a.triggered = false\n    ","timestamp":"2025-11-11 13:35:03"}
{"environment":"development","level":"info","message":"Price alerts checked. 0 triggered out of 0","service":"aluma-banking-api","timestamp":"2025-11-11 13:35:03"}
{"checked":0,"environment":"development","level":"debug","message":"Job alerts:repeat:a2207a63e8fb94ef36a747af8faf0fb2:1762864500000 completed","service":"aluma-banking-api","success":true,"timestamp":"2025-11-11 13:35:03","triggered":0}
{"environment":"development","level":"info","message":"Checking price alerts","service":"aluma-banking-api","timestamp":"2025-11-11 13:40:00"}
{"duration":8,"environment":"development","level":"debug","message":"Executed query","rows":0,"service":"aluma-banking-api","text":"\n      SELECT a.*, u.email, s.symbol, s.last_price\n      FROM price_alerts a\n      INNER JOIN users u ON a.user_id = u.id\n      INNER JOIN securities s ON a.security_id = s.id\n      WHERE a.status = 'active' AND a.triggered = false\n    ","timestamp":"2025-11-11 13:40:00"}
{"environment":"development","level":"info","message":"Price alerts checked. 0 triggered out of 0","service":"aluma-banking-api","timestamp":"2025-11-11 13:40:00"}
{"checked":0,"environment":"development","level":"debug","message":"Job alerts:repeat:a2207a63e8fb94ef36a747af8faf0fb2:1762864800000 completed","service":"aluma-banking-api","success":true,"timestamp":"2025-11-11 13:40:00","triggered":0}
{"environment":"development","level":"info","message":"Checking price alerts","service":"aluma-banking-api","timestamp":"2025-11-11 13:45:06"}
{"duration":22,"environment":"development","level":"debug","message":"Executed query","rows":0,"service":"aluma-banking-api","text":"\n      SELECT a.*, u.email, s.symbol, s.last_price\n      FROM price_alerts a\n      INNER JOIN users u ON a.user_id = u.id\n      INNER JOIN securities s ON a.security_id = s.id\n      WHERE a.status = 'active' AND a.triggered = false\n    ","timestamp":"2025-11-11 13:45:06"}
{"environment":"development","level":"info","message":"Price alerts checked. 0 triggered out of 0","service":"aluma-banking-api","timestamp":"2025-11-11 13:45:07"}
{"checked":0,"environment":"development","level":"debug","message":"Job alerts:repeat:a2207a63e8fb94ef36a747af8faf0fb2:1762865100000 completed","service":"aluma-banking-api","success":true,"timestamp":"2025-11-11 13:45:10","triggered":0}
{"environment":"development","level":"info","message":"Checking price alerts","service":"aluma-banking-api","timestamp":"2025-11-11 13:50:06"}
{"duration":3684,"environment":"development","level":"debug","message":"Executed query","rows":0,"service":"aluma-banking-api","text":"\n      SELECT a.*, u.email, s.symbol, s.last_price\n      FROM price_alerts a\n      INNER JOIN users u ON a.user_id = u.id\n      INNER JOIN securities s ON a.security_id = s.id\n      WHERE a.status = 'active' AND a.triggered = false\n    ","timestamp":"2025-11-11 13:50:10"}
{"environment":"development","level":"info","message":"Price alerts checked. 0 triggered out of 0","service":"aluma-banking-api","timestamp":"2025-11-11 13:50:10"}
{"checked":0,"environment":"development","level":"debug","message":"Job alerts:repeat:a2207a63e8fb94ef36a747af8faf0fb2:1762865400000 completed","service":"aluma-banking-api","success":true,"timestamp":"2025-11-11 13:50:11","triggered":0}
{"environment":"development","level":"info","message":"Checking price alerts","service":"aluma-banking-api","timestamp":"2025-11-11 13:55:50"}
{"environment":"development","level":"warn","message":"Job alerts:repeat:a2207a63e8fb94ef36a747af8faf0fb2:1762865700000 stalled","service":"aluma-banking-api","timestamp":"2025-11-11 13:56:26"}
{"duration":35752,"environment":"development","level":"debug","message":"Executed query","rows":0,"service":"aluma-banking-api","text":"\n      SELECT a.*, u.email, s.symbol, s.last_price\n      FROM price_alerts a\n      INNER JOIN users u ON a.user_id = u.id\n      INNER JOIN securities s ON a.security_id = s.id\n      WHERE a.status = 'active' AND a.triggered = false\n    ","timestamp":"2025-11-11 13:56:27"}
{"environment":"development","level":"info","message":"Price alerts checked. 0 triggered out of 0","service":"aluma-banking-api","timestamp":"2025-11-11 13:56:27"}
{"environment":"development","level":"info","message":"Checking price alerts","service":"aluma-banking-api","timestamp":"2025-11-11 13:57:13"}
{"duration":144,"environment":"development","level":"debug","message":"Executed query","rows":0,"service":"aluma-banking-api","text":"\n      SELECT a.*, u.email, s.symbol, s.last_price\n      FROM price_alerts a\n      INNER JOIN users u ON a.user_id = u.id\n      INNER JOIN securities s ON a.security_id = s.id\n      WHERE a.status = 'active' AND a.triggered = false\n    ","timestamp":"2025-11-11 13:57:13"}
{"environment":"development","level":"info","message":"Price alerts checked. 0 triggered out of 0","service":"aluma-banking-api","timestamp":"2025-11-11 13:57:14"}
{"checked":0,"environment":"development","level":"debug","message":"Job alerts:repeat:a2207a63e8fb94ef36a747af8faf0fb2:1762865700000 completed","service":"aluma-banking-api","success":true,"timestamp":"2025-11-11 13:57:20","triggered":0}
{"environment":"development","level":"info","message":"Checking price alerts","service":"aluma-banking-api","timestamp":"2025-11-11 14:00:05"}
{"duration":94,"environment":"development","level":"debug","message":"Executed query","rows":0,"service":"aluma-banking-api","text":"\n      SELECT a.*, u.email, s.symbol, s.last_price\n      FROM price_alerts a\n      INNER JOIN users u ON a.user_id = u.id\n      INNER JOIN securities s ON a.security_id = s.id\n      WHERE a.status = 'active' AND a.triggered = false\n    ","timestamp":"2025-11-11 14:00:05"}
{"environment":"development","level":"info","message":"Price alerts checked. 0 triggered out of 0","service":"aluma-banking-api","timestamp":"2025-11-11 14:00:05"}
{"environment":"development","level":"info","message":"Cleaning up expired sessions","service":"aluma-banking-api","timestamp":"2025-11-11 14:00:05"}
{"checked":0,"environment":"development","level":"debug","message":"Job alerts:repeat:a2207a63e8fb94ef36a747af8faf0fb2:1762866000000 completed","service":"aluma-banking-api","success":true,"timestamp":"2025-11-11 14:00:06","triggered":0}
{"duration":9743,"environment":"development","level":"debug","message":"Executed query","rows":0,"service":"aluma-banking-api","text":"\n      UPDATE user_sessions\n      SET is_active = false\n      WHERE expires_at < CURRENT_TIMESTAMP AND is_active = true\n      RETURNING id\n    ","timestamp":"2025-11-11 14:00:16"}
{"environment":"development","level":"info","message":"Expired 0 sessions","service":"aluma-banking-api","timestamp":"2025-11-11 14:00:16"}
{"environment":"development","expiredCount":0,"level":"debug","message":"Job cleanup:repeat:847a19d014497606d6bdfa348b9f08a3:1762866000000 completed","service":"aluma-banking-api","success":true,"timestamp":"2025-11-11 14:00:18"}
{"environment":"development","level":"info","message":"Checking price alerts","service":"aluma-banking-api","timestamp":"2025-11-11 14:05:02"}
{"duration":69,"environment":"development","level":"debug","message":"Executed query","rows":0,"service":"aluma-banking-api","text":"\n      SELECT a.*, u.email, s.symbol, s.last_price\n      FROM price_alerts a\n      INNER JOIN users u ON a.user_id = u.id\n      INNER JOIN securities s ON a.security_id = s.id\n      WHERE a.status = 'active' AND a.triggered = false\n    ","timestamp":"2025-11-11 14:05:03"}
{"environment":"development","level":"info","message":"Price alerts checked. 0 triggered out of 0","service":"aluma-banking-api","timestamp":"2025-11-11 14:05:03"}
{"checked":0,"environment":"development","level":"debug","message":"Job alerts:repeat:a2207a63e8fb94ef36a747af8faf0fb2:1762866300000 completed","service":"aluma-banking-api","success":true,"timestamp":"2025-11-11 14:05:04","triggered":0}
{"environment":"development","level":"info","message":"Checking price alerts","service":"aluma-banking-api","timestamp":"2025-11-11 14:10:01"}
{"duration":10,"environment":"development","level":"debug","message":"Executed query","rows":0,"service":"aluma-banking-api","text":"\n      SELECT a.*, u.email, s.symbol, s.last_price\n      FROM price_alerts a\n      INNER JOIN users u ON a.user_id = u.id\n      INNER JOIN securities s ON a.security_id = s.id\n      WHERE a.status = 'active' AND a.triggered = false\n    ","timestamp":"2025-11-11 14:10:01"}
{"environment":"development","level":"info","message":"Price alerts checked. 0 triggered out of 0","service":"aluma-banking-api","timestamp":"2025-11-11 14:10:01"}
{"checked":0,"environment":"development","level":"debug","message":"Job alerts:repeat:a2207a63e8fb94ef36a747af8faf0fb2:1762866600000 completed","service":"aluma-banking-api","success":true,"timestamp":"2025-11-11 14:10:01","triggered":0}
{"environment":"development","level":"info","message":"Checking price alerts","service":"aluma-banking-api","timestamp":"2025-11-11 14:15:01"}
{"duration":17,"environment":"development","level":"debug","message":"Executed query","rows":0,"service":"aluma-banking-api","text":"\n      SELECT a.*, u.email, s.symbol, s.last_price\n      FROM price_alerts a\n      INNER JOIN users u ON a.user_id = u.id\n      INNER JOIN securities s ON a.security_id = s.id\n      WHERE a.status = 'active' AND a.triggered = false\n    ","timestamp":"2025-11-11 14:15:01"}
{"environment":"development","level":"info","message":"Price alerts checked. 0 triggered out of 0","service":"aluma-banking-api","timestamp":"2025-11-11 14:15:01"}
{"checked":0,"environment":"development","level":"debug","message":"Job alerts:repeat:a2207a63e8fb94ef36a747af8faf0fb2:1762866900000 completed","service":"aluma-banking-api","success":true,"timestamp":"2025-11-11 14:15:01","triggered":0}
{"environment":"development","level":"info","message":"Checking price alerts","service":"aluma-banking-api","timestamp":"2025-11-11 14:20:01"}
{"duration":1801,"environment":"development","level":"debug","message":"Executed query","rows":0,"service":"aluma-banking-api","text":"\n      SELECT a.*, u.email, s.symbol, s.last_price\n      FROM price_alerts a\n      INNER JOIN users u ON a.user_id = u.id\n      INNER JOIN securities s ON a.security_id = s.id\n      WHERE a.status = 'active' AND a.triggered = false\n    ","timestamp":"2025-11-11 14:20:03"}
{"environment":"development","level":"info","message":"Price alerts checked. 0 triggered out of 0","service":"aluma-banking-api","timestamp":"2025-11-11 14:20:03"}
{"checked":0,"environment":"development","level":"debug","message":"Job alerts:repeat:a2207a63e8fb94ef36a747af8faf0fb2:1762867200000 completed","service":"aluma-banking-api","success":true,"timestamp":"2025-11-11 14:20:03","triggered":0}
{"environment":"development","level":"info","message":"Checking price alerts","service":"aluma-banking-api","timestamp":"2025-11-11 14:25:00"}
{"duration":19,"environment":"development","level":"debug","message":"Executed query","rows":0,"service":"aluma-banking-api","text":"\n      SELECT a.*, u.email, s.symbol, s.last_price\n      FROM price_alerts a\n      INNER JOIN users u ON a.user_id = u.id\n      INNER JOIN securities s ON a.security_id = s.id\n      WHERE a.status = 'active' AND a.triggered = false\n    ","timestamp":"2025-11-11 14:25:00"}
{"environment":"development","level":"info","message":"Price alerts checked. 0 triggered out of 0","service":"aluma-banking-api","timestamp":"2025-11-11 14:25:00"}
{"checked":0,"environment":"development","level":"debug","message":"Job alerts:repeat:a2207a63e8fb94ef36a747af8faf0fb2:1762867500000 completed","service":"aluma-banking-api","success":true,"timestamp":"2025-11-11 14:25:00","triggered":0}
{"environment":"development","level":"info","message":"Checking price alerts","service":"aluma-banking-api","timestamp":"2025-11-11 14:30:01"}
{"duration":19,"environment":"development","level":"debug","message":"Executed query","rows":0,"service":"aluma-banking-api","text":"\n      SELECT a.*, u.email, s.symbol, s.last_price\n      FROM price_alerts a\n      INNER JOIN users u ON a.user_id = u.id\n      INNER JOIN securities s ON a.security_id = s.id\n      WHERE a.status = 'active' AND a.triggered = false\n    ","timestamp":"2025-11-11 14:30:01"}
{"environment":"development","level":"info","message":"Price alerts checked. 0 triggered out of 0","service":"aluma-banking-api","timestamp":"2025-11-11 14:30:01"}
{"checked":0,"environment":"development","level":"debug","message":"Job alerts:repeat:a2207a63e8fb94ef36a747af8faf0fb2:1762867800000 completed","service":"aluma-banking-api","success":true,"timestamp":"2025-11-11 14:30:01","triggered":0}
{"environment":"development","level":"info","message":"Checking price alerts","service":"aluma-banking-api","timestamp":"2025-11-11 14:35:00"}
{"duration":120,"environment":"development","level":"debug","message":"Executed query","rows":0,"service":"aluma-banking-api","text":"\n      SELECT a.*, u.email, s.symbol, s.last_price\n      FROM price_alerts a\n      INNER JOIN users u ON a.user_id = u.id\n      INNER JOIN securities s ON a.security_id = s.id\n      WHERE a.status = 'active' AND a.triggered = false\n    ","timestamp":"2025-11-11 14:35:00"}
{"environment":"development","level":"info","message":"Price alerts checked. 0 triggered out of 0","service":"aluma-banking-api","timestamp":"2025-11-11 14:35:00"}
{"checked":0,"environment":"development","level":"debug","message":"Job alerts:repeat:a2207a63e8fb94ef36a747af8faf0fb2:1762868100000 completed","service":"aluma-banking-api","success":true,"timestamp":"2025-11-11 14:35:00","triggered":0}
{"environment":"development","level":"info","message":"Checking price alerts","service":"aluma-banking-api","timestamp":"2025-11-11 14:40:03"}
{"duration":499,"environment":"development","level":"debug","message":"Executed query","rows":0,"service":"aluma-banking-api","text":"\n      SELECT a.*, u.email, s.symbol, s.last_price\n      FROM price_alerts a\n      INNER JOIN users u ON a.user_id = u.id\n      INNER JOIN securities s ON a.security_id = s.id\n      WHERE a.status = 'active' AND a.triggered = false\n    ","timestamp":"2025-11-11 14:40:04"}
{"environment":"development","level":"info","message":"Price alerts checked. 0 triggered out of 0","service":"aluma-banking-api","timestamp":"2025-11-11 14:40:04"}
{"checked":0,"environment":"development","level":"debug","message":"Job alerts:repeat:a2207a63e8fb94ef36a747af8faf0fb2:1762868400000 completed","service":"aluma-banking-api","success":true,"timestamp":"2025-11-11 14:40:04","triggered":0}
{"environment":"development","level":"info","message":"Checking price alerts","service":"aluma-banking-api","timestamp":"2025-11-11 14:45:07"}
{"duration":26930,"environment":"development","level":"debug","message":"Executed query","rows":0,"service":"aluma-banking-api","text":"\n      SELECT a.*, u.email, s.symbol, s.last_price\n      FROM price_alerts a\n      INNER JOIN users u ON a.user_id = u.id\n      INNER JOIN securities s ON a.security_id = s.id\n      WHERE a.status = 'active' AND a.triggered = false\n    ","timestamp":"2025-11-11 14:45:35"}
{"environment":"development","level":"info","message":"Price alerts checked. 0 triggered out of 0","service":"aluma-banking-api","timestamp":"2025-11-11 14:45:35"}
{"checked":0,"environment":"development","level":"debug","message":"Job alerts:repeat:a2207a63e8fb94ef36a747af8faf0fb2:1762868700000 completed","service":"aluma-banking-api","success":true,"timestamp":"2025-11-11 14:45:37","triggered":0}
{"environment":"development","level":"info","message":"Checking price alerts","service":"aluma-banking-api","timestamp":"2025-11-11 14:50:17"}
{"duration":56450,"environment":"development","level":"debug","message":"Executed query","rows":0,"service":"aluma-banking-api","text":"\n      SELECT a.*, u.email, s.symbol, s.last_price\n      FROM price_alerts a\n      INNER JOIN users u ON a.user_id = u.id\n      INNER JOIN securities s ON a.security_id = s.id\n      WHERE a.status = 'active' AND a.triggered = false\n    ","timestamp":"2025-11-11 14:51:19"}
{"environment":"development","level":"info","message":"Price alerts checked. 0 triggered out of 0","service":"aluma-banking-api","timestamp":"2025-11-11 14:51:19"}
{"checked":0,"environment":"development","level":"debug","message":"Job alerts:repeat:a2207a63e8fb94ef36a747af8faf0fb2:1762869000000 completed","service":"aluma-banking-api","success":true,"timestamp":"2025-11-11 14:51:22","triggered":0}
{"environment":"development","level":"info","message":"Checking price alerts","service":"aluma-banking-api","timestamp":"2025-11-11 14:55:06"}
{"duration":9,"environment":"development","level":"debug","message":"Executed query","rows":0,"service":"aluma-banking-api","text":"\n      SELECT a.*, u.email, s.symbol, s.last_price\n      FROM price_alerts a\n      INNER JOIN users u ON a.user_id = u.id\n      INNER JOIN securities s ON a.security_id = s.id\n      WHERE a.status = 'active' AND a.triggered = false\n    ","timestamp":"2025-11-11 14:55:06"}
{"environment":"development","level":"info","message":"Price alerts checked. 0 triggered out of 0","service":"aluma-banking-api","timestamp":"2025-11-11 14:55:07"}
{"checked":0,"environment":"development","level":"debug","message":"Job alerts:repeat:a2207a63e8fb94ef36a747af8faf0fb2:1762869300000 completed","service":"aluma-banking-api","success":true,"timestamp":"2025-11-11 14:55:08","triggered":0}
{"environment":"development","level":"info","message":"Checking price alerts","service":"aluma-banking-api","timestamp":"2025-11-11 15:00:03"}
{"environment":"development","level":"info","message":"Cleaning up expired sessions","service":"aluma-banking-api","timestamp":"2025-11-11 15:00:04"}
{"duration":1996,"environment":"development","level":"debug","message":"Executed query","rows":0,"service":"aluma-banking-api","text":"\n      SELECT a.*, u.email, s.symbol, s.last_price\n      FROM price_alerts a\n      INNER JOIN users u ON a.user_id = u.id\n      INNER JOIN securities s ON a.security_id = s.id\n      WHERE a.status = 'active' AND a.triggered = false\n    ","timestamp":"2025-11-11 15:00:05"}
{"environment":"development","level":"info","message":"Price alerts checked. 0 triggered out of 0","service":"aluma-banking-api","timestamp":"2025-11-11 15:00:05"}
{"checked":0,"environment":"development","level":"debug","message":"Job alerts:repeat:a2207a63e8fb94ef36a747af8faf0fb2:1762869600000 completed","service":"aluma-banking-api","success":true,"timestamp":"2025-11-11 15:00:06","triggered":0}
{"duration":21683,"environment":"development","level":"debug","message":"Executed query","rows":0,"service":"aluma-banking-api","text":"\n      UPDATE user_sessions\n      SET is_active = false\n      WHERE expires_at < CURRENT_TIMESTAMP AND is_active = true\n      RETURNING id\n    ","timestamp":"2025-11-11 15:00:26"}
{"environment":"development","level":"info","message":"Expired 0 sessions","service":"aluma-banking-api","timestamp":"2025-11-11 15:00:27"}
{"environment":"development","expiredCount":0,"level":"debug","message":"Job cleanup:repeat:847a19d014497606d6bdfa348b9f08a3:1762869600000 completed","service":"aluma-banking-api","success":true,"timestamp":"2025-11-11 15:00:27"}
{"environment":"development","level":"info","message":"Checking price alerts","service":"aluma-banking-api","timestamp":"2025-11-11 15:05:03"}
{"duration":13311,"environment":"development","level":"debug","message":"Executed query","rows":0,"service":"aluma-banking-api","text":"\n      SELECT a.*, u.email, s.symbol, s.last_price\n      FROM price_alerts a\n      INNER JOIN users u ON a.user_id = u.id\n      INNER JOIN securities s ON a.security_id = s.id\n      WHERE a.status = 'active' AND a.triggered = false\n    ","timestamp":"2025-11-11 15:05:16"}
{"environment":"development","level":"info","message":"Price alerts checked. 0 triggered out of 0","service":"aluma-banking-api","timestamp":"2025-11-11 15:05:16"}
{"checked":0,"environment":"development","level":"debug","message":"Job alerts:repeat:a2207a63e8fb94ef36a747af8faf0fb2:1762869900000 completed","service":"aluma-banking-api","success":true,"timestamp":"2025-11-11 15:05:17","triggered":0}
{"environment":"development","level":"info","message":"Checking price alerts","service":"aluma-banking-api","timestamp":"2025-11-11 15:10:08"}
{"duration":627,"environment":"development","level":"debug","message":"Executed query","rows":0,"service":"aluma-banking-api","text":"\n      SELECT a.*, u.email, s.symbol, s.last_price\n      FROM price_alerts a\n      INNER JOIN users u ON a.user_id = u.id\n      INNER JOIN securities s ON a.security_id = s.id\n      WHERE a.status = 'active' AND a.triggered = false\n    ","timestamp":"2025-11-11 15:10:08"}
{"environment":"development","level":"info","message":"Price alerts checked. 0 triggered out of 0","service":"aluma-banking-api","timestamp":"2025-11-11 15:10:08"}
{"checked":0,"environment":"development","level":"debug","message":"Job alerts:repeat:a2207a63e8fb94ef36a747af8faf0fb2:1762870200000 completed","service":"aluma-banking-api","success":true,"timestamp":"2025-11-11 15:10:10","triggered":0}
