{"environment":"development","level":"info","message":"WebSocket server initialized successfully","service":"aluma-banking-api","timestamp":"2025-11-12 10:09:27"}
{"environment":"development","level":"debug","message":"New client connected to database","service":"aluma-banking-api","timestamp":"2025-11-12 10:09:42"}
{"environment":"development","level":"info","message":"Database connection established","service":"aluma-banking-api","timestamp":"2025-11-12 10:09:53"}
{"environment":"development","level":"info","message":"Initializing background jobs...","service":"aluma-banking-api","timestamp":"2025-11-12 10:09:53"}
{"environment":"development","level":"info","message":"Background jobs initialized successfully","service":"aluma-banking-api","timestamp":"2025-11-12 10:09:53"}
{"environment":"development","level":"info","message":"🚀 Server running on http://0.0.0.0:3000","service":"aluma-banking-api","timestamp":"2025-11-12 10:09:54"}
{"environment":"development","level":"info","message":"📊 Environment: development","service":"aluma-banking-api","timestamp":"2025-11-12 10:09:54"}
{"environment":"development","level":"info","message":"🔌 WebSocket server initialized","service":"aluma-banking-api","timestamp":"2025-11-12 10:09:54"}
{"environment":"development","level":"info","message":"📝 API Documentation: http://0.0.0.0:3000/api/v1","service":"aluma-banking-api","timestamp":"2025-11-12 10:09:54"}
{"environment":"development","level":"info","message":"Cleaning up expired sessions","service":"aluma-banking-api","timestamp":"2025-11-12 10:09:54"}
{"environment":"development","level":"info","message":"Cleaning old data","service":"aluma-banking-api","timestamp":"2025-11-12 10:09:54"}
{"environment":"development","level":"info","message":"Checking price alerts","service":"aluma-banking-api","timestamp":"2025-11-12 10:09:54"}
{"environment":"development","level":"info","message":"Processing portfolio valuations update","service":"aluma-banking-api","timestamp":"2025-11-12 10:09:54"}
{"environment":"development","level":"debug","message":"New client connected to database","service":"aluma-banking-api","timestamp":"2025-11-12 10:09:55"}
{"environment":"development","level":"debug","message":"New client connected to database","service":"aluma-banking-api","timestamp":"2025-11-12 10:09:55"}
{"environment":"development","level":"debug","message":"New client connected to database","service":"aluma-banking-api","timestamp":"2025-11-12 10:09:55"}
{"duration":4122,"environment":"development","level":"debug","message":"Executed query","rows":0,"service":"aluma-banking-api","text":"\n      DELETE FROM user_login_history\n      WHERE created_at < CURRENT_TIMESTAMP - INTERVAL '90 days'\n    ","timestamp":"2025-11-12 10:09:58"}
{"duration":4251,"environment":"development","level":"debug","message":"Executed query","rows":0,"service":"aluma-banking-api","text":"\n      UPDATE user_sessions\n      SET is_active = false\n      WHERE expires_at < CURRENT_TIMESTAMP AND is_active = true\n      RETURNING id\n    ","timestamp":"2025-11-12 10:09:58"}
{"environment":"development","level":"info","message":"Expired 0 sessions","service":"aluma-banking-api","timestamp":"2025-11-12 10:09:58"}
{"duration":318,"environment":"development","level":"debug","message":"Executed query","rows":0,"service":"aluma-banking-api","text":"\n      DELETE FROM audit_logs\n      WHERE created_at < CURRENT_TIMESTAMP - INTERVAL '1 year'\n    ","timestamp":"2025-11-12 10:09:59"}
{"environment":"development","level":"info","message":"Cleaned 0 login records, 0 audit logs","service":"aluma-banking-api","timestamp":"2025-11-12 10:09:59"}
{"environment":"development","expiredCount":0,"level":"debug","message":"Job cleanup:repeat:847a19d014497606d6bdfa348b9f08a3:1762873200000 completed","service":"aluma-banking-api","success":true,"timestamp":"2025-11-12 10:09:59"}
{"auditLogs":0,"environment":"development","level":"debug","loginRecords":0,"message":"Job cleanup:repeat:0baf85e5b1313c58d666398323c93715:1762909200000 completed","service":"aluma-banking-api","success":true,"timestamp":"2025-11-12 10:09:59"}
{"duration":5420,"environment":"development","level":"debug","message":"Executed query","rows":0,"service":"aluma-banking-api","text":"\n      SELECT a.*, u.email, s.symbol, s.last_price\n      FROM price_alerts a\n      INNER JOIN users u ON a.user_id = u.id\n      INNER JOIN securities s ON a.security_id = s.id\n      WHERE a.status = 'active' AND a.triggered = false\n    ","timestamp":"2025-11-12 10:10:00"}
{"environment":"development","level":"info","message":"Price alerts checked. 0 triggered out of 0","service":"aluma-banking-api","timestamp":"2025-11-12 10:10:00"}
{"checked":0,"environment":"development","level":"debug","message":"Job alerts:repeat:a2207a63e8fb94ef36a747af8faf0fb2:1762870800000 completed","service":"aluma-banking-api","success":true,"timestamp":"2025-11-12 10:10:00","triggered":0}
{"environment":"development","level":"info","message":"Checking price alerts","service":"aluma-banking-api","timestamp":"2025-11-12 10:10:00"}
{"duration":13,"environment":"development","level":"debug","message":"Executed query","rows":0,"service":"aluma-banking-api","text":"\n      SELECT a.*, u.email, s.symbol, s.last_price\n      FROM price_alerts a\n      INNER JOIN users u ON a.user_id = u.id\n      INNER JOIN securities s ON a.security_id = s.id\n      WHERE a.status = 'active' AND a.triggered = false\n    ","timestamp":"2025-11-12 10:10:00"}
{"environment":"development","level":"info","message":"Price alerts checked. 0 triggered out of 0","service":"aluma-banking-api","timestamp":"2025-11-12 10:10:00"}
{"checked":0,"environment":"development","level":"debug","message":"Job alerts:repeat:a2207a63e8fb94ef36a747af8faf0fb2:1762938600000 completed","service":"aluma-banking-api","success":true,"timestamp":"2025-11-12 10:10:00","triggered":0}
{"duration":6393,"environment":"development","level":"debug","message":"Executed query","rows":0,"service":"aluma-banking-api","text":"\n      SELECT DISTINCT a.id, a.user_id\n      FROM accounts a\n      INNER JOIN positions p ON a.id = p.account_id\n      WHERE a.status = 'active' AND p.quantity > 0\n    ","timestamp":"2025-11-12 10:10:01"}
{"environment":"development","level":"info","message":"Updating valuations for 0 accounts","service":"aluma-banking-api","timestamp":"2025-11-12 10:10:01"}
{"environment":"development","level":"info","message":"Portfolio valuations updated successfully","service":"aluma-banking-api","timestamp":"2025-11-12 10:10:01"}
{"accountsUpdated":0,"environment":"development","level":"debug","message":"Job portfolio:repeat:a788c5ce0eb4ce217ed9cda0c945f2fe:1762896600000 completed","service":"aluma-banking-api","success":true,"timestamp":"2025-11-12 10:10:01"}
{"environment":"development","level":"warn","message":"Job alerts:repeat:a2207a63e8fb94ef36a747af8faf0fb2:1762870500000 stalled","service":"aluma-banking-api","timestamp":"2025-11-12 10:10:14"}
{"environment":"development","level":"info","message":"Checking price alerts","service":"aluma-banking-api","timestamp":"2025-11-12 10:10:14"}
{"duration":28,"environment":"development","level":"debug","message":"Executed query","rows":0,"service":"aluma-banking-api","text":"\n      SELECT a.*, u.email, s.symbol, s.last_price\n      FROM price_alerts a\n      INNER JOIN users u ON a.user_id = u.id\n      INNER JOIN securities s ON a.security_id = s.id\n      WHERE a.status = 'active' AND a.triggered = false\n    ","timestamp":"2025-11-12 10:10:14"}
{"environment":"development","level":"info","message":"Price alerts checked. 0 triggered out of 0","service":"aluma-banking-api","timestamp":"2025-11-12 10:10:14"}
{"checked":0,"environment":"development","level":"debug","message":"Job alerts:repeat:a2207a63e8fb94ef36a747af8faf0fb2:1762870500000 completed","service":"aluma-banking-api","success":true,"timestamp":"2025-11-12 10:10:15","triggered":0}
{"environment":"development","level":"info","message":"Checking price alerts","service":"aluma-banking-api","timestamp":"2025-11-12 10:15:02"}
{"environment":"development","level":"debug","message":"New client connected to database","service":"aluma-banking-api","timestamp":"2025-11-12 10:15:03"}
{"duration":1494,"environment":"development","level":"debug","message":"Executed query","rows":0,"service":"aluma-banking-api","text":"\n      SELECT a.*, u.email, s.symbol, s.last_price\n      FROM price_alerts a\n      INNER JOIN users u ON a.user_id = u.id\n      INNER JOIN securities s ON a.security_id = s.id\n      WHERE a.status = 'active' AND a.triggered = false\n    ","timestamp":"2025-11-12 10:15:04"}
{"environment":"development","level":"info","message":"Price alerts checked. 0 triggered out of 0","service":"aluma-banking-api","timestamp":"2025-11-12 10:15:04"}
{"checked":0,"environment":"development","level":"debug","message":"Job alerts:repeat:a2207a63e8fb94ef36a747af8faf0fb2:1762938900000 completed","service":"aluma-banking-api","success":true,"timestamp":"2025-11-12 10:15:04","triggered":0}
{"environment":"development","level":"info","message":"WebSocket server initialized successfully","service":"aluma-banking-api","timestamp":"2025-11-12 10:21:51"}
{"environment":"development","level":"debug","message":"New client connected to database","service":"aluma-banking-api","timestamp":"2025-11-12 10:22:02"}
{"environment":"development","level":"info","message":"Database connection established","service":"aluma-banking-api","timestamp":"2025-11-12 10:22:02"}
{"environment":"development","level":"info","message":"Initializing background jobs...","service":"aluma-banking-api","timestamp":"2025-11-12 10:22:02"}
{"environment":"development","level":"info","message":"Background jobs initialized successfully","service":"aluma-banking-api","timestamp":"2025-11-12 10:22:02"}
{"environment":"development","level":"info","message":"🚀 Server running on http://0.0.0.0:3000","service":"aluma-banking-api","timestamp":"2025-11-12 10:22:04"}
{"environment":"development","level":"info","message":"📊 Environment: development","service":"aluma-banking-api","timestamp":"2025-11-12 10:22:04"}
{"environment":"development","level":"info","message":"🔌 WebSocket server initialized","service":"aluma-banking-api","timestamp":"2025-11-12 10:22:04"}
{"environment":"development","level":"info","message":"📝 API Documentation: http://0.0.0.0:3000/api/v1","service":"aluma-banking-api","timestamp":"2025-11-12 10:22:04"}
{"environment":"development","level":"info","message":"Checking price alerts","service":"aluma-banking-api","timestamp":"2025-11-12 10:22:04"}
{"duration":75,"environment":"development","level":"debug","message":"Executed query","rows":0,"service":"aluma-banking-api","text":"\n      SELECT a.*, u.email, s.symbol, s.last_price\n      FROM price_alerts a\n      INNER JOIN users u ON a.user_id = u.id\n      INNER JOIN securities s ON a.security_id = s.id\n      WHERE a.status = 'active' AND a.triggered = false\n    ","timestamp":"2025-11-12 10:22:05"}
{"environment":"development","level":"info","message":"Price alerts checked. 0 triggered out of 0","service":"aluma-banking-api","timestamp":"2025-11-12 10:22:05"}
{"checked":0,"environment":"development","level":"debug","message":"Job alerts:repeat:a2207a63e8fb94ef36a747af8faf0fb2:1762939200000 completed","service":"aluma-banking-api","success":true,"timestamp":"2025-11-12 10:22:05","triggered":0}
{"environment":"development","level":"info","message":"Checking price alerts","service":"aluma-banking-api","timestamp":"2025-11-12 10:25:00"}
{"duration":23,"environment":"development","level":"debug","message":"Executed query","rows":0,"service":"aluma-banking-api","text":"\n      SELECT a.*, u.email, s.symbol, s.last_price\n      FROM price_alerts a\n      INNER JOIN users u ON a.user_id = u.id\n      INNER JOIN securities s ON a.security_id = s.id\n      WHERE a.status = 'active' AND a.triggered = false\n    ","timestamp":"2025-11-12 10:25:00"}
{"environment":"development","level":"info","message":"Price alerts checked. 0 triggered out of 0","service":"aluma-banking-api","timestamp":"2025-11-12 10:25:00"}
{"checked":0,"environment":"development","level":"debug","message":"Job alerts:repeat:a2207a63e8fb94ef36a747af8faf0fb2:1762939500000 completed","service":"aluma-banking-api","success":true,"timestamp":"2025-11-12 10:25:00","triggered":0}
{"environment":"development","level":"info","message":"Checking price alerts","service":"aluma-banking-api","timestamp":"2025-11-12 10:30:00"}
{"duration":28,"environment":"development","level":"debug","message":"Executed query","rows":0,"service":"aluma-banking-api","text":"\n      SELECT a.*, u.email, s.symbol, s.last_price\n      FROM price_alerts a\n      INNER JOIN users u ON a.user_id = u.id\n      INNER JOIN securities s ON a.security_id = s.id\n      WHERE a.status = 'active' AND a.triggered = false\n    ","timestamp":"2025-11-12 10:30:00"}
{"environment":"development","level":"info","message":"Price alerts checked. 0 triggered out of 0","service":"aluma-banking-api","timestamp":"2025-11-12 10:30:00"}
{"checked":0,"environment":"development","level":"debug","message":"Job alerts:repeat:a2207a63e8fb94ef36a747af8faf0fb2:1762939800000 completed","service":"aluma-banking-api","success":true,"timestamp":"2025-11-12 10:30:00","triggered":0}
{"environment":"development","level":"info","message":"Checking price alerts","service":"aluma-banking-api","timestamp":"2025-11-12 10:35:00"}
{"duration":89,"environment":"development","level":"debug","message":"Executed query","rows":0,"service":"aluma-banking-api","text":"\n      SELECT a.*, u.email, s.symbol, s.last_price\n      FROM price_alerts a\n      INNER JOIN users u ON a.user_id = u.id\n      INNER JOIN securities s ON a.security_id = s.id\n      WHERE a.status = 'active' AND a.triggered = false\n    ","timestamp":"2025-11-12 10:35:00"}
{"environment":"development","level":"info","message":"Price alerts checked. 0 triggered out of 0","service":"aluma-banking-api","timestamp":"2025-11-12 10:35:00"}
{"checked":0,"environment":"development","level":"debug","message":"Job alerts:repeat:a2207a63e8fb94ef36a747af8faf0fb2:1762940100000 completed","service":"aluma-banking-api","success":true,"timestamp":"2025-11-12 10:35:00","triggered":0}
{"environment":"development","level":"info","message":"Checking price alerts","service":"aluma-banking-api","timestamp":"2025-11-12 10:40:00"}
{"duration":679,"environment":"development","level":"debug","message":"Executed query","rows":0,"service":"aluma-banking-api","text":"\n      SELECT a.*, u.email, s.symbol, s.last_price\n      FROM price_alerts a\n      INNER JOIN users u ON a.user_id = u.id\n      INNER JOIN securities s ON a.security_id = s.id\n      WHERE a.status = 'active' AND a.triggered = false\n    ","timestamp":"2025-11-12 10:40:01"}
{"environment":"development","level":"info","message":"Price alerts checked. 0 triggered out of 0","service":"aluma-banking-api","timestamp":"2025-11-12 10:40:01"}
{"checked":0,"environment":"development","level":"debug","message":"Job alerts:repeat:a2207a63e8fb94ef36a747af8faf0fb2:1762940400000 completed","service":"aluma-banking-api","success":true,"timestamp":"2025-11-12 10:40:02","triggered":0}
{"environment":"development","level":"info","message":"Checking price alerts","service":"aluma-banking-api","timestamp":"2025-11-12 10:45:01"}
{"duration":4496,"environment":"development","level":"debug","message":"Executed query","rows":0,"service":"aluma-banking-api","text":"\n      SELECT a.*, u.email, s.symbol, s.last_price\n      FROM price_alerts a\n      INNER JOIN users u ON a.user_id = u.id\n      INNER JOIN securities s ON a.security_id = s.id\n      WHERE a.status = 'active' AND a.triggered = false\n    ","timestamp":"2025-11-12 10:45:06"}
{"environment":"development","level":"info","message":"Price alerts checked. 0 triggered out of 0","service":"aluma-banking-api","timestamp":"2025-11-12 10:45:10"}
{"checked":0,"environment":"development","level":"debug","message":"Job alerts:repeat:a2207a63e8fb94ef36a747af8faf0fb2:1762940700000 completed","service":"aluma-banking-api","success":true,"timestamp":"2025-11-12 10:45:11","triggered":0}
{"environment":"development","level":"info","message":"Checking price alerts","service":"aluma-banking-api","timestamp":"2025-11-12 10:50:02"}
{"duration":34,"environment":"development","level":"debug","message":"Executed query","rows":0,"service":"aluma-banking-api","text":"\n      SELECT a.*, u.email, s.symbol, s.last_price\n      FROM price_alerts a\n      INNER JOIN users u ON a.user_id = u.id\n      INNER JOIN securities s ON a.security_id = s.id\n      WHERE a.status = 'active' AND a.triggered = false\n    ","timestamp":"2025-11-12 10:50:03"}
{"environment":"development","level":"info","message":"Price alerts checked. 0 triggered out of 0","service":"aluma-banking-api","timestamp":"2025-11-12 10:50:03"}
{"checked":0,"environment":"development","level":"debug","message":"Job alerts:repeat:a2207a63e8fb94ef36a747af8faf0fb2:1762941000000 completed","service":"aluma-banking-api","success":true,"timestamp":"2025-11-12 10:50:04","triggered":0}
{"environment":"development","level":"info","message":"Checking price alerts","service":"aluma-banking-api","timestamp":"2025-11-12 10:55:01"}
{"duration":9,"environment":"development","level":"debug","message":"Executed query","rows":0,"service":"aluma-banking-api","text":"\n      SELECT a.*, u.email, s.symbol, s.last_price\n      FROM price_alerts a\n      INNER JOIN users u ON a.user_id = u.id\n      INNER JOIN securities s ON a.security_id = s.id\n      WHERE a.status = 'active' AND a.triggered = false\n    ","timestamp":"2025-11-12 10:55:02"}
{"environment":"development","level":"info","message":"Price alerts checked. 0 triggered out of 0","service":"aluma-banking-api","timestamp":"2025-11-12 10:55:02"}
{"checked":0,"environment":"development","level":"debug","message":"Job alerts:repeat:a2207a63e8fb94ef36a747af8faf0fb2:1762941300000 completed","service":"aluma-banking-api","success":true,"timestamp":"2025-11-12 10:55:02","triggered":0}
{"environment":"development","level":"info","message":"Checking price alerts","service":"aluma-banking-api","timestamp":"2025-11-12 11:00:11"}
{"environment":"development","level":"info","message":"Cleaning up expired sessions","service":"aluma-banking-api","timestamp":"2025-11-12 11:00:18"}
{"duration":32322,"environment":"development","level":"debug","message":"Executed query","rows":0,"service":"aluma-banking-api","text":"\n      SELECT a.*, u.email, s.symbol, s.last_price\n      FROM price_alerts a\n      INNER JOIN users u ON a.user_id = u.id\n      INNER JOIN securities s ON a.security_id = s.id\n      WHERE a.status = 'active' AND a.triggered = false\n    ","timestamp":"2025-11-12 11:00:44"}
{"environment":"development","level":"info","message":"Price alerts checked. 0 triggered out of 0","service":"aluma-banking-api","timestamp":"2025-11-12 11:00:44"}
{"environment":"development","error":"Connection terminated due to connection timeout","level":"error","message":"Query error","service":"aluma-banking-api","text":"\n      UPDATE user_sessions\n      SET is_active = false\n      WHERE expires_at < CURRENT_TIMESTAMP AND is_active = true\n      RETURNING id\n    ","timestamp":"2025-11-12 11:01:19"}
{"cause":{},"environment":"development","level":"error","message":"Failed to expire sessions: Connection terminated due to connection timeout","service":"aluma-banking-api","stack":"Error: Connection terminated due to connection timeout\n    at C:\\website work\\Aluma\\winnerscoins.com\\aluma-broker-backend\\node_modules\\pg-pool\\index.js:45:11\n    at process.processTicksAndRejections (node:internal/process/task_queues:105:5)\n    at async query (C:\\website work\\Aluma\\winnerscoins.com\\aluma-broker-backend\\config\\database.js:39:17)\n    at async Queue.<anonymous> (C:\\website work\\Aluma\\winnerscoins.com\\aluma-broker-backend\\jobs\\index.js:308:20)","timestamp":"2025-11-12 11:01:24"}
{"environment":"development","level":"warn","message":"Job alerts:repeat:a2207a63e8fb94ef36a747af8faf0fb2:1762941600000 stalled","service":"aluma-banking-api","timestamp":"2025-11-12 11:01:28"}
{"environment":"development","level":"warn","message":"Job cleanup:repeat:847a19d014497606d6bdfa348b9f08a3:1762941600000 stalled","service":"aluma-banking-api","timestamp":"2025-11-12 11:01:28"}
{"environment":"development","level":"info","message":"Cleaning up expired sessions","service":"aluma-banking-api","timestamp":"2025-11-12 11:01:29"}
{"environment":"development","level":"info","message":"Checking price alerts","service":"aluma-banking-api","timestamp":"2025-11-12 11:01:29"}
{"duration":18247,"environment":"development","level":"debug","message":"Executed query","rows":0,"service":"aluma-banking-api","text":"\n      UPDATE user_sessions\n      SET is_active = false\n      WHERE expires_at < CURRENT_TIMESTAMP AND is_active = true\n      RETURNING id\n    ","timestamp":"2025-11-12 11:01:47"}
{"environment":"development","level":"info","message":"Expired 0 sessions","service":"aluma-banking-api","timestamp":"2025-11-12 11:01:47"}
{"environment":"development","expiredCount":0,"level":"debug","message":"Job cleanup:repeat:847a19d014497606d6bdfa348b9f08a3:1762941600000 completed","service":"aluma-banking-api","success":true,"timestamp":"2025-11-12 11:01:48"}
{"environment":"development","level":"debug","message":"New client connected to database","service":"aluma-banking-api","timestamp":"2025-11-12 11:01:48"}
{"duration":27755,"environment":"development","level":"debug","message":"Executed query","rows":0,"service":"aluma-banking-api","text":"\n      SELECT a.*, u.email, s.symbol, s.last_price\n      FROM price_alerts a\n      INNER JOIN users u ON a.user_id = u.id\n      INNER JOIN securities s ON a.security_id = s.id\n      WHERE a.status = 'active' AND a.triggered = false\n    ","timestamp":"2025-11-12 11:01:57"}
{"environment":"development","level":"info","message":"Price alerts checked. 0 triggered out of 0","service":"aluma-banking-api","timestamp":"2025-11-12 11:01:57"}
{"checked":0,"environment":"development","level":"debug","message":"Job alerts:repeat:a2207a63e8fb94ef36a747af8faf0fb2:1762941600000 completed","service":"aluma-banking-api","success":true,"timestamp":"2025-11-12 11:01:57","triggered":0}
{"environment":"development","level":"info","message":"Checking price alerts","service":"aluma-banking-api","timestamp":"2025-11-12 11:05:02"}
{"duration":17,"environment":"development","level":"debug","message":"Executed query","rows":0,"service":"aluma-banking-api","text":"\n      SELECT a.*, u.email, s.symbol, s.last_price\n      FROM price_alerts a\n      INNER JOIN users u ON a.user_id = u.id\n      INNER JOIN securities s ON a.security_id = s.id\n      WHERE a.status = 'active' AND a.triggered = false\n    ","timestamp":"2025-11-12 11:05:02"}
{"environment":"development","level":"info","message":"Price alerts checked. 0 triggered out of 0","service":"aluma-banking-api","timestamp":"2025-11-12 11:05:02"}
{"checked":0,"environment":"development","level":"debug","message":"Job alerts:repeat:a2207a63e8fb94ef36a747af8faf0fb2:1762941900000 completed","service":"aluma-banking-api","success":true,"timestamp":"2025-11-12 11:05:02","triggered":0}
{"environment":"development","level":"info","message":"Checking price alerts","service":"aluma-banking-api","timestamp":"2025-11-12 11:10:01"}
{"duration":17,"environment":"development","level":"debug","message":"Executed query","rows":0,"service":"aluma-banking-api","text":"\n      SELECT a.*, u.email, s.symbol, s.last_price\n      FROM price_alerts a\n      INNER JOIN users u ON a.user_id = u.id\n      INNER JOIN securities s ON a.security_id = s.id\n      WHERE a.status = 'active' AND a.triggered = false\n    ","timestamp":"2025-11-12 11:10:01"}
{"environment":"development","level":"info","message":"Price alerts checked. 0 triggered out of 0","service":"aluma-banking-api","timestamp":"2025-11-12 11:10:01"}
{"checked":0,"environment":"development","level":"debug","message":"Job alerts:repeat:a2207a63e8fb94ef36a747af8faf0fb2:1762942200000 completed","service":"aluma-banking-api","success":true,"timestamp":"2025-11-12 11:10:01","triggered":0}
{"environment":"development","level":"info","message":"Checking price alerts","service":"aluma-banking-api","timestamp":"2025-11-12 11:15:00"}
{"duration":11,"environment":"development","level":"debug","message":"Executed query","rows":0,"service":"aluma-banking-api","text":"\n      SELECT a.*, u.email, s.symbol, s.last_price\n      FROM price_alerts a\n      INNER JOIN users u ON a.user_id = u.id\n      INNER JOIN securities s ON a.security_id = s.id\n      WHERE a.status = 'active' AND a.triggered = false\n    ","timestamp":"2025-11-12 11:15:00"}
{"environment":"development","level":"info","message":"Price alerts checked. 0 triggered out of 0","service":"aluma-banking-api","timestamp":"2025-11-12 11:15:00"}
{"checked":0,"environment":"development","level":"debug","message":"Job alerts:repeat:a2207a63e8fb94ef36a747af8faf0fb2:1762942500000 completed","service":"aluma-banking-api","success":true,"timestamp":"2025-11-12 11:15:01","triggered":0}
{"environment":"development","level":"info","message":"Checking price alerts","service":"aluma-banking-api","timestamp":"2025-11-12 11:20:01"}
{"duration":10,"environment":"development","level":"debug","message":"Executed query","rows":0,"service":"aluma-banking-api","text":"\n      SELECT a.*, u.email, s.symbol, s.last_price\n      FROM price_alerts a\n      INNER JOIN users u ON a.user_id = u.id\n      INNER JOIN securities s ON a.security_id = s.id\n      WHERE a.status = 'active' AND a.triggered = false\n    ","timestamp":"2025-11-12 11:20:01"}
{"environment":"development","level":"info","message":"Price alerts checked. 0 triggered out of 0","service":"aluma-banking-api","timestamp":"2025-11-12 11:20:01"}
{"checked":0,"environment":"development","level":"debug","message":"Job alerts:repeat:a2207a63e8fb94ef36a747af8faf0fb2:1762942800000 completed","service":"aluma-banking-api","success":true,"timestamp":"2025-11-12 11:20:01","triggered":0}
{"environment":"development","level":"info","message":"Checking price alerts","service":"aluma-banking-api","timestamp":"2025-11-12 11:25:00"}
{"duration":208,"environment":"development","level":"debug","message":"Executed query","rows":0,"service":"aluma-banking-api","text":"\n      SELECT a.*, u.email, s.symbol, s.last_price\n      FROM price_alerts a\n      INNER JOIN users u ON a.user_id = u.id\n      INNER JOIN securities s ON a.security_id = s.id\n      WHERE a.status = 'active' AND a.triggered = false\n    ","timestamp":"2025-11-12 11:25:01"}
{"environment":"development","level":"info","message":"Price alerts checked. 0 triggered out of 0","service":"aluma-banking-api","timestamp":"2025-11-12 11:25:01"}
{"checked":0,"environment":"development","level":"debug","message":"Job alerts:repeat:a2207a63e8fb94ef36a747af8faf0fb2:1762943100000 completed","service":"aluma-banking-api","success":true,"timestamp":"2025-11-12 11:25:01","triggered":0}
{"environment":"development","level":"info","message":"Checking price alerts","service":"aluma-banking-api","timestamp":"2025-11-12 11:30:03"}
{"duration":16,"environment":"development","level":"debug","message":"Executed query","rows":0,"service":"aluma-banking-api","text":"\n      SELECT a.*, u.email, s.symbol, s.last_price\n      FROM price_alerts a\n      INNER JOIN users u ON a.user_id = u.id\n      INNER JOIN securities s ON a.security_id = s.id\n      WHERE a.status = 'active' AND a.triggered = false\n    ","timestamp":"2025-11-12 11:30:03"}
{"environment":"development","level":"info","message":"Price alerts checked. 0 triggered out of 0","service":"aluma-banking-api","timestamp":"2025-11-12 11:30:03"}
{"checked":0,"environment":"development","level":"debug","message":"Job alerts:repeat:a2207a63e8fb94ef36a747af8faf0fb2:1762943400000 completed","service":"aluma-banking-api","success":true,"timestamp":"2025-11-12 11:30:03","triggered":0}
{"environment":"development","level":"info","message":"Checking price alerts","service":"aluma-banking-api","timestamp":"2025-11-12 11:35:02"}
{"duration":13,"environment":"development","level":"debug","message":"Executed query","rows":0,"service":"aluma-banking-api","text":"\n      SELECT a.*, u.email, s.symbol, s.last_price\n      FROM price_alerts a\n      INNER JOIN users u ON a.user_id = u.id\n      INNER JOIN securities s ON a.security_id = s.id\n      WHERE a.status = 'active' AND a.triggered = false\n    ","timestamp":"2025-11-12 11:35:02"}
{"environment":"development","level":"info","message":"Price alerts checked. 0 triggered out of 0","service":"aluma-banking-api","timestamp":"2025-11-12 11:35:02"}
{"checked":0,"environment":"development","level":"debug","message":"Job alerts:repeat:a2207a63e8fb94ef36a747af8faf0fb2:1762943700000 completed","service":"aluma-banking-api","success":true,"timestamp":"2025-11-12 11:35:04","triggered":0}
{"environment":"development","level":"info","message":"Checking price alerts","service":"aluma-banking-api","timestamp":"2025-11-12 11:40:02"}
{"duration":42,"environment":"development","level":"debug","message":"Executed query","rows":0,"service":"aluma-banking-api","text":"\n      SELECT a.*, u.email, s.symbol, s.last_price\n      FROM price_alerts a\n      INNER JOIN users u ON a.user_id = u.id\n      INNER JOIN securities s ON a.security_id = s.id\n      WHERE a.status = 'active' AND a.triggered = false\n    ","timestamp":"2025-11-12 11:40:02"}
{"environment":"development","level":"info","message":"Price alerts checked. 0 triggered out of 0","service":"aluma-banking-api","timestamp":"2025-11-12 11:40:02"}
{"checked":0,"environment":"development","level":"debug","message":"Job alerts:repeat:a2207a63e8fb94ef36a747af8faf0fb2:1762944000000 completed","service":"aluma-banking-api","success":true,"timestamp":"2025-11-12 11:40:03","triggered":0}
{"environment":"development","level":"info","message":"Checking price alerts","service":"aluma-banking-api","timestamp":"2025-11-12 11:45:02"}
{"duration":10,"environment":"development","level":"debug","message":"Executed query","rows":0,"service":"aluma-banking-api","text":"\n      SELECT a.*, u.email, s.symbol, s.last_price\n      FROM price_alerts a\n      INNER JOIN users u ON a.user_id = u.id\n      INNER JOIN securities s ON a.security_id = s.id\n      WHERE a.status = 'active' AND a.triggered = false\n    ","timestamp":"2025-11-12 11:45:03"}
{"environment":"development","level":"info","message":"Price alerts checked. 0 triggered out of 0","service":"aluma-banking-api","timestamp":"2025-11-12 11:45:03"}
{"checked":0,"environment":"development","level":"debug","message":"Job alerts:repeat:a2207a63e8fb94ef36a747af8faf0fb2:1762944300000 completed","service":"aluma-banking-api","success":true,"timestamp":"2025-11-12 11:45:05","triggered":0}
{"environment":"development","level":"info","message":"Checking price alerts","service":"aluma-banking-api","timestamp":"2025-11-12 11:50:03"}
{"duration":13,"environment":"development","level":"debug","message":"Executed query","rows":0,"service":"aluma-banking-api","text":"\n      SELECT a.*, u.email, s.symbol, s.last_price\n      FROM price_alerts a\n      INNER JOIN users u ON a.user_id = u.id\n      INNER JOIN securities s ON a.security_id = s.id\n      WHERE a.status = 'active' AND a.triggered = false\n    ","timestamp":"2025-11-12 11:50:03"}
{"environment":"development","level":"info","message":"Price alerts checked. 0 triggered out of 0","service":"aluma-banking-api","timestamp":"2025-11-12 11:50:03"}
{"checked":0,"environment":"development","level":"debug","message":"Job alerts:repeat:a2207a63e8fb94ef36a747af8faf0fb2:1762944600000 completed","service":"aluma-banking-api","success":true,"timestamp":"2025-11-12 11:50:04","triggered":0}
{"environment":"development","level":"info","message":"Checking price alerts","service":"aluma-banking-api","timestamp":"2025-11-12 11:55:04"}
{"duration":22,"environment":"development","level":"debug","message":"Executed query","rows":0,"service":"aluma-banking-api","text":"\n      SELECT a.*, u.email, s.symbol, s.last_price\n      FROM price_alerts a\n      INNER JOIN users u ON a.user_id = u.id\n      INNER JOIN securities s ON a.security_id = s.id\n      WHERE a.status = 'active' AND a.triggered = false\n    ","timestamp":"2025-11-12 11:55:04"}
{"environment":"development","level":"info","message":"Price alerts checked. 0 triggered out of 0","service":"aluma-banking-api","timestamp":"2025-11-12 11:55:04"}
{"checked":0,"environment":"development","level":"debug","message":"Job alerts:repeat:a2207a63e8fb94ef36a747af8faf0fb2:1762944900000 completed","service":"aluma-banking-api","success":true,"timestamp":"2025-11-12 11:55:05","triggered":0}
{"environment":"development","level":"info","message":"Checking price alerts","service":"aluma-banking-api","timestamp":"2025-11-12 12:00:01"}
{"environment":"development","level":"info","message":"Cleaning up expired sessions","service":"aluma-banking-api","timestamp":"2025-11-12 12:00:01"}
{"duration":296,"environment":"development","level":"debug","message":"Executed query","rows":0,"service":"aluma-banking-api","text":"\n      SELECT a.*, u.email, s.symbol, s.last_price\n      FROM price_alerts a\n      INNER JOIN users u ON a.user_id = u.id\n      INNER JOIN securities s ON a.security_id = s.id\n      WHERE a.status = 'active' AND a.triggered = false\n    ","timestamp":"2025-11-12 12:00:01"}
{"environment":"development","level":"info","message":"Price alerts checked. 0 triggered out of 0","service":"aluma-banking-api","timestamp":"2025-11-12 12:00:01"}
{"checked":0,"environment":"development","level":"debug","message":"Job alerts:repeat:a2207a63e8fb94ef36a747af8faf0fb2:1762945200000 completed","service":"aluma-banking-api","success":true,"timestamp":"2025-11-12 12:00:01","triggered":0}
{"duration":2657,"environment":"development","level":"debug","message":"Executed query","rows":0,"service":"aluma-banking-api","text":"\n      UPDATE user_sessions\n      SET is_active = false\n      WHERE expires_at < CURRENT_TIMESTAMP AND is_active = true\n      RETURNING id\n    ","timestamp":"2025-11-12 12:00:04"}
{"environment":"development","level":"info","message":"Expired 0 sessions","service":"aluma-banking-api","timestamp":"2025-11-12 12:00:04"}
{"environment":"development","expiredCount":0,"level":"debug","message":"Job cleanup:repeat:847a19d014497606d6bdfa348b9f08a3:1762945200000 completed","service":"aluma-banking-api","success":true,"timestamp":"2025-11-12 12:00:04"}
{"environment":"development","level":"info","message":"Checking price alerts","service":"aluma-banking-api","timestamp":"2025-11-12 12:05:02"}
{"duration":99,"environment":"development","level":"debug","message":"Executed query","rows":0,"service":"aluma-banking-api","text":"\n      SELECT a.*, u.email, s.symbol, s.last_price\n      FROM price_alerts a\n      INNER JOIN users u ON a.user_id = u.id\n      INNER JOIN securities s ON a.security_id = s.id\n      WHERE a.status = 'active' AND a.triggered = false\n    ","timestamp":"2025-11-12 12:05:02"}
{"environment":"development","level":"info","message":"Price alerts checked. 0 triggered out of 0","service":"aluma-banking-api","timestamp":"2025-11-12 12:05:02"}
{"checked":0,"environment":"development","level":"debug","message":"Job alerts:repeat:a2207a63e8fb94ef36a747af8faf0fb2:1762945500000 completed","service":"aluma-banking-api","success":true,"timestamp":"2025-11-12 12:05:02","triggered":0}
{"environment":"development","level":"info","message":"Checking price alerts","service":"aluma-banking-api","timestamp":"2025-11-12 12:10:00"}
{"duration":19,"environment":"development","level":"debug","message":"Executed query","rows":0,"service":"aluma-banking-api","text":"\n      SELECT a.*, u.email, s.symbol, s.last_price\n      FROM price_alerts a\n      INNER JOIN users u ON a.user_id = u.id\n      INNER JOIN securities s ON a.security_id = s.id\n      WHERE a.status = 'active' AND a.triggered = false\n    ","timestamp":"2025-11-12 12:10:00"}
{"environment":"development","level":"info","message":"Price alerts checked. 0 triggered out of 0","service":"aluma-banking-api","timestamp":"2025-11-12 12:10:00"}
{"checked":0,"environment":"development","level":"debug","message":"Job alerts:repeat:a2207a63e8fb94ef36a747af8faf0fb2:1762945800000 completed","service":"aluma-banking-api","success":true,"timestamp":"2025-11-12 12:10:00","triggered":0}
{"environment":"development","level":"info","message":"Checking price alerts","service":"aluma-banking-api","timestamp":"2025-11-12 12:15:01"}
{"duration":16,"environment":"development","level":"debug","message":"Executed query","rows":0,"service":"aluma-banking-api","text":"\n      SELECT a.*, u.email, s.symbol, s.last_price\n      FROM price_alerts a\n      INNER JOIN users u ON a.user_id = u.id\n      INNER JOIN securities s ON a.security_id = s.id\n      WHERE a.status = 'active' AND a.triggered = false\n    ","timestamp":"2025-11-12 12:15:01"}
{"environment":"development","level":"info","message":"Price alerts checked. 0 triggered out of 0","service":"aluma-banking-api","timestamp":"2025-11-12 12:15:01"}
{"checked":0,"environment":"development","level":"debug","message":"Job alerts:repeat:a2207a63e8fb94ef36a747af8faf0fb2:1762946100000 completed","service":"aluma-banking-api","success":true,"timestamp":"2025-11-12 12:15:02","triggered":0}
{"environment":"development","level":"info","message":"Checking price alerts","service":"aluma-banking-api","timestamp":"2025-11-12 12:20:00"}
{"duration":13,"environment":"development","level":"debug","message":"Executed query","rows":0,"service":"aluma-banking-api","text":"\n      SELECT a.*, u.email, s.symbol, s.last_price\n      FROM price_alerts a\n      INNER JOIN users u ON a.user_id = u.id\n      INNER JOIN securities s ON a.security_id = s.id\n      WHERE a.status = 'active' AND a.triggered = false\n    ","timestamp":"2025-11-12 12:20:00"}
{"environment":"development","level":"info","message":"Price alerts checked. 0 triggered out of 0","service":"aluma-banking-api","timestamp":"2025-11-12 12:20:00"}
{"checked":0,"environment":"development","level":"debug","message":"Job alerts:repeat:a2207a63e8fb94ef36a747af8faf0fb2:1762946400000 completed","service":"aluma-banking-api","success":true,"timestamp":"2025-11-12 12:20:00","triggered":0}
{"environment":"development","level":"info","message":"Checking price alerts","service":"aluma-banking-api","timestamp":"2025-11-12 12:25:01"}
{"duration":9,"environment":"development","level":"debug","message":"Executed query","rows":0,"service":"aluma-banking-api","text":"\n      SELECT a.*, u.email, s.symbol, s.last_price\n      FROM price_alerts a\n      INNER JOIN users u ON a.user_id = u.id\n      INNER JOIN securities s ON a.security_id = s.id\n      WHERE a.status = 'active' AND a.triggered = false\n    ","timestamp":"2025-11-12 12:25:02"}
{"environment":"development","level":"info","message":"Price alerts checked. 0 triggered out of 0","service":"aluma-banking-api","timestamp":"2025-11-12 12:25:03"}
{"checked":0,"environment":"development","level":"debug","message":"Job alerts:repeat:a2207a63e8fb94ef36a747af8faf0fb2:1762946700000 completed","service":"aluma-banking-api","success":true,"timestamp":"2025-11-12 12:25:03","triggered":0}
{"environment":"development","level":"info","message":"Checking price alerts","service":"aluma-banking-api","timestamp":"2025-11-12 12:30:00"}
{"duration":11,"environment":"development","level":"debug","message":"Executed query","rows":0,"service":"aluma-banking-api","text":"\n      SELECT a.*, u.email, s.symbol, s.last_price\n      FROM price_alerts a\n      INNER JOIN users u ON a.user_id = u.id\n      INNER JOIN securities s ON a.security_id = s.id\n      WHERE a.status = 'active' AND a.triggered = false\n    ","timestamp":"2025-11-12 12:30:00"}
{"environment":"development","level":"info","message":"Price alerts checked. 0 triggered out of 0","service":"aluma-banking-api","timestamp":"2025-11-12 12:30:00"}
{"checked":0,"environment":"development","level":"debug","message":"Job alerts:repeat:a2207a63e8fb94ef36a747af8faf0fb2:1762947000000 completed","service":"aluma-banking-api","success":true,"timestamp":"2025-11-12 12:30:00","triggered":0}
{"environment":"development","level":"info","message":"Checking price alerts","service":"aluma-banking-api","timestamp":"2025-11-12 12:35:00"}
{"duration":61,"environment":"development","level":"debug","message":"Executed query","rows":0,"service":"aluma-banking-api","text":"\n      SELECT a.*, u.email, s.symbol, s.last_price\n      FROM price_alerts a\n      INNER JOIN users u ON a.user_id = u.id\n      INNER JOIN securities s ON a.security_id = s.id\n      WHERE a.status = 'active' AND a.triggered = false\n    ","timestamp":"2025-11-12 12:35:00"}
{"environment":"development","level":"info","message":"Price alerts checked. 0 triggered out of 0","service":"aluma-banking-api","timestamp":"2025-11-12 12:35:00"}
{"checked":0,"environment":"development","level":"debug","message":"Job alerts:repeat:a2207a63e8fb94ef36a747af8faf0fb2:1762947300000 completed","service":"aluma-banking-api","success":true,"timestamp":"2025-11-12 12:35:00","triggered":0}
{"environment":"development","level":"info","message":"Checking price alerts","service":"aluma-banking-api","timestamp":"2025-11-12 12:40:00"}
{"duration":8,"environment":"development","level":"debug","message":"Executed query","rows":0,"service":"aluma-banking-api","text":"\n      SELECT a.*, u.email, s.symbol, s.last_price\n      FROM price_alerts a\n      INNER JOIN users u ON a.user_id = u.id\n      INNER JOIN securities s ON a.security_id = s.id\n      WHERE a.status = 'active' AND a.triggered = false\n    ","timestamp":"2025-11-12 12:40:00"}
{"environment":"development","level":"info","message":"Price alerts checked. 0 triggered out of 0","service":"aluma-banking-api","timestamp":"2025-11-12 12:40:00"}
{"checked":0,"environment":"development","level":"debug","message":"Job alerts:repeat:a2207a63e8fb94ef36a747af8faf0fb2:1762947600000 completed","service":"aluma-banking-api","success":true,"timestamp":"2025-11-12 12:40:00","triggered":0}
{"environment":"development","level":"info","message":"Checking price alerts","service":"aluma-banking-api","timestamp":"2025-11-12 12:45:00"}
{"duration":9,"environment":"development","level":"debug","message":"Executed query","rows":0,"service":"aluma-banking-api","text":"\n      SELECT a.*, u.email, s.symbol, s.last_price\n      FROM price_alerts a\n      INNER JOIN users u ON a.user_id = u.id\n      INNER JOIN securities s ON a.security_id = s.id\n      WHERE a.status = 'active' AND a.triggered = false\n    ","timestamp":"2025-11-12 12:45:00"}
{"environment":"development","level":"info","message":"Price alerts checked. 0 triggered out of 0","service":"aluma-banking-api","timestamp":"2025-11-12 12:45:00"}
{"checked":0,"environment":"development","level":"debug","message":"Job alerts:repeat:a2207a63e8fb94ef36a747af8faf0fb2:1762947900000 completed","service":"aluma-banking-api","success":true,"timestamp":"2025-11-12 12:45:00","triggered":0}
{"environment":"development","level":"info","message":"Checking price alerts","service":"aluma-banking-api","timestamp":"2025-11-12 12:50:00"}
{"duration":11,"environment":"development","level":"debug","message":"Executed query","rows":0,"service":"aluma-banking-api","text":"\n      SELECT a.*, u.email, s.symbol, s.last_price\n      FROM price_alerts a\n      INNER JOIN users u ON a.user_id = u.id\n      INNER JOIN securities s ON a.security_id = s.id\n      WHERE a.status = 'active' AND a.triggered = false\n    ","timestamp":"2025-11-12 12:50:00"}
{"environment":"development","level":"info","message":"Price alerts checked. 0 triggered out of 0","service":"aluma-banking-api","timestamp":"2025-11-12 12:50:00"}
{"checked":0,"environment":"development","level":"debug","message":"Job alerts:repeat:a2207a63e8fb94ef36a747af8faf0fb2:1762948200000 completed","service":"aluma-banking-api","success":true,"timestamp":"2025-11-12 12:50:00","triggered":0}
{"environment":"development","level":"info","message":"Checking price alerts","service":"aluma-banking-api","timestamp":"2025-11-12 12:55:00"}
{"duration":12,"environment":"development","level":"debug","message":"Executed query","rows":0,"service":"aluma-banking-api","text":"\n      SELECT a.*, u.email, s.symbol, s.last_price\n      FROM price_alerts a\n      INNER JOIN users u ON a.user_id = u.id\n      INNER JOIN securities s ON a.security_id = s.id\n      WHERE a.status = 'active' AND a.triggered = false\n    ","timestamp":"2025-11-12 12:55:00"}
{"environment":"development","level":"info","message":"Price alerts checked. 0 triggered out of 0","service":"aluma-banking-api","timestamp":"2025-11-12 12:55:00"}
{"checked":0,"environment":"development","level":"debug","message":"Job alerts:repeat:a2207a63e8fb94ef36a747af8faf0fb2:1762948500000 completed","service":"aluma-banking-api","success":true,"timestamp":"2025-11-12 12:55:00","triggered":0}
{"environment":"development","level":"info","message":"Cleaning up expired sessions","service":"aluma-banking-api","timestamp":"2025-11-12 13:00:00"}
{"environment":"development","level":"info","message":"Checking price alerts","service":"aluma-banking-api","timestamp":"2025-11-12 13:00:00"}
{"duration":394,"environment":"development","level":"debug","message":"Executed query","rows":0,"service":"aluma-banking-api","text":"\n      SELECT a.*, u.email, s.symbol, s.last_price\n      FROM price_alerts a\n      INNER JOIN users u ON a.user_id = u.id\n      INNER JOIN securities s ON a.security_id = s.id\n      WHERE a.status = 'active' AND a.triggered = false\n    ","timestamp":"2025-11-12 13:00:01"}
{"environment":"development","level":"info","message":"Price alerts checked. 0 triggered out of 0","service":"aluma-banking-api","timestamp":"2025-11-12 13:00:01"}
{"checked":0,"environment":"development","level":"debug","message":"Job alerts:repeat:a2207a63e8fb94ef36a747af8faf0fb2:1762948800000 completed","service":"aluma-banking-api","success":true,"timestamp":"2025-11-12 13:00:01","triggered":0}
{"duration":862,"environment":"development","level":"debug","message":"Executed query","rows":0,"service":"aluma-banking-api","text":"\n      UPDATE user_sessions\n      SET is_active = false\n      WHERE expires_at < CURRENT_TIMESTAMP AND is_active = true\n      RETURNING id\n    ","timestamp":"2025-11-12 13:00:01"}
{"environment":"development","level":"info","message":"Expired 0 sessions","service":"aluma-banking-api","timestamp":"2025-11-12 13:00:01"}
{"environment":"development","expiredCount":0,"level":"debug","message":"Job cleanup:repeat:847a19d014497606d6bdfa348b9f08a3:1762948800000 completed","service":"aluma-banking-api","success":true,"timestamp":"2025-11-12 13:00:01"}
{"environment":"development","level":"info","message":"Checking price alerts","service":"aluma-banking-api","timestamp":"2025-11-12 13:05:00"}
{"duration":11,"environment":"development","level":"debug","message":"Executed query","rows":0,"service":"aluma-banking-api","text":"\n      SELECT a.*, u.email, s.symbol, s.last_price\n      FROM price_alerts a\n      INNER JOIN users u ON a.user_id = u.id\n      INNER JOIN securities s ON a.security_id = s.id\n      WHERE a.status = 'active' AND a.triggered = false\n    ","timestamp":"2025-11-12 13:05:00"}
{"environment":"development","level":"info","message":"Price alerts checked. 0 triggered out of 0","service":"aluma-banking-api","timestamp":"2025-11-12 13:05:00"}
{"checked":0,"environment":"development","level":"debug","message":"Job alerts:repeat:a2207a63e8fb94ef36a747af8faf0fb2:1762949100000 completed","service":"aluma-banking-api","success":true,"timestamp":"2025-11-12 13:05:00","triggered":0}
{"environment":"development","level":"info","message":"Checking price alerts","service":"aluma-banking-api","timestamp":"2025-11-12 13:10:01"}
{"duration":6,"environment":"development","level":"debug","message":"Executed query","rows":0,"service":"aluma-banking-api","text":"\n      SELECT a.*, u.email, s.symbol, s.last_price\n      FROM price_alerts a\n      INNER JOIN users u ON a.user_id = u.id\n      INNER JOIN securities s ON a.security_id = s.id\n      WHERE a.status = 'active' AND a.triggered = false\n    ","timestamp":"2025-11-12 13:10:01"}
{"environment":"development","level":"info","message":"Price alerts checked. 0 triggered out of 0","service":"aluma-banking-api","timestamp":"2025-11-12 13:10:01"}
{"checked":0,"environment":"development","level":"debug","message":"Job alerts:repeat:a2207a63e8fb94ef36a747af8faf0fb2:1762949400000 completed","service":"aluma-banking-api","success":true,"timestamp":"2025-11-12 13:10:01","triggered":0}
{"environment":"development","level":"info","message":"Checking price alerts","service":"aluma-banking-api","timestamp":"2025-11-12 13:40:12"}
{"duration":2848,"environment":"development","level":"debug","message":"Executed query","rows":0,"service":"aluma-banking-api","text":"\n      SELECT a.*, u.email, s.symbol, s.last_price\n      FROM price_alerts a\n      INNER JOIN users u ON a.user_id = u.id\n      INNER JOIN securities s ON a.security_id = s.id\n      WHERE a.status = 'active' AND a.triggered = false\n    ","timestamp":"2025-11-12 13:40:25"}
{"environment":"development","level":"info","message":"Price alerts checked. 0 triggered out of 0","service":"aluma-banking-api","timestamp":"2025-11-12 13:40:27"}
{"checked":0,"environment":"development","level":"debug","message":"Job alerts:repeat:a2207a63e8fb94ef36a747af8faf0fb2:1762949700000 completed","service":"aluma-banking-api","success":true,"timestamp":"2025-11-12 13:40:30","triggered":0}
{"environment":"development","level":"info","message":"Checking price alerts","service":"aluma-banking-api","timestamp":"2025-11-12 13:45:02"}
{"duration":323,"environment":"development","level":"debug","message":"Executed query","rows":0,"service":"aluma-banking-api","text":"\n      SELECT a.*, u.email, s.symbol, s.last_price\n      FROM price_alerts a\n      INNER JOIN users u ON a.user_id = u.id\n      INNER JOIN securities s ON a.security_id = s.id\n      WHERE a.status = 'active' AND a.triggered = false\n    ","timestamp":"2025-11-12 13:45:03"}
{"environment":"development","level":"info","message":"Price alerts checked. 0 triggered out of 0","service":"aluma-banking-api","timestamp":"2025-11-12 13:45:03"}
{"checked":0,"environment":"development","level":"debug","message":"Job alerts:repeat:a2207a63e8fb94ef36a747af8faf0fb2:1762951500000 completed","service":"aluma-banking-api","success":true,"timestamp":"2025-11-12 13:45:03","triggered":0}
{"environment":"development","level":"info","message":"Checking price alerts","service":"aluma-banking-api","timestamp":"2025-11-12 13:50:02"}
{"duration":16,"environment":"development","level":"debug","message":"Executed query","rows":0,"service":"aluma-banking-api","text":"\n      SELECT a.*, u.email, s.symbol, s.last_price\n      FROM price_alerts a\n      INNER JOIN users u ON a.user_id = u.id\n      INNER JOIN securities s ON a.security_id = s.id\n      WHERE a.status = 'active' AND a.triggered = false\n    ","timestamp":"2025-11-12 13:50:02"}
{"environment":"development","level":"info","message":"Price alerts checked. 0 triggered out of 0","service":"aluma-banking-api","timestamp":"2025-11-12 13:50:03"}
{"checked":0,"environment":"development","level":"debug","message":"Job alerts:repeat:a2207a63e8fb94ef36a747af8faf0fb2:1762951800000 completed","service":"aluma-banking-api","success":true,"timestamp":"2025-11-12 13:50:03","triggered":0}
{"environment":"development","level":"info","message":"Checking price alerts","service":"aluma-banking-api","timestamp":"2025-11-12 13:55:04"}
{"duration":524,"environment":"development","level":"debug","message":"Executed query","rows":0,"service":"aluma-banking-api","text":"\n      SELECT a.*, u.email, s.symbol, s.last_price\n      FROM price_alerts a\n      INNER JOIN users u ON a.user_id = u.id\n      INNER JOIN securities s ON a.security_id = s.id\n      WHERE a.status = 'active' AND a.triggered = false\n    ","timestamp":"2025-11-12 13:55:04"}
{"environment":"development","level":"info","message":"Price alerts checked. 0 triggered out of 0","service":"aluma-banking-api","timestamp":"2025-11-12 13:55:05"}
{"checked":0,"environment":"development","level":"debug","message":"Job alerts:repeat:a2207a63e8fb94ef36a747af8faf0fb2:1762952100000 completed","service":"aluma-banking-api","success":true,"timestamp":"2025-11-12 13:55:05","triggered":0}
{"environment":"development","level":"info","message":"Cleaning up expired sessions","service":"aluma-banking-api","timestamp":"2025-11-12 14:00:29"}
{"environment":"development","level":"info","message":"Checking price alerts","service":"aluma-banking-api","timestamp":"2025-11-12 14:00:30"}
{"duration":11072,"environment":"development","level":"debug","message":"Executed query","rows":0,"service":"aluma-banking-api","text":"\n      UPDATE user_sessions\n      SET is_active = false\n      WHERE expires_at < CURRENT_TIMESTAMP AND is_active = true\n      RETURNING id\n    ","timestamp":"2025-11-12 14:00:40"}
{"environment":"development","level":"info","message":"Expired 0 sessions","service":"aluma-banking-api","timestamp":"2025-11-12 14:00:42"}
{"duration":30766,"environment":"development","level":"debug","message":"Executed query","rows":0,"service":"aluma-banking-api","text":"\n      SELECT a.*, u.email, s.symbol, s.last_price\n      FROM price_alerts a\n      INNER JOIN users u ON a.user_id = u.id\n      INNER JOIN securities s ON a.security_id = s.id\n      WHERE a.status = 'active' AND a.triggered = false\n    ","timestamp":"2025-11-12 14:01:01"}
{"environment":"development","level":"info","message":"Price alerts checked. 0 triggered out of 0","service":"aluma-banking-api","timestamp":"2025-11-12 14:01:01"}
{"environment":"development","level":"warn","message":"Job alerts:repeat:a2207a63e8fb94ef36a747af8faf0fb2:1762952400000 stalled","service":"aluma-banking-api","timestamp":"2025-11-12 14:01:07"}
{"environment":"development","level":"warn","message":"Job cleanup:repeat:847a19d014497606d6bdfa348b9f08a3:1762952400000 stalled","service":"aluma-banking-api","timestamp":"2025-11-12 14:01:09"}
{"environment":"development","level":"info","message":"Cleaning up expired sessions","service":"aluma-banking-api","timestamp":"2025-11-12 14:01:11"}
{"environment":"development","level":"info","message":"Checking price alerts","service":"aluma-banking-api","timestamp":"2025-11-12 14:01:14"}
{"duration":8864,"environment":"development","level":"debug","message":"Executed query","rows":0,"service":"aluma-banking-api","text":"\n      SELECT a.*, u.email, s.symbol, s.last_price\n      FROM price_alerts a\n      INNER JOIN users u ON a.user_id = u.id\n      INNER JOIN securities s ON a.security_id = s.id\n      WHERE a.status = 'active' AND a.triggered = false\n    ","timestamp":"2025-11-12 14:01:28"}
{"environment":"development","level":"info","message":"Price alerts checked. 0 triggered out of 0","service":"aluma-banking-api","timestamp":"2025-11-12 14:01:28"}
{"checked":0,"environment":"development","level":"debug","message":"Job alerts:repeat:a2207a63e8fb94ef36a747af8faf0fb2:1762952400000 completed","service":"aluma-banking-api","success":true,"timestamp":"2025-11-12 14:01:30","triggered":0}
{"duration":24086,"environment":"development","level":"debug","message":"Executed query","rows":0,"service":"aluma-banking-api","text":"\n      UPDATE user_sessions\n      SET is_active = false\n      WHERE expires_at < CURRENT_TIMESTAMP AND is_active = true\n      RETURNING id\n    ","timestamp":"2025-11-12 14:01:35"}
{"environment":"development","level":"info","message":"Expired 0 sessions","service":"aluma-banking-api","timestamp":"2025-11-12 14:01:35"}
{"environment":"development","expiredCount":0,"level":"debug","message":"Job cleanup:repeat:847a19d014497606d6bdfa348b9f08a3:1762952400000 completed","service":"aluma-banking-api","success":true,"timestamp":"2025-11-12 14:01:36"}
{"environment":"development","level":"info","message":"Checking price alerts","service":"aluma-banking-api","timestamp":"2025-11-12 14:05:02"}
{"duration":338,"environment":"development","level":"debug","message":"Executed query","rows":0,"service":"aluma-banking-api","text":"\n      SELECT a.*, u.email, s.symbol, s.last_price\n      FROM price_alerts a\n      INNER JOIN users u ON a.user_id = u.id\n      INNER JOIN securities s ON a.security_id = s.id\n      WHERE a.status = 'active' AND a.triggered = false\n    ","timestamp":"2025-11-12 14:05:03"}
{"environment":"development","level":"info","message":"Price alerts checked. 0 triggered out of 0","service":"aluma-banking-api","timestamp":"2025-11-12 14:05:03"}
{"checked":0,"environment":"development","level":"debug","message":"Job alerts:repeat:a2207a63e8fb94ef36a747af8faf0fb2:1762952700000 completed","service":"aluma-banking-api","success":true,"timestamp":"2025-11-12 14:05:03","triggered":0}
{"environment":"development","level":"info","message":"Checking price alerts","service":"aluma-banking-api","timestamp":"2025-11-12 14:10:00"}
{"duration":10,"environment":"development","level":"debug","message":"Executed query","rows":0,"service":"aluma-banking-api","text":"\n      SELECT a.*, u.email, s.symbol, s.last_price\n      FROM price_alerts a\n      INNER JOIN users u ON a.user_id = u.id\n      INNER JOIN securities s ON a.security_id = s.id\n      WHERE a.status = 'active' AND a.triggered = false\n    ","timestamp":"2025-11-12 14:10:01"}
{"environment":"development","level":"info","message":"Price alerts checked. 0 triggered out of 0","service":"aluma-banking-api","timestamp":"2025-11-12 14:10:01"}
{"checked":0,"environment":"development","level":"debug","message":"Job alerts:repeat:a2207a63e8fb94ef36a747af8faf0fb2:1762953000000 completed","service":"aluma-banking-api","success":true,"timestamp":"2025-11-12 14:10:01","triggered":0}
{"environment":"development","level":"info","message":"Checking price alerts","service":"aluma-banking-api","timestamp":"2025-11-12 14:15:06"}
{"duration":122,"environment":"development","level":"debug","message":"Executed query","rows":0,"service":"aluma-banking-api","text":"\n      SELECT a.*, u.email, s.symbol, s.last_price\n      FROM price_alerts a\n      INNER JOIN users u ON a.user_id = u.id\n      INNER JOIN securities s ON a.security_id = s.id\n      WHERE a.status = 'active' AND a.triggered = false\n    ","timestamp":"2025-11-12 14:15:06"}
{"environment":"development","level":"info","message":"Price alerts checked. 0 triggered out of 0","service":"aluma-banking-api","timestamp":"2025-11-12 14:15:06"}
{"checked":0,"environment":"development","level":"debug","message":"Job alerts:repeat:a2207a63e8fb94ef36a747af8faf0fb2:1762953300000 completed","service":"aluma-banking-api","success":true,"timestamp":"2025-11-12 14:15:07","triggered":0}
{"environment":"development","level":"info","message":"Checking price alerts","service":"aluma-banking-api","timestamp":"2025-11-12 14:20:01"}
{"duration":10,"environment":"development","level":"debug","message":"Executed query","rows":0,"service":"aluma-banking-api","text":"\n      SELECT a.*, u.email, s.symbol, s.last_price\n      FROM price_alerts a\n      INNER JOIN users u ON a.user_id = u.id\n      INNER JOIN securities s ON a.security_id = s.id\n      WHERE a.status = 'active' AND a.triggered = false\n    ","timestamp":"2025-11-12 14:20:01"}
{"environment":"development","level":"info","message":"Price alerts checked. 0 triggered out of 0","service":"aluma-banking-api","timestamp":"2025-11-12 14:20:01"}
{"checked":0,"environment":"development","level":"debug","message":"Job alerts:repeat:a2207a63e8fb94ef36a747af8faf0fb2:1762953600000 completed","service":"aluma-banking-api","success":true,"timestamp":"2025-11-12 14:20:02","triggered":0}
{"environment":"development","level":"info","message":"Checking price alerts","service":"aluma-banking-api","timestamp":"2025-11-12 14:25:03"}
{"duration":15,"environment":"development","level":"debug","message":"Executed query","rows":0,"service":"aluma-banking-api","text":"\n      SELECT a.*, u.email, s.symbol, s.last_price\n      FROM price_alerts a\n      INNER JOIN users u ON a.user_id = u.id\n      INNER JOIN securities s ON a.security_id = s.id\n      WHERE a.status = 'active' AND a.triggered = false\n    ","timestamp":"2025-11-12 14:25:03"}
{"environment":"development","level":"info","message":"Price alerts checked. 0 triggered out of 0","service":"aluma-banking-api","timestamp":"2025-11-12 14:25:03"}
{"checked":0,"environment":"development","level":"debug","message":"Job alerts:repeat:a2207a63e8fb94ef36a747af8faf0fb2:1762953900000 completed","service":"aluma-banking-api","success":true,"timestamp":"2025-11-12 14:25:03","triggered":0}
{"environment":"development","level":"info","message":"Checking price alerts","service":"aluma-banking-api","timestamp":"2025-11-12 14:30:01"}
{"duration":51,"environment":"development","level":"debug","message":"Executed query","rows":0,"service":"aluma-banking-api","text":"\n      SELECT a.*, u.email, s.symbol, s.last_price\n      FROM price_alerts a\n      INNER JOIN users u ON a.user_id = u.id\n      INNER JOIN securities s ON a.security_id = s.id\n      WHERE a.status = 'active' AND a.triggered = false\n    ","timestamp":"2025-11-12 14:30:02"}
{"environment":"development","level":"info","message":"Price alerts checked. 0 triggered out of 0","service":"aluma-banking-api","timestamp":"2025-11-12 14:30:02"}
{"checked":0,"environment":"development","level":"debug","message":"Job alerts:repeat:a2207a63e8fb94ef36a747af8faf0fb2:1762954200000 completed","service":"aluma-banking-api","success":true,"timestamp":"2025-11-12 14:30:02","triggered":0}
{"environment":"development","level":"info","message":"SIGINT received. Starting graceful shutdown...","service":"aluma-banking-api","timestamp":"2025-11-12 14:32:00"}
{"environment":"development","level":"info","message":"WebSocket server initialized successfully","service":"aluma-banking-api","timestamp":"2025-11-12 14:54:15"}
{"environment":"development","level":"debug","message":"New client connected to database","service":"aluma-banking-api","timestamp":"2025-11-12 14:54:38"}
{"environment":"development","level":"info","message":"Database connection established","service":"aluma-banking-api","timestamp":"2025-11-12 14:55:22"}
{"environment":"development","level":"info","message":"Initializing background jobs...","service":"aluma-banking-api","timestamp":"2025-11-12 14:55:22"}
{"environment":"development","level":"info","message":"Background jobs initialized successfully","service":"aluma-banking-api","timestamp":"2025-11-12 14:55:22"}
{"environment":"development","level":"info","message":"🚀 Server running on http://0.0.0.0:3000","service":"aluma-banking-api","timestamp":"2025-11-12 14:55:27"}
{"environment":"development","level":"info","message":"📊 Environment: development","service":"aluma-banking-api","timestamp":"2025-11-12 14:55:27"}
{"environment":"development","level":"info","message":"🔌 WebSocket server initialized","service":"aluma-banking-api","timestamp":"2025-11-12 14:55:27"}
{"environment":"development","level":"info","message":"📝 API Documentation: http://0.0.0.0:3000/api/v1","service":"aluma-banking-api","timestamp":"2025-11-12 14:55:27"}
{"environment":"development","level":"info","message":"Checking price alerts","service":"aluma-banking-api","timestamp":"2025-11-12 14:55:31"}
{"duration":33492,"environment":"development","level":"debug","message":"Executed query","rows":0,"service":"aluma-banking-api","text":"\n      SELECT a.*, u.email, s.symbol, s.last_price\n      FROM price_alerts a\n      INNER JOIN users u ON a.user_id = u.id\n      INNER JOIN securities s ON a.security_id = s.id\n      WHERE a.status = 'active' AND a.triggered = false\n    ","timestamp":"2025-11-12 14:56:05"}
{"environment":"development","level":"info","message":"Price alerts checked. 0 triggered out of 0","service":"aluma-banking-api","timestamp":"2025-11-12 14:56:05"}
{"environment":"development","level":"info","message":"Checking price alerts","service":"aluma-banking-api","timestamp":"2025-11-12 14:56:12"}
{"duration":22,"environment":"development","level":"debug","message":"Executed query","rows":0,"service":"aluma-banking-api","text":"\n      SELECT a.*, u.email, s.symbol, s.last_price\n      FROM price_alerts a\n      INNER JOIN users u ON a.user_id = u.id\n      INNER JOIN securities s ON a.security_id = s.id\n      WHERE a.status = 'active' AND a.triggered = false\n    ","timestamp":"2025-11-12 14:56:12"}
{"environment":"development","level":"info","message":"Price alerts checked. 0 triggered out of 0","service":"aluma-banking-api","timestamp":"2025-11-12 14:56:12"}
{"checked":0,"environment":"development","level":"debug","message":"Job alerts:repeat:a2207a63e8fb94ef36a747af8faf0fb2:1762955700000 completed","service":"aluma-banking-api","success":true,"timestamp":"2025-11-12 14:56:14","triggered":0}
{"environment":"development","level":"warn","message":"Job alerts:repeat:a2207a63e8fb94ef36a747af8faf0fb2:1762954500000 stalled","service":"aluma-banking-api","timestamp":"2025-11-12 14:56:28"}
{"environment":"development","level":"info","message":"Checking price alerts","service":"aluma-banking-api","timestamp":"2025-11-12 14:56:29"}
{"duration":44,"environment":"development","level":"debug","message":"Executed query","rows":0,"service":"aluma-banking-api","text":"\n      SELECT a.*, u.email, s.symbol, s.last_price\n      FROM price_alerts a\n      INNER JOIN users u ON a.user_id = u.id\n      INNER JOIN securities s ON a.security_id = s.id\n      WHERE a.status = 'active' AND a.triggered = false\n    ","timestamp":"2025-11-12 14:56:29"}
{"environment":"development","level":"info","message":"Price alerts checked. 0 triggered out of 0","service":"aluma-banking-api","timestamp":"2025-11-12 14:56:29"}
{"checked":0,"environment":"development","level":"debug","message":"Job alerts:repeat:a2207a63e8fb94ef36a747af8faf0fb2:1762954500000 completed","service":"aluma-banking-api","success":true,"timestamp":"2025-11-12 14:56:29","triggered":0}
{"environment":"development","level":"info","message":"Cleaning up expired sessions","service":"aluma-banking-api","timestamp":"2025-11-12 15:00:04"}
{"environment":"development","level":"info","message":"Checking price alerts","service":"aluma-banking-api","timestamp":"2025-11-12 15:00:04"}
{"duration":6516,"environment":"development","level":"debug","message":"Executed query","rows":0,"service":"aluma-banking-api","text":"\n      UPDATE user_sessions\n      SET is_active = false\n      WHERE expires_at < CURRENT_TIMESTAMP AND is_active = true\n      RETURNING id\n    ","timestamp":"2025-11-12 15:00:10"}
{"environment":"development","level":"info","message":"Expired 0 sessions","service":"aluma-banking-api","timestamp":"2025-11-12 15:00:10"}
{"environment":"development","expiredCount":0,"level":"debug","message":"Job cleanup:repeat:847a19d014497606d6bdfa348b9f08a3:1762956000000 completed","service":"aluma-banking-api","success":true,"timestamp":"2025-11-12 15:00:12"}
{"environment":"development","level":"debug","message":"New client connected to database","service":"aluma-banking-api","timestamp":"2025-11-12 15:00:12"}
{"duration":9582,"environment":"development","level":"debug","message":"Executed query","rows":0,"service":"aluma-banking-api","text":"\n      SELECT a.*, u.email, s.symbol, s.last_price\n      FROM price_alerts a\n      INNER JOIN users u ON a.user_id = u.id\n      INNER JOIN securities s ON a.security_id = s.id\n      WHERE a.status = 'active' AND a.triggered = false\n    ","timestamp":"2025-11-12 15:00:14"}
{"environment":"development","level":"info","message":"Price alerts checked. 0 triggered out of 0","service":"aluma-banking-api","timestamp":"2025-11-12 15:00:14"}
{"checked":0,"environment":"development","level":"debug","message":"Job alerts:repeat:a2207a63e8fb94ef36a747af8faf0fb2:1762956000000 completed","service":"aluma-banking-api","success":true,"timestamp":"2025-11-12 15:00:14","triggered":0}
{"environment":"development","level":"info","message":"Checking price alerts","service":"aluma-banking-api","timestamp":"2025-11-12 15:05:01"}
{"duration":2594,"environment":"development","level":"debug","message":"Executed query","rows":0,"service":"aluma-banking-api","text":"\n      SELECT a.*, u.email, s.symbol, s.last_price\n      FROM price_alerts a\n      INNER JOIN users u ON a.user_id = u.id\n      INNER JOIN securities s ON a.security_id = s.id\n      WHERE a.status = 'active' AND a.triggered = false\n    ","timestamp":"2025-11-12 15:05:04"}
{"environment":"development","level":"info","message":"Price alerts checked. 0 triggered out of 0","service":"aluma-banking-api","timestamp":"2025-11-12 15:05:04"}
{"checked":0,"environment":"development","level":"debug","message":"Job alerts:repeat:a2207a63e8fb94ef36a747af8faf0fb2:1762956300000 completed","service":"aluma-banking-api","success":true,"timestamp":"2025-11-12 15:05:04","triggered":0}
{"environment":"development","level":"info","message":"Checking price alerts","service":"aluma-banking-api","timestamp":"2025-11-12 15:10:00"}
{"duration":12,"environment":"development","level":"debug","message":"Executed query","rows":0,"service":"aluma-banking-api","text":"\n      SELECT a.*, u.email, s.symbol, s.last_price\n      FROM price_alerts a\n      INNER JOIN users u ON a.user_id = u.id\n      INNER JOIN securities s ON a.security_id = s.id\n      WHERE a.status = 'active' AND a.triggered = false\n    ","timestamp":"2025-11-12 15:10:00"}
{"environment":"development","level":"info","message":"Price alerts checked. 0 triggered out of 0","service":"aluma-banking-api","timestamp":"2025-11-12 15:10:00"}
{"checked":0,"environment":"development","level":"debug","message":"Job alerts:repeat:a2207a63e8fb94ef36a747af8faf0fb2:1762956600000 completed","service":"aluma-banking-api","success":true,"timestamp":"2025-11-12 15:10:00","triggered":0}
{"environment":"development","level":"info","message":"Checking price alerts","service":"aluma-banking-api","timestamp":"2025-11-12 15:15:03"}
{"duration":3487,"environment":"development","level":"debug","message":"Executed query","rows":0,"service":"aluma-banking-api","text":"\n      SELECT a.*, u.email, s.symbol, s.last_price\n      FROM price_alerts a\n      INNER JOIN users u ON a.user_id = u.id\n      INNER JOIN securities s ON a.security_id = s.id\n      WHERE a.status = 'active' AND a.triggered = false\n    ","timestamp":"2025-11-12 15:15:07"}
{"environment":"development","level":"info","message":"Price alerts checked. 0 triggered out of 0","service":"aluma-banking-api","timestamp":"2025-11-12 15:15:07"}
{"checked":0,"environment":"development","level":"debug","message":"Job alerts:repeat:a2207a63e8fb94ef36a747af8faf0fb2:1762956900000 completed","service":"aluma-banking-api","success":true,"timestamp":"2025-11-12 15:15:08","triggered":0}
{"environment":"development","level":"info","message":"Checking price alerts","service":"aluma-banking-api","timestamp":"2025-11-12 15:20:01"}
{"duration":3868,"environment":"development","level":"debug","message":"Executed query","rows":0,"service":"aluma-banking-api","text":"\n      SELECT a.*, u.email, s.symbol, s.last_price\n      FROM price_alerts a\n      INNER JOIN users u ON a.user_id = u.id\n      INNER JOIN securities s ON a.security_id = s.id\n      WHERE a.status = 'active' AND a.triggered = false\n    ","timestamp":"2025-11-12 15:20:05"}
{"environment":"development","level":"info","message":"Price alerts checked. 0 triggered out of 0","service":"aluma-banking-api","timestamp":"2025-11-12 15:20:05"}
{"checked":0,"environment":"development","level":"debug","message":"Job alerts:repeat:a2207a63e8fb94ef36a747af8faf0fb2:1762957200000 completed","service":"aluma-banking-api","success":true,"timestamp":"2025-11-12 15:20:06","triggered":0}
{"environment":"development","level":"info","message":"Checking price alerts","service":"aluma-banking-api","timestamp":"2025-11-12 15:25:01"}
{"duration":8,"environment":"development","level":"debug","message":"Executed query","rows":0,"service":"aluma-banking-api","text":"\n      SELECT a.*, u.email, s.symbol, s.last_price\n      FROM price_alerts a\n      INNER JOIN users u ON a.user_id = u.id\n      INNER JOIN securities s ON a.security_id = s.id\n      WHERE a.status = 'active' AND a.triggered = false\n    ","timestamp":"2025-11-12 15:25:02"}
{"environment":"development","level":"info","message":"Price alerts checked. 0 triggered out of 0","service":"aluma-banking-api","timestamp":"2025-11-12 15:25:02"}
{"checked":0,"environment":"development","level":"debug","message":"Job alerts:repeat:a2207a63e8fb94ef36a747af8faf0fb2:1762957500000 completed","service":"aluma-banking-api","success":true,"timestamp":"2025-11-12 15:25:02","triggered":0}
{"environment":"development","level":"info","message":"Checking price alerts","service":"aluma-banking-api","timestamp":"2025-11-12 15:30:00"}
{"duration":43,"environment":"development","level":"debug","message":"Executed query","rows":0,"service":"aluma-banking-api","text":"\n      SELECT a.*, u.email, s.symbol, s.last_price\n      FROM price_alerts a\n      INNER JOIN users u ON a.user_id = u.id\n      INNER JOIN securities s ON a.security_id = s.id\n      WHERE a.status = 'active' AND a.triggered = false\n    ","timestamp":"2025-11-12 15:30:00"}
{"environment":"development","level":"info","message":"Price alerts checked. 0 triggered out of 0","service":"aluma-banking-api","timestamp":"2025-11-12 15:30:00"}
{"checked":0,"environment":"development","level":"debug","message":"Job alerts:repeat:a2207a63e8fb94ef36a747af8faf0fb2:1762957800000 completed","service":"aluma-banking-api","success":true,"timestamp":"2025-11-12 15:30:01","triggered":0}
{"environment":"development","level":"info","message":"Checking price alerts","service":"aluma-banking-api","timestamp":"2025-11-12 15:35:06"}
{"duration":16,"environment":"development","level":"debug","message":"Executed query","rows":0,"service":"aluma-banking-api","text":"\n      SELECT a.*, u.email, s.symbol, s.last_price\n      FROM price_alerts a\n      INNER JOIN users u ON a.user_id = u.id\n      INNER JOIN securities s ON a.security_id = s.id\n      WHERE a.status = 'active' AND a.triggered = false\n    ","timestamp":"2025-11-12 15:35:07"}
{"environment":"development","level":"info","message":"Price alerts checked. 0 triggered out of 0","service":"aluma-banking-api","timestamp":"2025-11-12 15:35:07"}
{"checked":0,"environment":"development","level":"debug","message":"Job alerts:repeat:a2207a63e8fb94ef36a747af8faf0fb2:1762958100000 completed","service":"aluma-banking-api","success":true,"timestamp":"2025-11-12 15:35:08","triggered":0}
{"environment":"development","level":"info","message":"Checking price alerts","service":"aluma-banking-api","timestamp":"2025-11-12 15:40:02"}
{"duration":207,"environment":"development","level":"debug","message":"Executed query","rows":0,"service":"aluma-banking-api","text":"\n      SELECT a.*, u.email, s.symbol, s.last_price\n      FROM price_alerts a\n      INNER JOIN users u ON a.user_id = u.id\n      INNER JOIN securities s ON a.security_id = s.id\n      WHERE a.status = 'active' AND a.triggered = false\n    ","timestamp":"2025-11-12 15:40:03"}
{"environment":"development","level":"info","message":"Price alerts checked. 0 triggered out of 0","service":"aluma-banking-api","timestamp":"2025-11-12 15:40:03"}
{"checked":0,"environment":"development","level":"debug","message":"Job alerts:repeat:a2207a63e8fb94ef36a747af8faf0fb2:1762958400000 completed","service":"aluma-banking-api","success":true,"timestamp":"2025-11-12 15:40:08","triggered":0}
{"environment":"development","level":"info","message":"Checking price alerts","service":"aluma-banking-api","timestamp":"2025-11-12 15:45:01"}
{"duration":3253,"environment":"development","level":"debug","message":"Executed query","rows":0,"service":"aluma-banking-api","text":"\n      SELECT a.*, u.email, s.symbol, s.last_price\n      FROM price_alerts a\n      INNER JOIN users u ON a.user_id = u.id\n      INNER JOIN securities s ON a.security_id = s.id\n      WHERE a.status = 'active' AND a.triggered = false\n    ","timestamp":"2025-11-12 15:45:05"}
{"environment":"development","level":"info","message":"Price alerts checked. 0 triggered out of 0","service":"aluma-banking-api","timestamp":"2025-11-12 15:45:05"}
{"checked":0,"environment":"development","level":"debug","message":"Job alerts:repeat:a2207a63e8fb94ef36a747af8faf0fb2:1762958700000 completed","service":"aluma-banking-api","success":true,"timestamp":"2025-11-12 15:45:06","triggered":0}
{"environment":"development","level":"info","message":"Checking price alerts","service":"aluma-banking-api","timestamp":"2025-11-12 15:50:02"}
{"duration":9,"environment":"development","level":"debug","message":"Executed query","rows":0,"service":"aluma-banking-api","text":"\n      SELECT a.*, u.email, s.symbol, s.last_price\n      FROM price_alerts a\n      INNER JOIN users u ON a.user_id = u.id\n      INNER JOIN securities s ON a.security_id = s.id\n      WHERE a.status = 'active' AND a.triggered = false\n    ","timestamp":"2025-11-12 15:50:03"}
{"environment":"development","level":"info","message":"Price alerts checked. 0 triggered out of 0","service":"aluma-banking-api","timestamp":"2025-11-12 15:50:03"}
{"checked":0,"environment":"development","level":"debug","message":"Job alerts:repeat:a2207a63e8fb94ef36a747af8faf0fb2:1762959000000 completed","service":"aluma-banking-api","success":true,"timestamp":"2025-11-12 15:50:04","triggered":0}
{"environment":"development","level":"info","message":"Checking price alerts","service":"aluma-banking-api","timestamp":"2025-11-12 15:55:01"}
{"duration":365,"environment":"development","level":"debug","message":"Executed query","rows":0,"service":"aluma-banking-api","text":"\n      SELECT a.*, u.email, s.symbol, s.last_price\n      FROM price_alerts a\n      INNER JOIN users u ON a.user_id = u.id\n      INNER JOIN securities s ON a.security_id = s.id\n      WHERE a.status = 'active' AND a.triggered = false\n    ","timestamp":"2025-11-12 15:55:02"}
{"environment":"development","level":"info","message":"Price alerts checked. 0 triggered out of 0","service":"aluma-banking-api","timestamp":"2025-11-12 15:55:02"}
{"checked":0,"environment":"development","level":"debug","message":"Job alerts:repeat:a2207a63e8fb94ef36a747af8faf0fb2:1762959300000 completed","service":"aluma-banking-api","success":true,"timestamp":"2025-11-12 15:55:03","triggered":0}
{"environment":"development","level":"info","message":"Checking price alerts","service":"aluma-banking-api","timestamp":"2025-11-12 16:00:01"}
{"environment":"development","level":"info","message":"Cleaning up expired sessions","service":"aluma-banking-api","timestamp":"2025-11-12 16:00:01"}
{"duration":595,"environment":"development","level":"debug","message":"Executed query","rows":0,"service":"aluma-banking-api","text":"\n      SELECT a.*, u.email, s.symbol, s.last_price\n      FROM price_alerts a\n      INNER JOIN users u ON a.user_id = u.id\n      INNER JOIN securities s ON a.security_id = s.id\n      WHERE a.status = 'active' AND a.triggered = false\n    ","timestamp":"2025-11-12 16:00:02"}
{"environment":"development","level":"info","message":"Price alerts checked. 0 triggered out of 0","service":"aluma-banking-api","timestamp":"2025-11-12 16:00:02"}
{"checked":0,"environment":"development","level":"debug","message":"Job alerts:repeat:a2207a63e8fb94ef36a747af8faf0fb2:1762959600000 completed","service":"aluma-banking-api","success":true,"timestamp":"2025-11-12 16:00:02","triggered":0}
{"duration":4994,"environment":"development","level":"debug","message":"Executed query","rows":0,"service":"aluma-banking-api","text":"\n      UPDATE user_sessions\n      SET is_active = false\n      WHERE expires_at < CURRENT_TIMESTAMP AND is_active = true\n      RETURNING id\n    ","timestamp":"2025-11-12 16:00:07"}
{"environment":"development","level":"info","message":"Expired 0 sessions","service":"aluma-banking-api","timestamp":"2025-11-12 16:00:07"}
{"environment":"development","expiredCount":0,"level":"debug","message":"Job cleanup:repeat:847a19d014497606d6bdfa348b9f08a3:1762959600000 completed","service":"aluma-banking-api","success":true,"timestamp":"2025-11-12 16:00:08"}
{"environment":"development","level":"info","message":"Checking price alerts","service":"aluma-banking-api","timestamp":"2025-11-12 16:05:00"}
{"duration":2664,"environment":"development","level":"debug","message":"Executed query","rows":0,"service":"aluma-banking-api","text":"\n      SELECT a.*, u.email, s.symbol, s.last_price\n      FROM price_alerts a\n      INNER JOIN users u ON a.user_id = u.id\n      INNER JOIN securities s ON a.security_id = s.id\n      WHERE a.status = 'active' AND a.triggered = false\n    ","timestamp":"2025-11-12 16:05:02"}
{"environment":"development","level":"info","message":"Price alerts checked. 0 triggered out of 0","service":"aluma-banking-api","timestamp":"2025-11-12 16:05:02"}
{"checked":0,"environment":"development","level":"debug","message":"Job alerts:repeat:a2207a63e8fb94ef36a747af8faf0fb2:1762959900000 completed","service":"aluma-banking-api","success":true,"timestamp":"2025-11-12 16:05:03","triggered":0}
{"environment":"development","level":"info","message":"Checking price alerts","service":"aluma-banking-api","timestamp":"2025-11-12 19:10:41"}
{"environment":"development","level":"info","message":"Cleaning up expired sessions","service":"aluma-banking-api","timestamp":"2025-11-12 19:10:42"}
{"duration":1852,"environment":"development","level":"debug","message":"Executed query","rows":0,"service":"aluma-banking-api","text":"\n      SELECT a.*, u.email, s.symbol, s.last_price\n      FROM price_alerts a\n      INNER JOIN users u ON a.user_id = u.id\n      INNER JOIN securities s ON a.security_id = s.id\n      WHERE a.status = 'active' AND a.triggered = false\n    ","timestamp":"2025-11-12 19:10:43"}
{"environment":"development","level":"info","message":"Price alerts checked. 0 triggered out of 0","service":"aluma-banking-api","timestamp":"2025-11-12 19:10:43"}
{"checked":0,"environment":"development","level":"debug","message":"Job alerts:repeat:a2207a63e8fb94ef36a747af8faf0fb2:1762960200000 completed","service":"aluma-banking-api","success":true,"timestamp":"2025-11-12 19:10:47","triggered":0}
{"environment":"development","level":"warn","message":"Job cleanup:repeat:847a19d014497606d6bdfa348b9f08a3:1762963200000 stalled","service":"aluma-banking-api","timestamp":"2025-11-12 19:11:29"}
{"duration":47494,"environment":"development","level":"debug","message":"Executed query","rows":0,"service":"aluma-banking-api","text":"\n      UPDATE user_sessions\n      SET is_active = false\n      WHERE expires_at < CURRENT_TIMESTAMP AND is_active = true\n      RETURNING id\n    ","timestamp":"2025-11-12 19:11:30"}
{"environment":"development","level":"info","message":"Expired 0 sessions","service":"aluma-banking-api","timestamp":"2025-11-12 19:11:30"}
{"environment":"development","expiredCount":0,"level":"debug","message":"Job cleanup:repeat:847a19d014497606d6bdfa348b9f08a3:1762963200000 completed","service":"aluma-banking-api","success":true,"timestamp":"2025-11-12 19:11:31"}
{"environment":"development","level":"info","message":"Cleaning up expired sessions","service":"aluma-banking-api","timestamp":"2025-11-12 19:11:31"}
{"duration":5,"environment":"development","level":"debug","message":"Executed query","rows":0,"service":"aluma-banking-api","text":"\n      UPDATE user_sessions\n      SET is_active = false\n      WHERE expires_at < CURRENT_TIMESTAMP AND is_active = true\n      RETURNING id\n    ","timestamp":"2025-11-12 19:11:31"}
{"environment":"development","level":"info","message":"Expired 0 sessions","service":"aluma-banking-api","timestamp":"2025-11-12 19:11:32"}
{"environment":"development","level":"info","message":"Checking price alerts","service":"aluma-banking-api","timestamp":"2025-11-12 19:58:22"}
{"duration":4546,"environment":"development","level":"debug","message":"Executed query","rows":0,"service":"aluma-banking-api","text":"\n      SELECT a.*, u.email, s.symbol, s.last_price\n      FROM price_alerts a\n      INNER JOIN users u ON a.user_id = u.id\n      INNER JOIN securities s ON a.security_id = s.id\n      WHERE a.status = 'active' AND a.triggered = false\n    ","timestamp":"2025-11-12 19:58:26"}
{"environment":"development","level":"info","message":"Price alerts checked. 0 triggered out of 0","service":"aluma-banking-api","timestamp":"2025-11-12 19:58:27"}
{"checked":0,"environment":"development","level":"debug","message":"Job alerts:repeat:a2207a63e8fb94ef36a747af8faf0fb2:1762971300000 completed","service":"aluma-banking-api","success":true,"timestamp":"2025-11-12 19:58:28","triggered":0}
{"environment":"development","level":"info","message":"Cleaning up expired sessions","service":"aluma-banking-api","timestamp":"2025-11-12 20:00:02"}
{"environment":"development","level":"info","message":"Checking price alerts","service":"aluma-banking-api","timestamp":"2025-11-12 20:00:02"}
{"duration":303,"environment":"development","level":"debug","message":"Executed query","rows":0,"service":"aluma-banking-api","text":"\n      UPDATE user_sessions\n      SET is_active = false\n      WHERE expires_at < CURRENT_TIMESTAMP AND is_active = true\n      RETURNING id\n    ","timestamp":"2025-11-12 20:00:03"}
{"environment":"development","level":"info","message":"Expired 0 sessions","service":"aluma-banking-api","timestamp":"2025-11-12 20:00:03"}
{"duration":2090,"environment":"development","level":"debug","message":"Executed query","rows":0,"service":"aluma-banking-api","text":"\n      SELECT a.*, u.email, s.symbol, s.last_price\n      FROM price_alerts a\n      INNER JOIN users u ON a.user_id = u.id\n      INNER JOIN securities s ON a.security_id = s.id\n      WHERE a.status = 'active' AND a.triggered = false\n    ","timestamp":"2025-11-12 20:00:05"}
{"environment":"development","level":"info","message":"Price alerts checked. 0 triggered out of 0","service":"aluma-banking-api","timestamp":"2025-11-12 20:00:05"}
{"environment":"development","expiredCount":0,"level":"debug","message":"Job cleanup:repeat:847a19d014497606d6bdfa348b9f08a3:1762974000000 completed","service":"aluma-banking-api","success":true,"timestamp":"2025-11-12 20:00:05"}
{"checked":0,"environment":"development","level":"debug","message":"Job alerts:repeat:a2207a63e8fb94ef36a747af8faf0fb2:1762974000000 completed","service":"aluma-banking-api","success":true,"timestamp":"2025-11-12 20:00:05","triggered":0}
{"environment":"development","level":"info","message":"Checking price alerts","service":"aluma-banking-api","timestamp":"2025-11-12 20:05:09"}
{"duration":183,"environment":"development","level":"debug","message":"Executed query","rows":0,"service":"aluma-banking-api","text":"\n      SELECT a.*, u.email, s.symbol, s.last_price\n      FROM price_alerts a\n      INNER JOIN users u ON a.user_id = u.id\n      INNER JOIN securities s ON a.security_id = s.id\n      WHERE a.status = 'active' AND a.triggered = false\n    ","timestamp":"2025-11-12 20:05:09"}
{"environment":"development","level":"info","message":"Price alerts checked. 0 triggered out of 0","service":"aluma-banking-api","timestamp":"2025-11-12 20:05:09"}
{"checked":0,"environment":"development","level":"debug","message":"Job alerts:repeat:a2207a63e8fb94ef36a747af8faf0fb2:1762974300000 completed","service":"aluma-banking-api","success":true,"timestamp":"2025-11-12 20:05:09","triggered":0}
{"environment":"development","level":"info","message":"Checking price alerts","service":"aluma-banking-api","timestamp":"2025-11-12 20:10:00"}
{"duration":9,"environment":"development","level":"debug","message":"Executed query","rows":0,"service":"aluma-banking-api","text":"\n      SELECT a.*, u.email, s.symbol, s.last_price\n      FROM price_alerts a\n      INNER JOIN users u ON a.user_id = u.id\n      INNER JOIN securities s ON a.security_id = s.id\n      WHERE a.status = 'active' AND a.triggered = false\n    ","timestamp":"2025-11-12 20:10:01"}
{"environment":"development","level":"info","message":"Price alerts checked. 0 triggered out of 0","service":"aluma-banking-api","timestamp":"2025-11-12 20:10:01"}
{"checked":0,"environment":"development","level":"debug","message":"Job alerts:repeat:a2207a63e8fb94ef36a747af8faf0fb2:1762974600000 completed","service":"aluma-banking-api","success":true,"timestamp":"2025-11-12 20:10:01","triggered":0}
{"environment":"development","level":"info","message":"Cleaning up expired sessions","service":"aluma-banking-api","timestamp":"2025-11-12 21:03:49"}
{"environment":"development","level":"info","message":"Checking price alerts","service":"aluma-banking-api","timestamp":"2025-11-12 21:04:05"}
{"duration":16038,"environment":"development","level":"debug","message":"Executed query","rows":0,"service":"aluma-banking-api","text":"\n      UPDATE user_sessions\n      SET is_active = false\n      WHERE expires_at < CURRENT_TIMESTAMP AND is_active = true\n      RETURNING id\n    ","timestamp":"2025-11-12 21:04:08"}
{"environment":"development","level":"info","message":"Expired 0 sessions","service":"aluma-banking-api","timestamp":"2025-11-12 21:04:08"}
{"duration":9951,"environment":"development","level":"debug","message":"Executed query","rows":0,"service":"aluma-banking-api","text":"\n      SELECT a.*, u.email, s.symbol, s.last_price\n      FROM price_alerts a\n      INNER JOIN users u ON a.user_id = u.id\n      INNER JOIN securities s ON a.security_id = s.id\n      WHERE a.status = 'active' AND a.triggered = false\n    ","timestamp":"2025-11-12 21:04:15"}
{"environment":"development","level":"info","message":"Price alerts checked. 0 triggered out of 0","service":"aluma-banking-api","timestamp":"2025-11-12 21:04:15"}
{"environment":"development","level":"warn","message":"Job cleanup:repeat:847a19d014497606d6bdfa348b9f08a3:1762977600000 stalled","service":"aluma-banking-api","timestamp":"2025-11-12 21:04:54"}
{"environment":"development","level":"warn","message":"Job alerts:repeat:a2207a63e8fb94ef36a747af8faf0fb2:1762974900000 stalled","service":"aluma-banking-api","timestamp":"2025-11-12 21:04:54"}
{"environment":"development","level":"info","message":"Cleaning up expired sessions","service":"aluma-banking-api","timestamp":"2025-11-12 21:04:55"}
{"environment":"development","level":"info","message":"Checking price alerts","service":"aluma-banking-api","timestamp":"2025-11-12 21:04:56"}
{"duration":15,"environment":"development","level":"debug","message":"Executed query","rows":0,"service":"aluma-banking-api","text":"\n      SELECT a.*, u.email, s.symbol, s.last_price\n      FROM price_alerts a\n      INNER JOIN users u ON a.user_id = u.id\n      INNER JOIN securities s ON a.security_id = s.id\n      WHERE a.status = 'active' AND a.triggered = false\n    ","timestamp":"2025-11-12 21:04:56"}
{"environment":"development","level":"info","message":"Price alerts checked. 0 triggered out of 0","service":"aluma-banking-api","timestamp":"2025-11-12 21:04:57"}
{"duration":1667,"environment":"development","level":"debug","message":"Executed query","rows":0,"service":"aluma-banking-api","text":"\n      UPDATE user_sessions\n      SET is_active = false\n      WHERE expires_at < CURRENT_TIMESTAMP AND is_active = true\n      RETURNING id\n    ","timestamp":"2025-11-12 21:04:58"}
{"environment":"development","level":"info","message":"Expired 0 sessions","service":"aluma-banking-api","timestamp":"2025-11-12 21:04:59"}
{"checked":0,"environment":"development","level":"debug","message":"Job alerts:repeat:a2207a63e8fb94ef36a747af8faf0fb2:1762974900000 completed","service":"aluma-banking-api","success":true,"timestamp":"2025-11-12 21:04:59","triggered":0}
{"environment":"development","expiredCount":0,"level":"debug","message":"Job cleanup:repeat:847a19d014497606d6bdfa348b9f08a3:1762977600000 completed","service":"aluma-banking-api","success":true,"timestamp":"2025-11-12 21:04:59"}
{"environment":"development","level":"info","message":"Checking price alerts","service":"aluma-banking-api","timestamp":"2025-11-12 21:05:01"}
{"duration":8,"environment":"development","level":"debug","message":"Executed query","rows":0,"service":"aluma-banking-api","text":"\n      SELECT a.*, u.email, s.symbol, s.last_price\n      FROM price_alerts a\n      INNER JOIN users u ON a.user_id = u.id\n      INNER JOIN securities s ON a.security_id = s.id\n      WHERE a.status = 'active' AND a.triggered = false\n    ","timestamp":"2025-11-12 21:05:01"}
{"environment":"development","level":"info","message":"Price alerts checked. 0 triggered out of 0","service":"aluma-banking-api","timestamp":"2025-11-12 21:05:01"}
{"checked":0,"environment":"development","level":"debug","message":"Job alerts:repeat:a2207a63e8fb94ef36a747af8faf0fb2:1762977900000 completed","service":"aluma-banking-api","success":true,"timestamp":"2025-11-12 21:05:02","triggered":0}
{"environment":"development","level":"info","message":"Checking price alerts","service":"aluma-banking-api","timestamp":"2025-11-12 21:10:08"}
{"duration":11531,"environment":"development","level":"debug","message":"Executed query","rows":0,"service":"aluma-banking-api","text":"\n      SELECT a.*, u.email, s.symbol, s.last_price\n      FROM price_alerts a\n      INNER JOIN users u ON a.user_id = u.id\n      INNER JOIN securities s ON a.security_id = s.id\n      WHERE a.status = 'active' AND a.triggered = false\n    ","timestamp":"2025-11-12 21:10:20"}
{"environment":"development","level":"info","message":"Price alerts checked. 0 triggered out of 0","service":"aluma-banking-api","timestamp":"2025-11-12 21:10:20"}
{"checked":0,"environment":"development","level":"debug","message":"Job alerts:repeat:a2207a63e8fb94ef36a747af8faf0fb2:1762978200000 completed","service":"aluma-banking-api","success":true,"timestamp":"2025-11-12 21:10:25","triggered":0}
{"environment":"development","level":"info","message":"WebSocket server initialized successfully","service":"aluma-banking-api","timestamp":"2025-11-12 22:31:37"}
{"environment":"development","level":"debug","message":"New client connected to database","service":"aluma-banking-api","timestamp":"2025-11-12 22:31:45"}
{"environment":"development","level":"info","message":"Database connection established","service":"aluma-banking-api","timestamp":"2025-11-12 22:31:46"}
{"environment":"development","level":"info","message":"Initializing background jobs...","service":"aluma-banking-api","timestamp":"2025-11-12 22:31:46"}
{"environment":"development","level":"info","message":"Background jobs initialized successfully","service":"aluma-banking-api","timestamp":"2025-11-12 22:31:46"}
{"environment":"development","level":"info","message":"🚀 Server running on http://0.0.0.0:3000","service":"aluma-banking-api","timestamp":"2025-11-12 22:31:48"}
{"environment":"development","level":"info","message":"📊 Environment: development","service":"aluma-banking-api","timestamp":"2025-11-12 22:31:48"}
{"environment":"development","level":"info","message":"🔌 WebSocket server initialized","service":"aluma-banking-api","timestamp":"2025-11-12 22:31:48"}
{"environment":"development","level":"info","message":"📝 API Documentation: http://0.0.0.0:3000/api/v1","service":"aluma-banking-api","timestamp":"2025-11-12 22:31:48"}
{"0":"r","1":"e","2":"a","3":"s","4":"o","5":"n","6":":","environment":"development","level":"error","message":"Unhandled Rejection at:","service":"aluma-banking-api","timestamp":"2025-11-12 22:35:34"}
{"environment":"development","level":"info","message":"WebSocket server initialized successfully","service":"aluma-banking-api","timestamp":"2025-11-12 23:15:53"}
{"environment":"development","level":"debug","message":"New client connected to database","service":"aluma-banking-api","timestamp":"2025-11-12 23:15:58"}
{"environment":"development","level":"info","message":"Database connection established","service":"aluma-banking-api","timestamp":"2025-11-12 23:15:59"}
{"environment":"development","level":"info","message":"Initializing background jobs...","service":"aluma-banking-api","timestamp":"2025-11-12 23:15:59"}
{"environment":"development","level":"info","message":"Background jobs initialized successfully","service":"aluma-banking-api","timestamp":"2025-11-12 23:15:59"}
{"environment":"development","level":"info","message":"🚀 Server running on http://0.0.0.0:3000","service":"aluma-banking-api","timestamp":"2025-11-12 23:16:02"}
{"environment":"development","level":"info","message":"📊 Environment: development","service":"aluma-banking-api","timestamp":"2025-11-12 23:16:02"}
{"environment":"development","level":"info","message":"🔌 WebSocket server initialized","service":"aluma-banking-api","timestamp":"2025-11-12 23:16:02"}
{"environment":"development","level":"info","message":"📝 API Documentation: http://0.0.0.0:3000/api/v1","service":"aluma-banking-api","timestamp":"2025-11-12 23:16:02"}
{"environment":"development","level":"debug","message":"New client connected to database","service":"aluma-banking-api","timestamp":"2025-11-12 23:18:16"}
{"environment":"development","error":"relation \"users\" does not exist","level":"error","message":"Query error","service":"aluma-banking-api","text":"SELECT COUNT(*) FROM users WHERE email = $1 AND deleted_at IS NULL","timestamp":"2025-11-12 23:18:17"}
{"environment":"development","ip":"127.0.0.1","level":"error","message":"relation \"users\" does not exist","method":"POST","service":"aluma-banking-api","stack":"error: relation \"users\" does not exist\n    at C:\\website work\\Aluma\\winnerscoins.com\\aluma-broker-backend\\node_modules\\pg-pool\\index.js:45:11\n    at process.processTicksAndRejections (node:internal/process/task_queues:105:5)\n    at async query (C:\\website work\\Aluma\\winnerscoins.com\\aluma-broker-backend\\config\\database.js:45:17)\n    at async User.emailExists (C:\\website work\\Aluma\\winnerscoins.com\\aluma-broker-backend\\models\\User.js:207:20)\n    at async C:\\website work\\Aluma\\winnerscoins.com\\aluma-broker-backend\\controllers\\auth.controller.js:18:7","timestamp":"2025-11-12 23:18:17","url":"/api/v1/auth/register"}
{"0":"r","1":"e","2":"a","3":"s","4":"o","5":"n","6":":","environment":"development","level":"error","message":"Unhandled Rejection at:","service":"aluma-banking-api","timestamp":"2025-11-12 23:19:51"}
